REPO_ROOT=/workspaces/lab-1-structural-verilog-isabellaPhung SIM=verilator pytest -rA
============================= test session starts ==============================
platform linux -- Python 3.10.12, pytest-8.3.3, pluggy-1.5.0
rootdir: /workspaces/lab-1-structural-verilog-isabellaPhung/part3/counter
plugins: utils-0.0.0, timeout-2.3.1, cocotb-test-0.2.5
collected 42 items

test_counter.py ........................................F.               [100%]

=================================== FAILURES ===================================
_____________________________ test_lint[width_p=5] _____________________________

width_p = 5

    @pytest.mark.skipif(not os.getenv('SIM').lower().startswith("verilator"), reason="Requires Verilator")
    @pytest.mark.parametrize("width_p", [5])
    @max_score(1)
    def test_lint(width_p):
        # This line must be first
        parameters = dict(locals())
>       _lint(["--lint-only"], parameters)

test_counter.py:121: 
_ _ _ _ _ _ _ _ _ _ _ _ _ _ _ _ _ _ _ _ _ _ _ _ _ _ _ _ _ _ _ _ _ _ _ _ _ _ _ _ 

ca = ['--lint-only'], ps = {'width_p': 5}, ds = []

    def _lint(ca, ps, ds=[]):
    
        # Create the expected makefile so cocotb-test won't complain.
        sim_build = "lint"
        if(not os.path.exists("lint")):
           os.mkdir("lint")
    
        with open("lint/Vtop.mk", 'w') as fd:
            fd.write("all:")
    
        make_args = ["-n"]
        compile_args = ca
    
>       run(verilog_sources=get_sources(_REPO_ROOT, _DIR_PATH), toplevel=get_top(_DIR_PATH), module=_MODULE, compile_args=compile_args, sim_build=sim_build, timescale=timescale,
            parameters=ps, defines=ds, make_args=make_args, compile_only=True)
E       SystemExit: Process perl terminated with error 1

test_counter.py:87: SystemExit
------------------------------ Captured log call -------------------------------
INFO     cocotb:simulator.py:334 Running command: perl /usr/local/bin/verilator -cc --exe -Mdir /workspaces/lab-1-structural-verilog-isabellaPhung/part3/counter/lint -DCOCOTB_SIM=1 --top-module counter --vpi --public-flat-rw --prefix Vtop -o counter -LDFLAGS -Wl,-rpath,/usr/local/lib/python3.10/dist-packages/cocotb/libs -L/usr/local/lib/python3.10/dist-packages/cocotb/libs -lcocotbvpi_verilator --lint-only --timescale 1ps/1ps -Gwidth_p=5 /usr/local/lib/python3.10/dist-packages/cocotb/share/lib/verilator/verilator.cpp /workspaces/lab-1-structural-verilog-isabellaPhung/part3/counter/counter.sv /workspaces/lab-1-structural-verilog-isabellaPhung/part2/mux2/mux2.sv /workspaces/lab-1-structural-verilog-isabellaPhung/part3/counter/mux.sv /workspaces/lab-1-structural-verilog-isabellaPhung/part2/adder/adder.sv /workspaces/lab-1-structural-verilog-isabellaPhung/part2/full_add/full_add.sv /workspaces/lab-1-structural-verilog-isabellaPhung/part2/half_add/half_add.sv /workspaces/lab-1-structural-verilog-isabellaPhung/part2/xor2/xor2.sv /workspaces/lab-1-structural-verilog-isabellaPhung/provided/and2.sv /workspaces/lab-1-structural-verilog-isabellaPhung/provided/or2.sv /workspaces/lab-1-structural-verilog-isabellaPhung/provided/inv.sv /workspaces/lab-1-structural-verilog-isabellaPhung/provided/dff.sv /workspaces/lab-1-structural-verilog-isabellaPhung/provided/hex2ssd.sv
ERROR    cocotb:simulator.py:305 %Warning-WIDTHEXPAND: /workspaces/lab-1-structural-verilog-isabellaPhung/part3/counter/counter.sv:48:7: Output port connection 'sum_o' expects 6 bits on the pin connection, but pin connection's VARREF 'inArray' generates 5 bits.
ERROR    cocotb:simulator.py:305                                                                                                       : ... note: In instance 'counter'
ERROR    cocotb:simulator.py:305    48 |     ,.sum_o(inArray)
ERROR    cocotb:simulator.py:305       |       ^~~~~
ERROR    cocotb:simulator.py:305                       ... For warning description see https://verilator.org/warn/WIDTHEXPAND?v=5.020
ERROR    cocotb:simulator.py:305                       ... Use "/* verilator lint_off WIDTHEXPAND */" and lint_on around source to disable this message.
ERROR    cocotb:simulator.py:305 %Error: Exiting due to 1 warning(s)
==================================== PASSES ====================================
_______________ test_each_runner[test_name=reset_test-width_p=2] _______________
------------------------------ Captured log call -------------------------------
INFO     cocotb:simulator.py:334 Running command: perl /usr/local/bin/verilator -cc --exe -Mdir /workspaces/lab-1-structural-verilog-isabellaPhung/part3/counter/build/width_p=2 -DCOCOTB_SIM=1 --top-module counter --vpi --public-flat-rw --prefix Vtop -o counter -LDFLAGS -Wl,-rpath,/usr/local/lib/python3.10/dist-packages/cocotb/libs -L/usr/local/lib/python3.10/dist-packages/cocotb/libs -lcocotbvpi_verilator -Wno-fatal --trace-fst --trace-structs --timescale 1ps/1ps -Gwidth_p=2 /usr/local/lib/python3.10/dist-packages/cocotb/share/lib/verilator/verilator.cpp /workspaces/lab-1-structural-verilog-isabellaPhung/part3/counter/counter.sv /workspaces/lab-1-structural-verilog-isabellaPhung/part2/mux2/mux2.sv /workspaces/lab-1-structural-verilog-isabellaPhung/part3/counter/mux.sv /workspaces/lab-1-structural-verilog-isabellaPhung/part2/adder/adder.sv /workspaces/lab-1-structural-verilog-isabellaPhung/part2/full_add/full_add.sv /workspaces/lab-1-structural-verilog-isabellaPhung/part2/half_add/half_add.sv /workspaces/lab-1-structural-verilog-isabellaPhung/part2/xor2/xor2.sv /workspaces/lab-1-structural-verilog-isabellaPhung/provided/and2.sv /workspaces/lab-1-structural-verilog-isabellaPhung/provided/or2.sv /workspaces/lab-1-structural-verilog-isabellaPhung/provided/inv.sv /workspaces/lab-1-structural-verilog-isabellaPhung/provided/dff.sv /workspaces/lab-1-structural-verilog-isabellaPhung/provided/hex2ssd.sv
INFO     cocotb:simulator.py:334 Running command: make -C /workspaces/lab-1-structural-verilog-isabellaPhung/part3/counter/build/width_p=2 -f Vtop.mk
INFO     cocotb:simulator.py:305 make[1]: Entering directory '/workspaces/lab-1-structural-verilog-isabellaPhung/part3/counter/build/width_p=2'
INFO     cocotb:simulator.py:305 make[1]: Nothing to be done for 'default'.
INFO     cocotb:simulator.py:305 make[1]: Leaving directory '/workspaces/lab-1-structural-verilog-isabellaPhung/part3/counter/build/width_p=2'
INFO     cocotb:simulator.py:334 Running command: /workspaces/lab-1-structural-verilog-isabellaPhung/part3/counter/build/width_p=2/counter
INFO     cocotb:simulator.py:305      -.--ns INFO     gpi                                ..mbed/gpi_embed.cpp:79   in set_program_name_in_venv        Did not detect Python virtual environment. Using system-wide Python interpreter
INFO     cocotb:simulator.py:305      -.--ns INFO     gpi                                ../gpi/GpiCommon.cpp:101  in gpi_print_registered_impl       VPI registered
INFO     cocotb:simulator.py:305      0.00ns INFO     cocotb                             Running on Verilator version 5.020 2024-01-01
INFO     cocotb:simulator.py:305      0.00ns INFO     cocotb                             Running tests with cocotb v1.9.1 from /usr/local/lib/python3.10/dist-packages/cocotb
INFO     cocotb:simulator.py:305      0.00ns INFO     cocotb                             Seeding Python random module with 1727901255
INFO     cocotb:simulator.py:305      0.00ns INFO     cocotb.regression                  Found test test_counter.reset_test
INFO     cocotb:simulator.py:305      0.00ns INFO     cocotb.regression                  running reset_test (1/1)
INFO     cocotb:simulator.py:305                                                           Test for Initialization
INFO     cocotb:simulator.py:305     22.50ns INFO     cocotb.regression                  reset_test passed
INFO     cocotb:simulator.py:305     22.50ns INFO     cocotb.regression                  **************************************************************************************
INFO     cocotb:simulator.py:305                                                         ** TEST                          STATUS  SIM TIME (ns)  REAL TIME (s)  RATIO (ns/s) **
INFO     cocotb:simulator.py:305                                                         **************************************************************************************
INFO     cocotb:simulator.py:305                                                         ** test_counter.reset_test        PASS          22.50           0.00      10185.20  **
INFO     cocotb:simulator.py:305                                                         **************************************************************************************
INFO     cocotb:simulator.py:305                                                         ** TESTS=1 PASS=1 FAIL=0 SKIP=0                 22.50           0.12        192.69  **
INFO     cocotb:simulator.py:305                                                         **************************************************************************************
INFO     cocotb:simulator.py:305 
INFO     cocotb:simulator.py:305 - :0: Verilog $finish
INFO     cocotb:simulator.py:262 Results file: /workspaces/lab-1-structural-verilog-isabellaPhung/part3/counter/build/width_p=2/321qbv03_results.xml
_______________ test_each_runner[test_name=reset_test-width_p=7] _______________
------------------------------ Captured log call -------------------------------
INFO     cocotb:simulator.py:334 Running command: perl /usr/local/bin/verilator -cc --exe -Mdir /workspaces/lab-1-structural-verilog-isabellaPhung/part3/counter/build/width_p=7 -DCOCOTB_SIM=1 --top-module counter --vpi --public-flat-rw --prefix Vtop -o counter -LDFLAGS -Wl,-rpath,/usr/local/lib/python3.10/dist-packages/cocotb/libs -L/usr/local/lib/python3.10/dist-packages/cocotb/libs -lcocotbvpi_verilator -Wno-fatal --trace-fst --trace-structs --timescale 1ps/1ps -Gwidth_p=7 /usr/local/lib/python3.10/dist-packages/cocotb/share/lib/verilator/verilator.cpp /workspaces/lab-1-structural-verilog-isabellaPhung/part3/counter/counter.sv /workspaces/lab-1-structural-verilog-isabellaPhung/part2/mux2/mux2.sv /workspaces/lab-1-structural-verilog-isabellaPhung/part3/counter/mux.sv /workspaces/lab-1-structural-verilog-isabellaPhung/part2/adder/adder.sv /workspaces/lab-1-structural-verilog-isabellaPhung/part2/full_add/full_add.sv /workspaces/lab-1-structural-verilog-isabellaPhung/part2/half_add/half_add.sv /workspaces/lab-1-structural-verilog-isabellaPhung/part2/xor2/xor2.sv /workspaces/lab-1-structural-verilog-isabellaPhung/provided/and2.sv /workspaces/lab-1-structural-verilog-isabellaPhung/provided/or2.sv /workspaces/lab-1-structural-verilog-isabellaPhung/provided/inv.sv /workspaces/lab-1-structural-verilog-isabellaPhung/provided/dff.sv /workspaces/lab-1-structural-verilog-isabellaPhung/provided/hex2ssd.sv
INFO     cocotb:simulator.py:334 Running command: make -C /workspaces/lab-1-structural-verilog-isabellaPhung/part3/counter/build/width_p=7 -f Vtop.mk
INFO     cocotb:simulator.py:305 make[1]: Entering directory '/workspaces/lab-1-structural-verilog-isabellaPhung/part3/counter/build/width_p=7'
INFO     cocotb:simulator.py:305 make[1]: Nothing to be done for 'default'.
INFO     cocotb:simulator.py:305 make[1]: Leaving directory '/workspaces/lab-1-structural-verilog-isabellaPhung/part3/counter/build/width_p=7'
INFO     cocotb:simulator.py:334 Running command: /workspaces/lab-1-structural-verilog-isabellaPhung/part3/counter/build/width_p=7/counter
INFO     cocotb:simulator.py:305      -.--ns INFO     gpi                                ..mbed/gpi_embed.cpp:79   in set_program_name_in_venv        Did not detect Python virtual environment. Using system-wide Python interpreter
INFO     cocotb:simulator.py:305      -.--ns INFO     gpi                                ../gpi/GpiCommon.cpp:101  in gpi_print_registered_impl       VPI registered
INFO     cocotb:simulator.py:305      0.00ns INFO     cocotb                             Running on Verilator version 5.020 2024-01-01
INFO     cocotb:simulator.py:305      0.00ns INFO     cocotb                             Running tests with cocotb v1.9.1 from /usr/local/lib/python3.10/dist-packages/cocotb
INFO     cocotb:simulator.py:305      0.00ns INFO     cocotb                             Seeding Python random module with 1727901255
INFO     cocotb:simulator.py:305      0.00ns INFO     cocotb.regression                  Found test test_counter.reset_test
INFO     cocotb:simulator.py:305      0.00ns INFO     cocotb.regression                  running reset_test (1/1)
INFO     cocotb:simulator.py:305                                                           Test for Initialization
INFO     cocotb:simulator.py:305     22.50ns INFO     cocotb.regression                  reset_test passed
INFO     cocotb:simulator.py:305     22.50ns INFO     cocotb.regression                  **************************************************************************************
INFO     cocotb:simulator.py:305                                                         ** TEST                          STATUS  SIM TIME (ns)  REAL TIME (s)  RATIO (ns/s) **
INFO     cocotb:simulator.py:305                                                         **************************************************************************************
INFO     cocotb:simulator.py:305                                                         ** test_counter.reset_test        PASS          22.50           0.00       6628.00  **
INFO     cocotb:simulator.py:305                                                         **************************************************************************************
INFO     cocotb:simulator.py:305                                                         ** TESTS=1 PASS=1 FAIL=0 SKIP=0                 22.50           0.12        187.35  **
INFO     cocotb:simulator.py:305                                                         **************************************************************************************
INFO     cocotb:simulator.py:305 
INFO     cocotb:simulator.py:305 - :0: Verilog $finish
INFO     cocotb:simulator.py:262 Results file: /workspaces/lab-1-structural-verilog-isabellaPhung/part3/counter/build/width_p=7/j6mf3lor_results.xml
_______________ test_each_runner[test_name=reset_test-width_p=5] _______________
------------------------------ Captured log call -------------------------------
INFO     cocotb:simulator.py:334 Running command: perl /usr/local/bin/verilator -cc --exe -Mdir /workspaces/lab-1-structural-verilog-isabellaPhung/part3/counter/build/width_p=5 -DCOCOTB_SIM=1 --top-module counter --vpi --public-flat-rw --prefix Vtop -o counter -LDFLAGS -Wl,-rpath,/usr/local/lib/python3.10/dist-packages/cocotb/libs -L/usr/local/lib/python3.10/dist-packages/cocotb/libs -lcocotbvpi_verilator -Wno-fatal --trace-fst --trace-structs --timescale 1ps/1ps -Gwidth_p=5 /usr/local/lib/python3.10/dist-packages/cocotb/share/lib/verilator/verilator.cpp /workspaces/lab-1-structural-verilog-isabellaPhung/part3/counter/counter.sv /workspaces/lab-1-structural-verilog-isabellaPhung/part2/mux2/mux2.sv /workspaces/lab-1-structural-verilog-isabellaPhung/part3/counter/mux.sv /workspaces/lab-1-structural-verilog-isabellaPhung/part2/adder/adder.sv /workspaces/lab-1-structural-verilog-isabellaPhung/part2/full_add/full_add.sv /workspaces/lab-1-structural-verilog-isabellaPhung/part2/half_add/half_add.sv /workspaces/lab-1-structural-verilog-isabellaPhung/part2/xor2/xor2.sv /workspaces/lab-1-structural-verilog-isabellaPhung/provided/and2.sv /workspaces/lab-1-structural-verilog-isabellaPhung/provided/or2.sv /workspaces/lab-1-structural-verilog-isabellaPhung/provided/inv.sv /workspaces/lab-1-structural-verilog-isabellaPhung/provided/dff.sv /workspaces/lab-1-structural-verilog-isabellaPhung/provided/hex2ssd.sv
INFO     cocotb:simulator.py:334 Running command: make -C /workspaces/lab-1-structural-verilog-isabellaPhung/part3/counter/build/width_p=5 -f Vtop.mk
INFO     cocotb:simulator.py:305 make[1]: Entering directory '/workspaces/lab-1-structural-verilog-isabellaPhung/part3/counter/build/width_p=5'
INFO     cocotb:simulator.py:305 make[1]: Nothing to be done for 'default'.
INFO     cocotb:simulator.py:305 make[1]: Leaving directory '/workspaces/lab-1-structural-verilog-isabellaPhung/part3/counter/build/width_p=5'
INFO     cocotb:simulator.py:334 Running command: /workspaces/lab-1-structural-verilog-isabellaPhung/part3/counter/build/width_p=5/counter
INFO     cocotb:simulator.py:305      -.--ns INFO     gpi                                ..mbed/gpi_embed.cpp:79   in set_program_name_in_venv        Did not detect Python virtual environment. Using system-wide Python interpreter
INFO     cocotb:simulator.py:305      -.--ns INFO     gpi                                ../gpi/GpiCommon.cpp:101  in gpi_print_registered_impl       VPI registered
INFO     cocotb:simulator.py:305      0.00ns INFO     cocotb                             Running on Verilator version 5.020 2024-01-01
INFO     cocotb:simulator.py:305      0.00ns INFO     cocotb                             Running tests with cocotb v1.9.1 from /usr/local/lib/python3.10/dist-packages/cocotb
INFO     cocotb:simulator.py:305      0.00ns INFO     cocotb                             Seeding Python random module with 1727901256
INFO     cocotb:simulator.py:305      0.00ns INFO     cocotb.regression                  Found test test_counter.reset_test
INFO     cocotb:simulator.py:305      0.00ns INFO     cocotb.regression                  running reset_test (1/1)
INFO     cocotb:simulator.py:305                                                           Test for Initialization
INFO     cocotb:simulator.py:305     22.50ns INFO     cocotb.regression                  reset_test passed
INFO     cocotb:simulator.py:305     22.50ns INFO     cocotb.regression                  **************************************************************************************
INFO     cocotb:simulator.py:305                                                         ** TEST                          STATUS  SIM TIME (ns)  REAL TIME (s)  RATIO (ns/s) **
INFO     cocotb:simulator.py:305                                                         **************************************************************************************
INFO     cocotb:simulator.py:305                                                         ** test_counter.reset_test        PASS          22.50           0.00       9689.53  **
INFO     cocotb:simulator.py:305                                                         **************************************************************************************
INFO     cocotb:simulator.py:305                                                         ** TESTS=1 PASS=1 FAIL=0 SKIP=0                 22.50           0.14        161.21  **
INFO     cocotb:simulator.py:305                                                         **************************************************************************************
INFO     cocotb:simulator.py:305 
INFO     cocotb:simulator.py:305 - :0: Verilog $finish
INFO     cocotb:simulator.py:262 Results file: /workspaces/lab-1-structural-verilog-isabellaPhung/part3/counter/build/width_p=5/w0p1utrh_results.xml
_______________ test_each_runner[test_name=reset_test-width_p=4] _______________
------------------------------ Captured log call -------------------------------
INFO     cocotb:simulator.py:334 Running command: perl /usr/local/bin/verilator -cc --exe -Mdir /workspaces/lab-1-structural-verilog-isabellaPhung/part3/counter/build/width_p=4 -DCOCOTB_SIM=1 --top-module counter --vpi --public-flat-rw --prefix Vtop -o counter -LDFLAGS -Wl,-rpath,/usr/local/lib/python3.10/dist-packages/cocotb/libs -L/usr/local/lib/python3.10/dist-packages/cocotb/libs -lcocotbvpi_verilator -Wno-fatal --trace-fst --trace-structs --timescale 1ps/1ps -Gwidth_p=4 /usr/local/lib/python3.10/dist-packages/cocotb/share/lib/verilator/verilator.cpp /workspaces/lab-1-structural-verilog-isabellaPhung/part3/counter/counter.sv /workspaces/lab-1-structural-verilog-isabellaPhung/part2/mux2/mux2.sv /workspaces/lab-1-structural-verilog-isabellaPhung/part3/counter/mux.sv /workspaces/lab-1-structural-verilog-isabellaPhung/part2/adder/adder.sv /workspaces/lab-1-structural-verilog-isabellaPhung/part2/full_add/full_add.sv /workspaces/lab-1-structural-verilog-isabellaPhung/part2/half_add/half_add.sv /workspaces/lab-1-structural-verilog-isabellaPhung/part2/xor2/xor2.sv /workspaces/lab-1-structural-verilog-isabellaPhung/provided/and2.sv /workspaces/lab-1-structural-verilog-isabellaPhung/provided/or2.sv /workspaces/lab-1-structural-verilog-isabellaPhung/provided/inv.sv /workspaces/lab-1-structural-verilog-isabellaPhung/provided/dff.sv /workspaces/lab-1-structural-verilog-isabellaPhung/provided/hex2ssd.sv
INFO     cocotb:simulator.py:334 Running command: make -C /workspaces/lab-1-structural-verilog-isabellaPhung/part3/counter/build/width_p=4 -f Vtop.mk
INFO     cocotb:simulator.py:305 make[1]: Entering directory '/workspaces/lab-1-structural-verilog-isabellaPhung/part3/counter/build/width_p=4'
INFO     cocotb:simulator.py:305 make[1]: Nothing to be done for 'default'.
INFO     cocotb:simulator.py:305 make[1]: Leaving directory '/workspaces/lab-1-structural-verilog-isabellaPhung/part3/counter/build/width_p=4'
INFO     cocotb:simulator.py:334 Running command: /workspaces/lab-1-structural-verilog-isabellaPhung/part3/counter/build/width_p=4/counter
INFO     cocotb:simulator.py:305      -.--ns INFO     gpi                                ..mbed/gpi_embed.cpp:79   in set_program_name_in_venv        Did not detect Python virtual environment. Using system-wide Python interpreter
INFO     cocotb:simulator.py:305      -.--ns INFO     gpi                                ../gpi/GpiCommon.cpp:101  in gpi_print_registered_impl       VPI registered
INFO     cocotb:simulator.py:305      0.00ns INFO     cocotb                             Running on Verilator version 5.020 2024-01-01
INFO     cocotb:simulator.py:305      0.00ns INFO     cocotb                             Running tests with cocotb v1.9.1 from /usr/local/lib/python3.10/dist-packages/cocotb
INFO     cocotb:simulator.py:305      0.00ns INFO     cocotb                             Seeding Python random module with 1727901256
INFO     cocotb:simulator.py:305      0.00ns INFO     cocotb.regression                  Found test test_counter.reset_test
INFO     cocotb:simulator.py:305      0.00ns INFO     cocotb.regression                  running reset_test (1/1)
INFO     cocotb:simulator.py:305                                                           Test for Initialization
INFO     cocotb:simulator.py:305     22.50ns INFO     cocotb.regression                  reset_test passed
INFO     cocotb:simulator.py:305     22.50ns INFO     cocotb.regression                  **************************************************************************************
INFO     cocotb:simulator.py:305                                                         ** TEST                          STATUS  SIM TIME (ns)  REAL TIME (s)  RATIO (ns/s) **
INFO     cocotb:simulator.py:305                                                         **************************************************************************************
INFO     cocotb:simulator.py:305                                                         ** test_counter.reset_test        PASS          22.50           0.00       7605.45  **
INFO     cocotb:simulator.py:305                                                         **************************************************************************************
INFO     cocotb:simulator.py:305                                                         ** TESTS=1 PASS=1 FAIL=0 SKIP=0                 22.50           0.13        179.13  **
INFO     cocotb:simulator.py:305                                                         **************************************************************************************
INFO     cocotb:simulator.py:305 
INFO     cocotb:simulator.py:305 - :0: Verilog $finish
INFO     cocotb:simulator.py:262 Results file: /workspaces/lab-1-structural-verilog-isabellaPhung/part3/counter/build/width_p=4/r4bd13v1_results.xml
________________ test_each_runner[test_name=up_test-width_p=2] _________________
------------------------------ Captured log call -------------------------------
INFO     cocotb:simulator.py:334 Running command: perl /usr/local/bin/verilator -cc --exe -Mdir /workspaces/lab-1-structural-verilog-isabellaPhung/part3/counter/build/width_p=2 -DCOCOTB_SIM=1 --top-module counter --vpi --public-flat-rw --prefix Vtop -o counter -LDFLAGS -Wl,-rpath,/usr/local/lib/python3.10/dist-packages/cocotb/libs -L/usr/local/lib/python3.10/dist-packages/cocotb/libs -lcocotbvpi_verilator -Wno-fatal --trace-fst --trace-structs --timescale 1ps/1ps -Gwidth_p=2 /usr/local/lib/python3.10/dist-packages/cocotb/share/lib/verilator/verilator.cpp /workspaces/lab-1-structural-verilog-isabellaPhung/part3/counter/counter.sv /workspaces/lab-1-structural-verilog-isabellaPhung/part2/mux2/mux2.sv /workspaces/lab-1-structural-verilog-isabellaPhung/part3/counter/mux.sv /workspaces/lab-1-structural-verilog-isabellaPhung/part2/adder/adder.sv /workspaces/lab-1-structural-verilog-isabellaPhung/part2/full_add/full_add.sv /workspaces/lab-1-structural-verilog-isabellaPhung/part2/half_add/half_add.sv /workspaces/lab-1-structural-verilog-isabellaPhung/part2/xor2/xor2.sv /workspaces/lab-1-structural-verilog-isabellaPhung/provided/and2.sv /workspaces/lab-1-structural-verilog-isabellaPhung/provided/or2.sv /workspaces/lab-1-structural-verilog-isabellaPhung/provided/inv.sv /workspaces/lab-1-structural-verilog-isabellaPhung/provided/dff.sv /workspaces/lab-1-structural-verilog-isabellaPhung/provided/hex2ssd.sv
INFO     cocotb:simulator.py:334 Running command: make -C /workspaces/lab-1-structural-verilog-isabellaPhung/part3/counter/build/width_p=2 -f Vtop.mk
INFO     cocotb:simulator.py:305 make[1]: Entering directory '/workspaces/lab-1-structural-verilog-isabellaPhung/part3/counter/build/width_p=2'
INFO     cocotb:simulator.py:305 make[1]: Nothing to be done for 'default'.
INFO     cocotb:simulator.py:305 make[1]: Leaving directory '/workspaces/lab-1-structural-verilog-isabellaPhung/part3/counter/build/width_p=2'
INFO     cocotb:simulator.py:334 Running command: /workspaces/lab-1-structural-verilog-isabellaPhung/part3/counter/build/width_p=2/counter
INFO     cocotb:simulator.py:305      -.--ns INFO     gpi                                ..mbed/gpi_embed.cpp:79   in set_program_name_in_venv        Did not detect Python virtual environment. Using system-wide Python interpreter
INFO     cocotb:simulator.py:305      -.--ns INFO     gpi                                ../gpi/GpiCommon.cpp:101  in gpi_print_registered_impl       VPI registered
INFO     cocotb:simulator.py:305      0.00ns INFO     cocotb                             Running on Verilator version 5.020 2024-01-01
INFO     cocotb:simulator.py:305      0.00ns INFO     cocotb                             Running tests with cocotb v1.9.1 from /usr/local/lib/python3.10/dist-packages/cocotb
INFO     cocotb:simulator.py:305      0.00ns INFO     cocotb                             Seeding Python random module with 1727901256
INFO     cocotb:simulator.py:305      0.00ns INFO     cocotb.regression                  Found test test_counter.up_test
INFO     cocotb:simulator.py:305      0.00ns INFO     cocotb.regression                  running up_test (1/1)
INFO     cocotb:simulator.py:305                                                           Test up_i
INFO     cocotb:simulator.py:305     24.50ns INFO     cocotb.regression                  up_test passed
INFO     cocotb:simulator.py:305     24.50ns INFO     cocotb.regression                  **************************************************************************************
INFO     cocotb:simulator.py:305                                                         ** TEST                          STATUS  SIM TIME (ns)  REAL TIME (s)  RATIO (ns/s) **
INFO     cocotb:simulator.py:305                                                         **************************************************************************************
INFO     cocotb:simulator.py:305                                                         ** test_counter.up_test           PASS          24.50           0.00       9372.06  **
INFO     cocotb:simulator.py:305                                                         **************************************************************************************
INFO     cocotb:simulator.py:305                                                         ** TESTS=1 PASS=1 FAIL=0 SKIP=0                 24.50           0.12        206.95  **
INFO     cocotb:simulator.py:305                                                         **************************************************************************************
INFO     cocotb:simulator.py:305 
INFO     cocotb:simulator.py:305 - :0: Verilog $finish
INFO     cocotb:simulator.py:262 Results file: /workspaces/lab-1-structural-verilog-isabellaPhung/part3/counter/build/width_p=2/2lh5ny4o_results.xml
________________ test_each_runner[test_name=up_test-width_p=7] _________________
------------------------------ Captured log call -------------------------------
INFO     cocotb:simulator.py:334 Running command: perl /usr/local/bin/verilator -cc --exe -Mdir /workspaces/lab-1-structural-verilog-isabellaPhung/part3/counter/build/width_p=7 -DCOCOTB_SIM=1 --top-module counter --vpi --public-flat-rw --prefix Vtop -o counter -LDFLAGS -Wl,-rpath,/usr/local/lib/python3.10/dist-packages/cocotb/libs -L/usr/local/lib/python3.10/dist-packages/cocotb/libs -lcocotbvpi_verilator -Wno-fatal --trace-fst --trace-structs --timescale 1ps/1ps -Gwidth_p=7 /usr/local/lib/python3.10/dist-packages/cocotb/share/lib/verilator/verilator.cpp /workspaces/lab-1-structural-verilog-isabellaPhung/part3/counter/counter.sv /workspaces/lab-1-structural-verilog-isabellaPhung/part2/mux2/mux2.sv /workspaces/lab-1-structural-verilog-isabellaPhung/part3/counter/mux.sv /workspaces/lab-1-structural-verilog-isabellaPhung/part2/adder/adder.sv /workspaces/lab-1-structural-verilog-isabellaPhung/part2/full_add/full_add.sv /workspaces/lab-1-structural-verilog-isabellaPhung/part2/half_add/half_add.sv /workspaces/lab-1-structural-verilog-isabellaPhung/part2/xor2/xor2.sv /workspaces/lab-1-structural-verilog-isabellaPhung/provided/and2.sv /workspaces/lab-1-structural-verilog-isabellaPhung/provided/or2.sv /workspaces/lab-1-structural-verilog-isabellaPhung/provided/inv.sv /workspaces/lab-1-structural-verilog-isabellaPhung/provided/dff.sv /workspaces/lab-1-structural-verilog-isabellaPhung/provided/hex2ssd.sv
INFO     cocotb:simulator.py:334 Running command: make -C /workspaces/lab-1-structural-verilog-isabellaPhung/part3/counter/build/width_p=7 -f Vtop.mk
INFO     cocotb:simulator.py:305 make[1]: Entering directory '/workspaces/lab-1-structural-verilog-isabellaPhung/part3/counter/build/width_p=7'
INFO     cocotb:simulator.py:305 make[1]: Nothing to be done for 'default'.
INFO     cocotb:simulator.py:305 make[1]: Leaving directory '/workspaces/lab-1-structural-verilog-isabellaPhung/part3/counter/build/width_p=7'
INFO     cocotb:simulator.py:334 Running command: /workspaces/lab-1-structural-verilog-isabellaPhung/part3/counter/build/width_p=7/counter
INFO     cocotb:simulator.py:305      -.--ns INFO     gpi                                ..mbed/gpi_embed.cpp:79   in set_program_name_in_venv        Did not detect Python virtual environment. Using system-wide Python interpreter
INFO     cocotb:simulator.py:305      -.--ns INFO     gpi                                ../gpi/GpiCommon.cpp:101  in gpi_print_registered_impl       VPI registered
INFO     cocotb:simulator.py:305      0.00ns INFO     cocotb                             Running on Verilator version 5.020 2024-01-01
INFO     cocotb:simulator.py:305      0.00ns INFO     cocotb                             Running tests with cocotb v1.9.1 from /usr/local/lib/python3.10/dist-packages/cocotb
INFO     cocotb:simulator.py:305      0.00ns INFO     cocotb                             Seeding Python random module with 1727901257
INFO     cocotb:simulator.py:305      0.00ns INFO     cocotb.regression                  Found test test_counter.up_test
INFO     cocotb:simulator.py:305      0.00ns INFO     cocotb.regression                  running up_test (1/1)
INFO     cocotb:simulator.py:305                                                           Test up_i
INFO     cocotb:simulator.py:305     24.50ns INFO     cocotb.regression                  up_test passed
INFO     cocotb:simulator.py:305     24.50ns INFO     cocotb.regression                  **************************************************************************************
INFO     cocotb:simulator.py:305                                                         ** TEST                          STATUS  SIM TIME (ns)  REAL TIME (s)  RATIO (ns/s) **
INFO     cocotb:simulator.py:305                                                         **************************************************************************************
INFO     cocotb:simulator.py:305                                                         ** test_counter.up_test           PASS          24.50           0.00       9589.83  **
INFO     cocotb:simulator.py:305                                                         **************************************************************************************
INFO     cocotb:simulator.py:305                                                         ** TESTS=1 PASS=1 FAIL=0 SKIP=0                 24.50           0.12        210.05  **
INFO     cocotb:simulator.py:305                                                         **************************************************************************************
INFO     cocotb:simulator.py:305 
INFO     cocotb:simulator.py:305 - :0: Verilog $finish
INFO     cocotb:simulator.py:262 Results file: /workspaces/lab-1-structural-verilog-isabellaPhung/part3/counter/build/width_p=7/myzez8at_results.xml
________________ test_each_runner[test_name=up_test-width_p=5] _________________
------------------------------ Captured log call -------------------------------
INFO     cocotb:simulator.py:334 Running command: perl /usr/local/bin/verilator -cc --exe -Mdir /workspaces/lab-1-structural-verilog-isabellaPhung/part3/counter/build/width_p=5 -DCOCOTB_SIM=1 --top-module counter --vpi --public-flat-rw --prefix Vtop -o counter -LDFLAGS -Wl,-rpath,/usr/local/lib/python3.10/dist-packages/cocotb/libs -L/usr/local/lib/python3.10/dist-packages/cocotb/libs -lcocotbvpi_verilator -Wno-fatal --trace-fst --trace-structs --timescale 1ps/1ps -Gwidth_p=5 /usr/local/lib/python3.10/dist-packages/cocotb/share/lib/verilator/verilator.cpp /workspaces/lab-1-structural-verilog-isabellaPhung/part3/counter/counter.sv /workspaces/lab-1-structural-verilog-isabellaPhung/part2/mux2/mux2.sv /workspaces/lab-1-structural-verilog-isabellaPhung/part3/counter/mux.sv /workspaces/lab-1-structural-verilog-isabellaPhung/part2/adder/adder.sv /workspaces/lab-1-structural-verilog-isabellaPhung/part2/full_add/full_add.sv /workspaces/lab-1-structural-verilog-isabellaPhung/part2/half_add/half_add.sv /workspaces/lab-1-structural-verilog-isabellaPhung/part2/xor2/xor2.sv /workspaces/lab-1-structural-verilog-isabellaPhung/provided/and2.sv /workspaces/lab-1-structural-verilog-isabellaPhung/provided/or2.sv /workspaces/lab-1-structural-verilog-isabellaPhung/provided/inv.sv /workspaces/lab-1-structural-verilog-isabellaPhung/provided/dff.sv /workspaces/lab-1-structural-verilog-isabellaPhung/provided/hex2ssd.sv
INFO     cocotb:simulator.py:334 Running command: make -C /workspaces/lab-1-structural-verilog-isabellaPhung/part3/counter/build/width_p=5 -f Vtop.mk
INFO     cocotb:simulator.py:305 make[1]: Entering directory '/workspaces/lab-1-structural-verilog-isabellaPhung/part3/counter/build/width_p=5'
INFO     cocotb:simulator.py:305 make[1]: Nothing to be done for 'default'.
INFO     cocotb:simulator.py:305 make[1]: Leaving directory '/workspaces/lab-1-structural-verilog-isabellaPhung/part3/counter/build/width_p=5'
INFO     cocotb:simulator.py:334 Running command: /workspaces/lab-1-structural-verilog-isabellaPhung/part3/counter/build/width_p=5/counter
INFO     cocotb:simulator.py:305      -.--ns INFO     gpi                                ..mbed/gpi_embed.cpp:79   in set_program_name_in_venv        Did not detect Python virtual environment. Using system-wide Python interpreter
INFO     cocotb:simulator.py:305      -.--ns INFO     gpi                                ../gpi/GpiCommon.cpp:101  in gpi_print_registered_impl       VPI registered
INFO     cocotb:simulator.py:305      0.00ns INFO     cocotb                             Running on Verilator version 5.020 2024-01-01
INFO     cocotb:simulator.py:305      0.00ns INFO     cocotb                             Running tests with cocotb v1.9.1 from /usr/local/lib/python3.10/dist-packages/cocotb
INFO     cocotb:simulator.py:305      0.00ns INFO     cocotb                             Seeding Python random module with 1727901257
INFO     cocotb:simulator.py:305      0.00ns INFO     cocotb.regression                  Found test test_counter.up_test
INFO     cocotb:simulator.py:305      0.00ns INFO     cocotb.regression                  running up_test (1/1)
INFO     cocotb:simulator.py:305                                                           Test up_i
INFO     cocotb:simulator.py:305     24.50ns INFO     cocotb.regression                  up_test passed
INFO     cocotb:simulator.py:305     24.50ns INFO     cocotb.regression                  **************************************************************************************
INFO     cocotb:simulator.py:305                                                         ** TEST                          STATUS  SIM TIME (ns)  REAL TIME (s)  RATIO (ns/s) **
INFO     cocotb:simulator.py:305                                                         **************************************************************************************
INFO     cocotb:simulator.py:305                                                         ** test_counter.up_test           PASS          24.50           0.00       9618.56  **
INFO     cocotb:simulator.py:305                                                         **************************************************************************************
INFO     cocotb:simulator.py:305                                                         ** TESTS=1 PASS=1 FAIL=0 SKIP=0                 24.50           0.12        206.87  **
INFO     cocotb:simulator.py:305                                                         **************************************************************************************
INFO     cocotb:simulator.py:305 
INFO     cocotb:simulator.py:305 - :0: Verilog $finish
INFO     cocotb:simulator.py:262 Results file: /workspaces/lab-1-structural-verilog-isabellaPhung/part3/counter/build/width_p=5/m80d27e5_results.xml
________________ test_each_runner[test_name=up_test-width_p=4] _________________
------------------------------ Captured log call -------------------------------
INFO     cocotb:simulator.py:334 Running command: perl /usr/local/bin/verilator -cc --exe -Mdir /workspaces/lab-1-structural-verilog-isabellaPhung/part3/counter/build/width_p=4 -DCOCOTB_SIM=1 --top-module counter --vpi --public-flat-rw --prefix Vtop -o counter -LDFLAGS -Wl,-rpath,/usr/local/lib/python3.10/dist-packages/cocotb/libs -L/usr/local/lib/python3.10/dist-packages/cocotb/libs -lcocotbvpi_verilator -Wno-fatal --trace-fst --trace-structs --timescale 1ps/1ps -Gwidth_p=4 /usr/local/lib/python3.10/dist-packages/cocotb/share/lib/verilator/verilator.cpp /workspaces/lab-1-structural-verilog-isabellaPhung/part3/counter/counter.sv /workspaces/lab-1-structural-verilog-isabellaPhung/part2/mux2/mux2.sv /workspaces/lab-1-structural-verilog-isabellaPhung/part3/counter/mux.sv /workspaces/lab-1-structural-verilog-isabellaPhung/part2/adder/adder.sv /workspaces/lab-1-structural-verilog-isabellaPhung/part2/full_add/full_add.sv /workspaces/lab-1-structural-verilog-isabellaPhung/part2/half_add/half_add.sv /workspaces/lab-1-structural-verilog-isabellaPhung/part2/xor2/xor2.sv /workspaces/lab-1-structural-verilog-isabellaPhung/provided/and2.sv /workspaces/lab-1-structural-verilog-isabellaPhung/provided/or2.sv /workspaces/lab-1-structural-verilog-isabellaPhung/provided/inv.sv /workspaces/lab-1-structural-verilog-isabellaPhung/provided/dff.sv /workspaces/lab-1-structural-verilog-isabellaPhung/provided/hex2ssd.sv
INFO     cocotb:simulator.py:334 Running command: make -C /workspaces/lab-1-structural-verilog-isabellaPhung/part3/counter/build/width_p=4 -f Vtop.mk
INFO     cocotb:simulator.py:305 make[1]: Entering directory '/workspaces/lab-1-structural-verilog-isabellaPhung/part3/counter/build/width_p=4'
INFO     cocotb:simulator.py:305 make[1]: Nothing to be done for 'default'.
INFO     cocotb:simulator.py:305 make[1]: Leaving directory '/workspaces/lab-1-structural-verilog-isabellaPhung/part3/counter/build/width_p=4'
INFO     cocotb:simulator.py:334 Running command: /workspaces/lab-1-structural-verilog-isabellaPhung/part3/counter/build/width_p=4/counter
INFO     cocotb:simulator.py:305      -.--ns INFO     gpi                                ..mbed/gpi_embed.cpp:79   in set_program_name_in_venv        Did not detect Python virtual environment. Using system-wide Python interpreter
INFO     cocotb:simulator.py:305      -.--ns INFO     gpi                                ../gpi/GpiCommon.cpp:101  in gpi_print_registered_impl       VPI registered
INFO     cocotb:simulator.py:305      0.00ns INFO     cocotb                             Running on Verilator version 5.020 2024-01-01
INFO     cocotb:simulator.py:305      0.00ns INFO     cocotb                             Running tests with cocotb v1.9.1 from /usr/local/lib/python3.10/dist-packages/cocotb
INFO     cocotb:simulator.py:305      0.00ns INFO     cocotb                             Seeding Python random module with 1727901257
INFO     cocotb:simulator.py:305      0.00ns INFO     cocotb.regression                  Found test test_counter.up_test
INFO     cocotb:simulator.py:305      0.00ns INFO     cocotb.regression                  running up_test (1/1)
INFO     cocotb:simulator.py:305                                                           Test up_i
INFO     cocotb:simulator.py:305     24.50ns INFO     cocotb.regression                  up_test passed
INFO     cocotb:simulator.py:305     24.50ns INFO     cocotb.regression                  **************************************************************************************
INFO     cocotb:simulator.py:305                                                         ** TEST                          STATUS  SIM TIME (ns)  REAL TIME (s)  RATIO (ns/s) **
INFO     cocotb:simulator.py:305                                                         **************************************************************************************
INFO     cocotb:simulator.py:305                                                         ** test_counter.up_test           PASS          24.50           0.00       9589.83  **
INFO     cocotb:simulator.py:305                                                         **************************************************************************************
INFO     cocotb:simulator.py:305                                                         ** TESTS=1 PASS=1 FAIL=0 SKIP=0                 24.50           0.12        208.50  **
INFO     cocotb:simulator.py:305                                                         **************************************************************************************
INFO     cocotb:simulator.py:305 
INFO     cocotb:simulator.py:305 - :0: Verilog $finish
INFO     cocotb:simulator.py:262 Results file: /workspaces/lab-1-structural-verilog-isabellaPhung/part3/counter/build/width_p=4/kwksxo8a_results.xml
_______________ test_each_runner[test_name=down_test-width_p=2] ________________
------------------------------ Captured log call -------------------------------
INFO     cocotb:simulator.py:334 Running command: perl /usr/local/bin/verilator -cc --exe -Mdir /workspaces/lab-1-structural-verilog-isabellaPhung/part3/counter/build/width_p=2 -DCOCOTB_SIM=1 --top-module counter --vpi --public-flat-rw --prefix Vtop -o counter -LDFLAGS -Wl,-rpath,/usr/local/lib/python3.10/dist-packages/cocotb/libs -L/usr/local/lib/python3.10/dist-packages/cocotb/libs -lcocotbvpi_verilator -Wno-fatal --trace-fst --trace-structs --timescale 1ps/1ps -Gwidth_p=2 /usr/local/lib/python3.10/dist-packages/cocotb/share/lib/verilator/verilator.cpp /workspaces/lab-1-structural-verilog-isabellaPhung/part3/counter/counter.sv /workspaces/lab-1-structural-verilog-isabellaPhung/part2/mux2/mux2.sv /workspaces/lab-1-structural-verilog-isabellaPhung/part3/counter/mux.sv /workspaces/lab-1-structural-verilog-isabellaPhung/part2/adder/adder.sv /workspaces/lab-1-structural-verilog-isabellaPhung/part2/full_add/full_add.sv /workspaces/lab-1-structural-verilog-isabellaPhung/part2/half_add/half_add.sv /workspaces/lab-1-structural-verilog-isabellaPhung/part2/xor2/xor2.sv /workspaces/lab-1-structural-verilog-isabellaPhung/provided/and2.sv /workspaces/lab-1-structural-verilog-isabellaPhung/provided/or2.sv /workspaces/lab-1-structural-verilog-isabellaPhung/provided/inv.sv /workspaces/lab-1-structural-verilog-isabellaPhung/provided/dff.sv /workspaces/lab-1-structural-verilog-isabellaPhung/provided/hex2ssd.sv
INFO     cocotb:simulator.py:334 Running command: make -C /workspaces/lab-1-structural-verilog-isabellaPhung/part3/counter/build/width_p=2 -f Vtop.mk
INFO     cocotb:simulator.py:305 make[1]: Entering directory '/workspaces/lab-1-structural-verilog-isabellaPhung/part3/counter/build/width_p=2'
INFO     cocotb:simulator.py:305 make[1]: Nothing to be done for 'default'.
INFO     cocotb:simulator.py:305 make[1]: Leaving directory '/workspaces/lab-1-structural-verilog-isabellaPhung/part3/counter/build/width_p=2'
INFO     cocotb:simulator.py:334 Running command: /workspaces/lab-1-structural-verilog-isabellaPhung/part3/counter/build/width_p=2/counter
INFO     cocotb:simulator.py:305      -.--ns INFO     gpi                                ..mbed/gpi_embed.cpp:79   in set_program_name_in_venv        Did not detect Python virtual environment. Using system-wide Python interpreter
INFO     cocotb:simulator.py:305      -.--ns INFO     gpi                                ../gpi/GpiCommon.cpp:101  in gpi_print_registered_impl       VPI registered
INFO     cocotb:simulator.py:305      0.00ns INFO     cocotb                             Running on Verilator version 5.020 2024-01-01
INFO     cocotb:simulator.py:305      0.00ns INFO     cocotb                             Running tests with cocotb v1.9.1 from /usr/local/lib/python3.10/dist-packages/cocotb
INFO     cocotb:simulator.py:305      0.00ns INFO     cocotb                             Seeding Python random module with 1727901258
INFO     cocotb:simulator.py:305      0.00ns INFO     cocotb.regression                  Found test test_counter.down_test
INFO     cocotb:simulator.py:305      0.00ns INFO     cocotb.regression                  running down_test (1/1)
INFO     cocotb:simulator.py:305                                                           Test down_i
INFO     cocotb:simulator.py:305     24.50ns INFO     cocotb.regression                  down_test passed
INFO     cocotb:simulator.py:305     24.50ns INFO     cocotb.regression                  **************************************************************************************
INFO     cocotb:simulator.py:305                                                         ** TEST                          STATUS  SIM TIME (ns)  REAL TIME (s)  RATIO (ns/s) **
INFO     cocotb:simulator.py:305                                                         **************************************************************************************
INFO     cocotb:simulator.py:305                                                         ** test_counter.down_test         PASS          24.50           0.00       9450.49  **
INFO     cocotb:simulator.py:305                                                         **************************************************************************************
INFO     cocotb:simulator.py:305                                                         ** TESTS=1 PASS=1 FAIL=0 SKIP=0                 24.50           0.12        198.04  **
INFO     cocotb:simulator.py:305                                                         **************************************************************************************
INFO     cocotb:simulator.py:305 
INFO     cocotb:simulator.py:305 - :0: Verilog $finish
INFO     cocotb:simulator.py:262 Results file: /workspaces/lab-1-structural-verilog-isabellaPhung/part3/counter/build/width_p=2/mob7xhdq_results.xml
_______________ test_each_runner[test_name=down_test-width_p=7] ________________
------------------------------ Captured log call -------------------------------
INFO     cocotb:simulator.py:334 Running command: perl /usr/local/bin/verilator -cc --exe -Mdir /workspaces/lab-1-structural-verilog-isabellaPhung/part3/counter/build/width_p=7 -DCOCOTB_SIM=1 --top-module counter --vpi --public-flat-rw --prefix Vtop -o counter -LDFLAGS -Wl,-rpath,/usr/local/lib/python3.10/dist-packages/cocotb/libs -L/usr/local/lib/python3.10/dist-packages/cocotb/libs -lcocotbvpi_verilator -Wno-fatal --trace-fst --trace-structs --timescale 1ps/1ps -Gwidth_p=7 /usr/local/lib/python3.10/dist-packages/cocotb/share/lib/verilator/verilator.cpp /workspaces/lab-1-structural-verilog-isabellaPhung/part3/counter/counter.sv /workspaces/lab-1-structural-verilog-isabellaPhung/part2/mux2/mux2.sv /workspaces/lab-1-structural-verilog-isabellaPhung/part3/counter/mux.sv /workspaces/lab-1-structural-verilog-isabellaPhung/part2/adder/adder.sv /workspaces/lab-1-structural-verilog-isabellaPhung/part2/full_add/full_add.sv /workspaces/lab-1-structural-verilog-isabellaPhung/part2/half_add/half_add.sv /workspaces/lab-1-structural-verilog-isabellaPhung/part2/xor2/xor2.sv /workspaces/lab-1-structural-verilog-isabellaPhung/provided/and2.sv /workspaces/lab-1-structural-verilog-isabellaPhung/provided/or2.sv /workspaces/lab-1-structural-verilog-isabellaPhung/provided/inv.sv /workspaces/lab-1-structural-verilog-isabellaPhung/provided/dff.sv /workspaces/lab-1-structural-verilog-isabellaPhung/provided/hex2ssd.sv
INFO     cocotb:simulator.py:334 Running command: make -C /workspaces/lab-1-structural-verilog-isabellaPhung/part3/counter/build/width_p=7 -f Vtop.mk
INFO     cocotb:simulator.py:305 make[1]: Entering directory '/workspaces/lab-1-structural-verilog-isabellaPhung/part3/counter/build/width_p=7'
INFO     cocotb:simulator.py:305 make[1]: Nothing to be done for 'default'.
INFO     cocotb:simulator.py:305 make[1]: Leaving directory '/workspaces/lab-1-structural-verilog-isabellaPhung/part3/counter/build/width_p=7'
INFO     cocotb:simulator.py:334 Running command: /workspaces/lab-1-structural-verilog-isabellaPhung/part3/counter/build/width_p=7/counter
INFO     cocotb:simulator.py:305      -.--ns INFO     gpi                                ..mbed/gpi_embed.cpp:79   in set_program_name_in_venv        Did not detect Python virtual environment. Using system-wide Python interpreter
INFO     cocotb:simulator.py:305      -.--ns INFO     gpi                                ../gpi/GpiCommon.cpp:101  in gpi_print_registered_impl       VPI registered
INFO     cocotb:simulator.py:305      0.00ns INFO     cocotb                             Running on Verilator version 5.020 2024-01-01
INFO     cocotb:simulator.py:305      0.00ns INFO     cocotb                             Running tests with cocotb v1.9.1 from /usr/local/lib/python3.10/dist-packages/cocotb
INFO     cocotb:simulator.py:305      0.00ns INFO     cocotb                             Seeding Python random module with 1727901258
INFO     cocotb:simulator.py:305      0.00ns INFO     cocotb.regression                  Found test test_counter.down_test
INFO     cocotb:simulator.py:305      0.00ns INFO     cocotb.regression                  running down_test (1/1)
INFO     cocotb:simulator.py:305                                                           Test down_i
INFO     cocotb:simulator.py:305     24.50ns INFO     cocotb.regression                  down_test passed
INFO     cocotb:simulator.py:305     24.50ns INFO     cocotb.regression                  **************************************************************************************
INFO     cocotb:simulator.py:305                                                         ** TEST                          STATUS  SIM TIME (ns)  REAL TIME (s)  RATIO (ns/s) **
INFO     cocotb:simulator.py:305                                                         **************************************************************************************
INFO     cocotb:simulator.py:305                                                         ** test_counter.down_test         PASS          24.50           0.00       9437.47  **
INFO     cocotb:simulator.py:305                                                         **************************************************************************************
INFO     cocotb:simulator.py:305                                                         ** TESTS=1 PASS=1 FAIL=0 SKIP=0                 24.50           0.12        204.17  **
INFO     cocotb:simulator.py:305                                                         **************************************************************************************
INFO     cocotb:simulator.py:305 
INFO     cocotb:simulator.py:305 - :0: Verilog $finish
INFO     cocotb:simulator.py:262 Results file: /workspaces/lab-1-structural-verilog-isabellaPhung/part3/counter/build/width_p=7/ooxpdaya_results.xml
_______________ test_each_runner[test_name=down_test-width_p=5] ________________
------------------------------ Captured log call -------------------------------
INFO     cocotb:simulator.py:334 Running command: perl /usr/local/bin/verilator -cc --exe -Mdir /workspaces/lab-1-structural-verilog-isabellaPhung/part3/counter/build/width_p=5 -DCOCOTB_SIM=1 --top-module counter --vpi --public-flat-rw --prefix Vtop -o counter -LDFLAGS -Wl,-rpath,/usr/local/lib/python3.10/dist-packages/cocotb/libs -L/usr/local/lib/python3.10/dist-packages/cocotb/libs -lcocotbvpi_verilator -Wno-fatal --trace-fst --trace-structs --timescale 1ps/1ps -Gwidth_p=5 /usr/local/lib/python3.10/dist-packages/cocotb/share/lib/verilator/verilator.cpp /workspaces/lab-1-structural-verilog-isabellaPhung/part3/counter/counter.sv /workspaces/lab-1-structural-verilog-isabellaPhung/part2/mux2/mux2.sv /workspaces/lab-1-structural-verilog-isabellaPhung/part3/counter/mux.sv /workspaces/lab-1-structural-verilog-isabellaPhung/part2/adder/adder.sv /workspaces/lab-1-structural-verilog-isabellaPhung/part2/full_add/full_add.sv /workspaces/lab-1-structural-verilog-isabellaPhung/part2/half_add/half_add.sv /workspaces/lab-1-structural-verilog-isabellaPhung/part2/xor2/xor2.sv /workspaces/lab-1-structural-verilog-isabellaPhung/provided/and2.sv /workspaces/lab-1-structural-verilog-isabellaPhung/provided/or2.sv /workspaces/lab-1-structural-verilog-isabellaPhung/provided/inv.sv /workspaces/lab-1-structural-verilog-isabellaPhung/provided/dff.sv /workspaces/lab-1-structural-verilog-isabellaPhung/provided/hex2ssd.sv
INFO     cocotb:simulator.py:334 Running command: make -C /workspaces/lab-1-structural-verilog-isabellaPhung/part3/counter/build/width_p=5 -f Vtop.mk
INFO     cocotb:simulator.py:305 make[1]: Entering directory '/workspaces/lab-1-structural-verilog-isabellaPhung/part3/counter/build/width_p=5'
INFO     cocotb:simulator.py:305 make[1]: Nothing to be done for 'default'.
INFO     cocotb:simulator.py:305 make[1]: Leaving directory '/workspaces/lab-1-structural-verilog-isabellaPhung/part3/counter/build/width_p=5'
INFO     cocotb:simulator.py:334 Running command: /workspaces/lab-1-structural-verilog-isabellaPhung/part3/counter/build/width_p=5/counter
INFO     cocotb:simulator.py:305      -.--ns INFO     gpi                                ..mbed/gpi_embed.cpp:79   in set_program_name_in_venv        Did not detect Python virtual environment. Using system-wide Python interpreter
INFO     cocotb:simulator.py:305      -.--ns INFO     gpi                                ../gpi/GpiCommon.cpp:101  in gpi_print_registered_impl       VPI registered
INFO     cocotb:simulator.py:305      0.00ns INFO     cocotb                             Running on Verilator version 5.020 2024-01-01
INFO     cocotb:simulator.py:305      0.00ns INFO     cocotb                             Running tests with cocotb v1.9.1 from /usr/local/lib/python3.10/dist-packages/cocotb
INFO     cocotb:simulator.py:305      0.00ns INFO     cocotb                             Seeding Python random module with 1727901259
INFO     cocotb:simulator.py:305      0.00ns INFO     cocotb.regression                  Found test test_counter.down_test
INFO     cocotb:simulator.py:305      0.00ns INFO     cocotb.regression                  running down_test (1/1)
INFO     cocotb:simulator.py:305                                                           Test down_i
INFO     cocotb:simulator.py:305     24.50ns INFO     cocotb.regression                  down_test passed
INFO     cocotb:simulator.py:305     24.50ns INFO     cocotb.regression                  **************************************************************************************
INFO     cocotb:simulator.py:305                                                         ** TEST                          STATUS  SIM TIME (ns)  REAL TIME (s)  RATIO (ns/s) **
INFO     cocotb:simulator.py:305                                                         **************************************************************************************
INFO     cocotb:simulator.py:305                                                         ** test_counter.down_test         PASS          24.50           0.00       9636.59  **
INFO     cocotb:simulator.py:305                                                         **************************************************************************************
INFO     cocotb:simulator.py:305                                                         ** TESTS=1 PASS=1 FAIL=0 SKIP=0                 24.50           0.12        209.49  **
INFO     cocotb:simulator.py:305                                                         **************************************************************************************
INFO     cocotb:simulator.py:305 
INFO     cocotb:simulator.py:305 - :0: Verilog $finish
INFO     cocotb:simulator.py:262 Results file: /workspaces/lab-1-structural-verilog-isabellaPhung/part3/counter/build/width_p=5/92h3xis1_results.xml
_______________ test_each_runner[test_name=down_test-width_p=4] ________________
------------------------------ Captured log call -------------------------------
INFO     cocotb:simulator.py:334 Running command: perl /usr/local/bin/verilator -cc --exe -Mdir /workspaces/lab-1-structural-verilog-isabellaPhung/part3/counter/build/width_p=4 -DCOCOTB_SIM=1 --top-module counter --vpi --public-flat-rw --prefix Vtop -o counter -LDFLAGS -Wl,-rpath,/usr/local/lib/python3.10/dist-packages/cocotb/libs -L/usr/local/lib/python3.10/dist-packages/cocotb/libs -lcocotbvpi_verilator -Wno-fatal --trace-fst --trace-structs --timescale 1ps/1ps -Gwidth_p=4 /usr/local/lib/python3.10/dist-packages/cocotb/share/lib/verilator/verilator.cpp /workspaces/lab-1-structural-verilog-isabellaPhung/part3/counter/counter.sv /workspaces/lab-1-structural-verilog-isabellaPhung/part2/mux2/mux2.sv /workspaces/lab-1-structural-verilog-isabellaPhung/part3/counter/mux.sv /workspaces/lab-1-structural-verilog-isabellaPhung/part2/adder/adder.sv /workspaces/lab-1-structural-verilog-isabellaPhung/part2/full_add/full_add.sv /workspaces/lab-1-structural-verilog-isabellaPhung/part2/half_add/half_add.sv /workspaces/lab-1-structural-verilog-isabellaPhung/part2/xor2/xor2.sv /workspaces/lab-1-structural-verilog-isabellaPhung/provided/and2.sv /workspaces/lab-1-structural-verilog-isabellaPhung/provided/or2.sv /workspaces/lab-1-structural-verilog-isabellaPhung/provided/inv.sv /workspaces/lab-1-structural-verilog-isabellaPhung/provided/dff.sv /workspaces/lab-1-structural-verilog-isabellaPhung/provided/hex2ssd.sv
INFO     cocotb:simulator.py:334 Running command: make -C /workspaces/lab-1-structural-verilog-isabellaPhung/part3/counter/build/width_p=4 -f Vtop.mk
INFO     cocotb:simulator.py:305 make[1]: Entering directory '/workspaces/lab-1-structural-verilog-isabellaPhung/part3/counter/build/width_p=4'
INFO     cocotb:simulator.py:305 make[1]: Nothing to be done for 'default'.
INFO     cocotb:simulator.py:305 make[1]: Leaving directory '/workspaces/lab-1-structural-verilog-isabellaPhung/part3/counter/build/width_p=4'
INFO     cocotb:simulator.py:334 Running command: /workspaces/lab-1-structural-verilog-isabellaPhung/part3/counter/build/width_p=4/counter
INFO     cocotb:simulator.py:305      -.--ns INFO     gpi                                ..mbed/gpi_embed.cpp:79   in set_program_name_in_venv        Did not detect Python virtual environment. Using system-wide Python interpreter
INFO     cocotb:simulator.py:305      -.--ns INFO     gpi                                ../gpi/GpiCommon.cpp:101  in gpi_print_registered_impl       VPI registered
INFO     cocotb:simulator.py:305      0.00ns INFO     cocotb                             Running on Verilator version 5.020 2024-01-01
INFO     cocotb:simulator.py:305      0.00ns INFO     cocotb                             Running tests with cocotb v1.9.1 from /usr/local/lib/python3.10/dist-packages/cocotb
INFO     cocotb:simulator.py:305      0.00ns INFO     cocotb                             Seeding Python random module with 1727901259
INFO     cocotb:simulator.py:305      0.00ns INFO     cocotb.regression                  Found test test_counter.down_test
INFO     cocotb:simulator.py:305      0.00ns INFO     cocotb.regression                  running down_test (1/1)
INFO     cocotb:simulator.py:305                                                           Test down_i
INFO     cocotb:simulator.py:305     24.50ns INFO     cocotb.regression                  down_test passed
INFO     cocotb:simulator.py:305     24.50ns INFO     cocotb.regression                  **************************************************************************************
INFO     cocotb:simulator.py:305                                                         ** TEST                          STATUS  SIM TIME (ns)  REAL TIME (s)  RATIO (ns/s) **
INFO     cocotb:simulator.py:305                                                         **************************************************************************************
INFO     cocotb:simulator.py:305                                                         ** test_counter.down_test         PASS          24.50           0.00       9792.70  **
INFO     cocotb:simulator.py:305                                                         **************************************************************************************
INFO     cocotb:simulator.py:305                                                         ** TESTS=1 PASS=1 FAIL=0 SKIP=0                 24.50           0.12        211.04  **
INFO     cocotb:simulator.py:305                                                         **************************************************************************************
INFO     cocotb:simulator.py:305 
INFO     cocotb:simulator.py:305 - :0: Verilog $finish
INFO     cocotb:simulator.py:262 Results file: /workspaces/lab-1-structural-verilog-isabellaPhung/part3/counter/build/width_p=4/phlkwtii_results.xml
______________ test_each_runner[test_name=updown_test-width_p=2] _______________
------------------------------ Captured log call -------------------------------
INFO     cocotb:simulator.py:334 Running command: perl /usr/local/bin/verilator -cc --exe -Mdir /workspaces/lab-1-structural-verilog-isabellaPhung/part3/counter/build/width_p=2 -DCOCOTB_SIM=1 --top-module counter --vpi --public-flat-rw --prefix Vtop -o counter -LDFLAGS -Wl,-rpath,/usr/local/lib/python3.10/dist-packages/cocotb/libs -L/usr/local/lib/python3.10/dist-packages/cocotb/libs -lcocotbvpi_verilator -Wno-fatal --trace-fst --trace-structs --timescale 1ps/1ps -Gwidth_p=2 /usr/local/lib/python3.10/dist-packages/cocotb/share/lib/verilator/verilator.cpp /workspaces/lab-1-structural-verilog-isabellaPhung/part3/counter/counter.sv /workspaces/lab-1-structural-verilog-isabellaPhung/part2/mux2/mux2.sv /workspaces/lab-1-structural-verilog-isabellaPhung/part3/counter/mux.sv /workspaces/lab-1-structural-verilog-isabellaPhung/part2/adder/adder.sv /workspaces/lab-1-structural-verilog-isabellaPhung/part2/full_add/full_add.sv /workspaces/lab-1-structural-verilog-isabellaPhung/part2/half_add/half_add.sv /workspaces/lab-1-structural-verilog-isabellaPhung/part2/xor2/xor2.sv /workspaces/lab-1-structural-verilog-isabellaPhung/provided/and2.sv /workspaces/lab-1-structural-verilog-isabellaPhung/provided/or2.sv /workspaces/lab-1-structural-verilog-isabellaPhung/provided/inv.sv /workspaces/lab-1-structural-verilog-isabellaPhung/provided/dff.sv /workspaces/lab-1-structural-verilog-isabellaPhung/provided/hex2ssd.sv
INFO     cocotb:simulator.py:334 Running command: make -C /workspaces/lab-1-structural-verilog-isabellaPhung/part3/counter/build/width_p=2 -f Vtop.mk
INFO     cocotb:simulator.py:305 make[1]: Entering directory '/workspaces/lab-1-structural-verilog-isabellaPhung/part3/counter/build/width_p=2'
INFO     cocotb:simulator.py:305 make[1]: Nothing to be done for 'default'.
INFO     cocotb:simulator.py:305 make[1]: Leaving directory '/workspaces/lab-1-structural-verilog-isabellaPhung/part3/counter/build/width_p=2'
INFO     cocotb:simulator.py:334 Running command: /workspaces/lab-1-structural-verilog-isabellaPhung/part3/counter/build/width_p=2/counter
INFO     cocotb:simulator.py:305      -.--ns INFO     gpi                                ..mbed/gpi_embed.cpp:79   in set_program_name_in_venv        Did not detect Python virtual environment. Using system-wide Python interpreter
INFO     cocotb:simulator.py:305      -.--ns INFO     gpi                                ../gpi/GpiCommon.cpp:101  in gpi_print_registered_impl       VPI registered
INFO     cocotb:simulator.py:305      0.00ns INFO     cocotb                             Running on Verilator version 5.020 2024-01-01
INFO     cocotb:simulator.py:305      0.00ns INFO     cocotb                             Running tests with cocotb v1.9.1 from /usr/local/lib/python3.10/dist-packages/cocotb
INFO     cocotb:simulator.py:305      0.00ns INFO     cocotb                             Seeding Python random module with 1727901259
INFO     cocotb:simulator.py:305      0.00ns INFO     cocotb.regression                  Found test test_counter.updown_test
INFO     cocotb:simulator.py:305      0.00ns INFO     cocotb.regression                  running updown_test (1/1)
INFO     cocotb:simulator.py:305                                                           Test for up_i and down_i (Simultaneously)
INFO     cocotb:simulator.py:305     24.50ns INFO     cocotb.regression                  updown_test passed
INFO     cocotb:simulator.py:305     24.50ns INFO     cocotb.regression                  **************************************************************************************
INFO     cocotb:simulator.py:305                                                         ** TEST                          STATUS  SIM TIME (ns)  REAL TIME (s)  RATIO (ns/s) **
INFO     cocotb:simulator.py:305                                                         **************************************************************************************
INFO     cocotb:simulator.py:305                                                         ** test_counter.updown_test       PASS          24.50           0.00       9607.76  **
INFO     cocotb:simulator.py:305                                                         **************************************************************************************
INFO     cocotb:simulator.py:305                                                         ** TESTS=1 PASS=1 FAIL=0 SKIP=0                 24.50           0.12        208.33  **
INFO     cocotb:simulator.py:305                                                         **************************************************************************************
INFO     cocotb:simulator.py:305 
INFO     cocotb:simulator.py:305 - :0: Verilog $finish
INFO     cocotb:simulator.py:262 Results file: /workspaces/lab-1-structural-verilog-isabellaPhung/part3/counter/build/width_p=2/febxpy_3_results.xml
______________ test_each_runner[test_name=updown_test-width_p=7] _______________
------------------------------ Captured log call -------------------------------
INFO     cocotb:simulator.py:334 Running command: perl /usr/local/bin/verilator -cc --exe -Mdir /workspaces/lab-1-structural-verilog-isabellaPhung/part3/counter/build/width_p=7 -DCOCOTB_SIM=1 --top-module counter --vpi --public-flat-rw --prefix Vtop -o counter -LDFLAGS -Wl,-rpath,/usr/local/lib/python3.10/dist-packages/cocotb/libs -L/usr/local/lib/python3.10/dist-packages/cocotb/libs -lcocotbvpi_verilator -Wno-fatal --trace-fst --trace-structs --timescale 1ps/1ps -Gwidth_p=7 /usr/local/lib/python3.10/dist-packages/cocotb/share/lib/verilator/verilator.cpp /workspaces/lab-1-structural-verilog-isabellaPhung/part3/counter/counter.sv /workspaces/lab-1-structural-verilog-isabellaPhung/part2/mux2/mux2.sv /workspaces/lab-1-structural-verilog-isabellaPhung/part3/counter/mux.sv /workspaces/lab-1-structural-verilog-isabellaPhung/part2/adder/adder.sv /workspaces/lab-1-structural-verilog-isabellaPhung/part2/full_add/full_add.sv /workspaces/lab-1-structural-verilog-isabellaPhung/part2/half_add/half_add.sv /workspaces/lab-1-structural-verilog-isabellaPhung/part2/xor2/xor2.sv /workspaces/lab-1-structural-verilog-isabellaPhung/provided/and2.sv /workspaces/lab-1-structural-verilog-isabellaPhung/provided/or2.sv /workspaces/lab-1-structural-verilog-isabellaPhung/provided/inv.sv /workspaces/lab-1-structural-verilog-isabellaPhung/provided/dff.sv /workspaces/lab-1-structural-verilog-isabellaPhung/provided/hex2ssd.sv
INFO     cocotb:simulator.py:334 Running command: make -C /workspaces/lab-1-structural-verilog-isabellaPhung/part3/counter/build/width_p=7 -f Vtop.mk
INFO     cocotb:simulator.py:305 make[1]: Entering directory '/workspaces/lab-1-structural-verilog-isabellaPhung/part3/counter/build/width_p=7'
INFO     cocotb:simulator.py:305 make[1]: Nothing to be done for 'default'.
INFO     cocotb:simulator.py:305 make[1]: Leaving directory '/workspaces/lab-1-structural-verilog-isabellaPhung/part3/counter/build/width_p=7'
INFO     cocotb:simulator.py:334 Running command: /workspaces/lab-1-structural-verilog-isabellaPhung/part3/counter/build/width_p=7/counter
INFO     cocotb:simulator.py:305      -.--ns INFO     gpi                                ..mbed/gpi_embed.cpp:79   in set_program_name_in_venv        Did not detect Python virtual environment. Using system-wide Python interpreter
INFO     cocotb:simulator.py:305      -.--ns INFO     gpi                                ../gpi/GpiCommon.cpp:101  in gpi_print_registered_impl       VPI registered
INFO     cocotb:simulator.py:305      0.00ns INFO     cocotb                             Running on Verilator version 5.020 2024-01-01
INFO     cocotb:simulator.py:305      0.00ns INFO     cocotb                             Running tests with cocotb v1.9.1 from /usr/local/lib/python3.10/dist-packages/cocotb
INFO     cocotb:simulator.py:305      0.00ns INFO     cocotb                             Seeding Python random module with 1727901260
INFO     cocotb:simulator.py:305      0.00ns INFO     cocotb.regression                  Found test test_counter.updown_test
INFO     cocotb:simulator.py:305      0.00ns INFO     cocotb.regression                  running updown_test (1/1)
INFO     cocotb:simulator.py:305                                                           Test for up_i and down_i (Simultaneously)
INFO     cocotb:simulator.py:305     24.50ns INFO     cocotb.regression                  updown_test passed
INFO     cocotb:simulator.py:305     24.50ns INFO     cocotb.regression                  **************************************************************************************
INFO     cocotb:simulator.py:305                                                         ** TEST                          STATUS  SIM TIME (ns)  REAL TIME (s)  RATIO (ns/s) **
INFO     cocotb:simulator.py:305                                                         **************************************************************************************
INFO     cocotb:simulator.py:305                                                         ** test_counter.updown_test       PASS          24.50           0.00       9750.89  **
INFO     cocotb:simulator.py:305                                                         **************************************************************************************
INFO     cocotb:simulator.py:305                                                         ** TESTS=1 PASS=1 FAIL=0 SKIP=0                 24.50           0.12        211.14  **
INFO     cocotb:simulator.py:305                                                         **************************************************************************************
INFO     cocotb:simulator.py:305 
INFO     cocotb:simulator.py:305 - :0: Verilog $finish
INFO     cocotb:simulator.py:262 Results file: /workspaces/lab-1-structural-verilog-isabellaPhung/part3/counter/build/width_p=7/zov9cnp__results.xml
______________ test_each_runner[test_name=updown_test-width_p=5] _______________
------------------------------ Captured log call -------------------------------
INFO     cocotb:simulator.py:334 Running command: perl /usr/local/bin/verilator -cc --exe -Mdir /workspaces/lab-1-structural-verilog-isabellaPhung/part3/counter/build/width_p=5 -DCOCOTB_SIM=1 --top-module counter --vpi --public-flat-rw --prefix Vtop -o counter -LDFLAGS -Wl,-rpath,/usr/local/lib/python3.10/dist-packages/cocotb/libs -L/usr/local/lib/python3.10/dist-packages/cocotb/libs -lcocotbvpi_verilator -Wno-fatal --trace-fst --trace-structs --timescale 1ps/1ps -Gwidth_p=5 /usr/local/lib/python3.10/dist-packages/cocotb/share/lib/verilator/verilator.cpp /workspaces/lab-1-structural-verilog-isabellaPhung/part3/counter/counter.sv /workspaces/lab-1-structural-verilog-isabellaPhung/part2/mux2/mux2.sv /workspaces/lab-1-structural-verilog-isabellaPhung/part3/counter/mux.sv /workspaces/lab-1-structural-verilog-isabellaPhung/part2/adder/adder.sv /workspaces/lab-1-structural-verilog-isabellaPhung/part2/full_add/full_add.sv /workspaces/lab-1-structural-verilog-isabellaPhung/part2/half_add/half_add.sv /workspaces/lab-1-structural-verilog-isabellaPhung/part2/xor2/xor2.sv /workspaces/lab-1-structural-verilog-isabellaPhung/provided/and2.sv /workspaces/lab-1-structural-verilog-isabellaPhung/provided/or2.sv /workspaces/lab-1-structural-verilog-isabellaPhung/provided/inv.sv /workspaces/lab-1-structural-verilog-isabellaPhung/provided/dff.sv /workspaces/lab-1-structural-verilog-isabellaPhung/provided/hex2ssd.sv
INFO     cocotb:simulator.py:334 Running command: make -C /workspaces/lab-1-structural-verilog-isabellaPhung/part3/counter/build/width_p=5 -f Vtop.mk
INFO     cocotb:simulator.py:305 make[1]: Entering directory '/workspaces/lab-1-structural-verilog-isabellaPhung/part3/counter/build/width_p=5'
INFO     cocotb:simulator.py:305 make[1]: Nothing to be done for 'default'.
INFO     cocotb:simulator.py:305 make[1]: Leaving directory '/workspaces/lab-1-structural-verilog-isabellaPhung/part3/counter/build/width_p=5'
INFO     cocotb:simulator.py:334 Running command: /workspaces/lab-1-structural-verilog-isabellaPhung/part3/counter/build/width_p=5/counter
INFO     cocotb:simulator.py:305      -.--ns INFO     gpi                                ..mbed/gpi_embed.cpp:79   in set_program_name_in_venv        Did not detect Python virtual environment. Using system-wide Python interpreter
INFO     cocotb:simulator.py:305      -.--ns INFO     gpi                                ../gpi/GpiCommon.cpp:101  in gpi_print_registered_impl       VPI registered
INFO     cocotb:simulator.py:305      0.00ns INFO     cocotb                             Running on Verilator version 5.020 2024-01-01
INFO     cocotb:simulator.py:305      0.00ns INFO     cocotb                             Running tests with cocotb v1.9.1 from /usr/local/lib/python3.10/dist-packages/cocotb
INFO     cocotb:simulator.py:305      0.00ns INFO     cocotb                             Seeding Python random module with 1727901260
INFO     cocotb:simulator.py:305      0.00ns INFO     cocotb.regression                  Found test test_counter.updown_test
INFO     cocotb:simulator.py:305      0.00ns INFO     cocotb.regression                  running updown_test (1/1)
INFO     cocotb:simulator.py:305                                                           Test for up_i and down_i (Simultaneously)
INFO     cocotb:simulator.py:305     24.50ns INFO     cocotb.regression                  updown_test passed
INFO     cocotb:simulator.py:305     24.50ns INFO     cocotb.regression                  **************************************************************************************
INFO     cocotb:simulator.py:305                                                         ** TEST                          STATUS  SIM TIME (ns)  REAL TIME (s)  RATIO (ns/s) **
INFO     cocotb:simulator.py:305                                                         **************************************************************************************
INFO     cocotb:simulator.py:305                                                         ** test_counter.updown_test       PASS          24.50           0.00       9563.95  **
INFO     cocotb:simulator.py:305                                                         **************************************************************************************
INFO     cocotb:simulator.py:305                                                         ** TESTS=1 PASS=1 FAIL=0 SKIP=0                 24.50           0.12        210.05  **
INFO     cocotb:simulator.py:305                                                         **************************************************************************************
INFO     cocotb:simulator.py:305 
INFO     cocotb:simulator.py:305 - :0: Verilog $finish
INFO     cocotb:simulator.py:262 Results file: /workspaces/lab-1-structural-verilog-isabellaPhung/part3/counter/build/width_p=5/v9fv9kq1_results.xml
______________ test_each_runner[test_name=updown_test-width_p=4] _______________
------------------------------ Captured log call -------------------------------
INFO     cocotb:simulator.py:334 Running command: perl /usr/local/bin/verilator -cc --exe -Mdir /workspaces/lab-1-structural-verilog-isabellaPhung/part3/counter/build/width_p=4 -DCOCOTB_SIM=1 --top-module counter --vpi --public-flat-rw --prefix Vtop -o counter -LDFLAGS -Wl,-rpath,/usr/local/lib/python3.10/dist-packages/cocotb/libs -L/usr/local/lib/python3.10/dist-packages/cocotb/libs -lcocotbvpi_verilator -Wno-fatal --trace-fst --trace-structs --timescale 1ps/1ps -Gwidth_p=4 /usr/local/lib/python3.10/dist-packages/cocotb/share/lib/verilator/verilator.cpp /workspaces/lab-1-structural-verilog-isabellaPhung/part3/counter/counter.sv /workspaces/lab-1-structural-verilog-isabellaPhung/part2/mux2/mux2.sv /workspaces/lab-1-structural-verilog-isabellaPhung/part3/counter/mux.sv /workspaces/lab-1-structural-verilog-isabellaPhung/part2/adder/adder.sv /workspaces/lab-1-structural-verilog-isabellaPhung/part2/full_add/full_add.sv /workspaces/lab-1-structural-verilog-isabellaPhung/part2/half_add/half_add.sv /workspaces/lab-1-structural-verilog-isabellaPhung/part2/xor2/xor2.sv /workspaces/lab-1-structural-verilog-isabellaPhung/provided/and2.sv /workspaces/lab-1-structural-verilog-isabellaPhung/provided/or2.sv /workspaces/lab-1-structural-verilog-isabellaPhung/provided/inv.sv /workspaces/lab-1-structural-verilog-isabellaPhung/provided/dff.sv /workspaces/lab-1-structural-verilog-isabellaPhung/provided/hex2ssd.sv
INFO     cocotb:simulator.py:334 Running command: make -C /workspaces/lab-1-structural-verilog-isabellaPhung/part3/counter/build/width_p=4 -f Vtop.mk
INFO     cocotb:simulator.py:305 make[1]: Entering directory '/workspaces/lab-1-structural-verilog-isabellaPhung/part3/counter/build/width_p=4'
INFO     cocotb:simulator.py:305 make[1]: Nothing to be done for 'default'.
INFO     cocotb:simulator.py:305 make[1]: Leaving directory '/workspaces/lab-1-structural-verilog-isabellaPhung/part3/counter/build/width_p=4'
INFO     cocotb:simulator.py:334 Running command: /workspaces/lab-1-structural-verilog-isabellaPhung/part3/counter/build/width_p=4/counter
INFO     cocotb:simulator.py:305      -.--ns INFO     gpi                                ..mbed/gpi_embed.cpp:79   in set_program_name_in_venv        Did not detect Python virtual environment. Using system-wide Python interpreter
INFO     cocotb:simulator.py:305      -.--ns INFO     gpi                                ../gpi/GpiCommon.cpp:101  in gpi_print_registered_impl       VPI registered
INFO     cocotb:simulator.py:305      0.00ns INFO     cocotb                             Running on Verilator version 5.020 2024-01-01
INFO     cocotb:simulator.py:305      0.00ns INFO     cocotb                             Running tests with cocotb v1.9.1 from /usr/local/lib/python3.10/dist-packages/cocotb
INFO     cocotb:simulator.py:305      0.00ns INFO     cocotb                             Seeding Python random module with 1727901260
INFO     cocotb:simulator.py:305      0.00ns INFO     cocotb.regression                  Found test test_counter.updown_test
INFO     cocotb:simulator.py:305      0.00ns INFO     cocotb.regression                  running updown_test (1/1)
INFO     cocotb:simulator.py:305                                                           Test for up_i and down_i (Simultaneously)
INFO     cocotb:simulator.py:305     24.50ns INFO     cocotb.regression                  updown_test passed
INFO     cocotb:simulator.py:305     24.50ns INFO     cocotb.regression                  **************************************************************************************
INFO     cocotb:simulator.py:305                                                         ** TEST                          STATUS  SIM TIME (ns)  REAL TIME (s)  RATIO (ns/s) **
INFO     cocotb:simulator.py:305                                                         **************************************************************************************
INFO     cocotb:simulator.py:305                                                         ** test_counter.updown_test       PASS          24.50           0.00       9761.08  **
INFO     cocotb:simulator.py:305                                                         **************************************************************************************
INFO     cocotb:simulator.py:305                                                         ** TESTS=1 PASS=1 FAIL=0 SKIP=0                 24.50           0.12        208.70  **
INFO     cocotb:simulator.py:305                                                         **************************************************************************************
INFO     cocotb:simulator.py:305 
INFO     cocotb:simulator.py:305 - :0: Verilog $finish
INFO     cocotb:simulator.py:262 Results file: /workspaces/lab-1-structural-verilog-isabellaPhung/part3/counter/build/width_p=4/k__i_n72_results.xml
_____________ test_each_runner[test_name=overflow_test-width_p=2] ______________
------------------------------ Captured log call -------------------------------
INFO     cocotb:simulator.py:334 Running command: perl /usr/local/bin/verilator -cc --exe -Mdir /workspaces/lab-1-structural-verilog-isabellaPhung/part3/counter/build/width_p=2 -DCOCOTB_SIM=1 --top-module counter --vpi --public-flat-rw --prefix Vtop -o counter -LDFLAGS -Wl,-rpath,/usr/local/lib/python3.10/dist-packages/cocotb/libs -L/usr/local/lib/python3.10/dist-packages/cocotb/libs -lcocotbvpi_verilator -Wno-fatal --trace-fst --trace-structs --timescale 1ps/1ps -Gwidth_p=2 /usr/local/lib/python3.10/dist-packages/cocotb/share/lib/verilator/verilator.cpp /workspaces/lab-1-structural-verilog-isabellaPhung/part3/counter/counter.sv /workspaces/lab-1-structural-verilog-isabellaPhung/part2/mux2/mux2.sv /workspaces/lab-1-structural-verilog-isabellaPhung/part3/counter/mux.sv /workspaces/lab-1-structural-verilog-isabellaPhung/part2/adder/adder.sv /workspaces/lab-1-structural-verilog-isabellaPhung/part2/full_add/full_add.sv /workspaces/lab-1-structural-verilog-isabellaPhung/part2/half_add/half_add.sv /workspaces/lab-1-structural-verilog-isabellaPhung/part2/xor2/xor2.sv /workspaces/lab-1-structural-verilog-isabellaPhung/provided/and2.sv /workspaces/lab-1-structural-verilog-isabellaPhung/provided/or2.sv /workspaces/lab-1-structural-verilog-isabellaPhung/provided/inv.sv /workspaces/lab-1-structural-verilog-isabellaPhung/provided/dff.sv /workspaces/lab-1-structural-verilog-isabellaPhung/provided/hex2ssd.sv
INFO     cocotb:simulator.py:334 Running command: make -C /workspaces/lab-1-structural-verilog-isabellaPhung/part3/counter/build/width_p=2 -f Vtop.mk
INFO     cocotb:simulator.py:305 make[1]: Entering directory '/workspaces/lab-1-structural-verilog-isabellaPhung/part3/counter/build/width_p=2'
INFO     cocotb:simulator.py:305 make[1]: Nothing to be done for 'default'.
INFO     cocotb:simulator.py:305 make[1]: Leaving directory '/workspaces/lab-1-structural-verilog-isabellaPhung/part3/counter/build/width_p=2'
INFO     cocotb:simulator.py:334 Running command: /workspaces/lab-1-structural-verilog-isabellaPhung/part3/counter/build/width_p=2/counter
INFO     cocotb:simulator.py:305      -.--ns INFO     gpi                                ..mbed/gpi_embed.cpp:79   in set_program_name_in_venv        Did not detect Python virtual environment. Using system-wide Python interpreter
INFO     cocotb:simulator.py:305      -.--ns INFO     gpi                                ../gpi/GpiCommon.cpp:101  in gpi_print_registered_impl       VPI registered
INFO     cocotb:simulator.py:305      0.00ns INFO     cocotb                             Running on Verilator version 5.020 2024-01-01
INFO     cocotb:simulator.py:305      0.00ns INFO     cocotb                             Running tests with cocotb v1.9.1 from /usr/local/lib/python3.10/dist-packages/cocotb
INFO     cocotb:simulator.py:305      0.00ns INFO     cocotb                             Seeding Python random module with 1727901261
INFO     cocotb:simulator.py:305      0.00ns INFO     cocotb.regression                  Found test test_counter.overflow_test
INFO     cocotb:simulator.py:305      0.00ns INFO     cocotb.regression                  running overflow_test (1/1)
INFO     cocotb:simulator.py:305                                                           Test for Overflow
INFO     cocotb:simulator.py:305     27.00ns INFO     cocotb.regression                  overflow_test passed
INFO     cocotb:simulator.py:305     27.00ns INFO     cocotb.regression                  **************************************************************************************
INFO     cocotb:simulator.py:305                                                         ** TEST                          STATUS  SIM TIME (ns)  REAL TIME (s)  RATIO (ns/s) **
INFO     cocotb:simulator.py:305                                                         **************************************************************************************
INFO     cocotb:simulator.py:305                                                         ** test_counter.overflow_test     PASS          27.00           0.00       8617.44  **
INFO     cocotb:simulator.py:305                                                         **************************************************************************************
INFO     cocotb:simulator.py:305                                                         ** TESTS=1 PASS=1 FAIL=0 SKIP=0                 27.00           0.12        230.14  **
INFO     cocotb:simulator.py:305                                                         **************************************************************************************
INFO     cocotb:simulator.py:305 
INFO     cocotb:simulator.py:305 - :0: Verilog $finish
INFO     cocotb:simulator.py:262 Results file: /workspaces/lab-1-structural-verilog-isabellaPhung/part3/counter/build/width_p=2/ldazglyh_results.xml
_____________ test_each_runner[test_name=overflow_test-width_p=7] ______________
------------------------------ Captured log call -------------------------------
INFO     cocotb:simulator.py:334 Running command: perl /usr/local/bin/verilator -cc --exe -Mdir /workspaces/lab-1-structural-verilog-isabellaPhung/part3/counter/build/width_p=7 -DCOCOTB_SIM=1 --top-module counter --vpi --public-flat-rw --prefix Vtop -o counter -LDFLAGS -Wl,-rpath,/usr/local/lib/python3.10/dist-packages/cocotb/libs -L/usr/local/lib/python3.10/dist-packages/cocotb/libs -lcocotbvpi_verilator -Wno-fatal --trace-fst --trace-structs --timescale 1ps/1ps -Gwidth_p=7 /usr/local/lib/python3.10/dist-packages/cocotb/share/lib/verilator/verilator.cpp /workspaces/lab-1-structural-verilog-isabellaPhung/part3/counter/counter.sv /workspaces/lab-1-structural-verilog-isabellaPhung/part2/mux2/mux2.sv /workspaces/lab-1-structural-verilog-isabellaPhung/part3/counter/mux.sv /workspaces/lab-1-structural-verilog-isabellaPhung/part2/adder/adder.sv /workspaces/lab-1-structural-verilog-isabellaPhung/part2/full_add/full_add.sv /workspaces/lab-1-structural-verilog-isabellaPhung/part2/half_add/half_add.sv /workspaces/lab-1-structural-verilog-isabellaPhung/part2/xor2/xor2.sv /workspaces/lab-1-structural-verilog-isabellaPhung/provided/and2.sv /workspaces/lab-1-structural-verilog-isabellaPhung/provided/or2.sv /workspaces/lab-1-structural-verilog-isabellaPhung/provided/inv.sv /workspaces/lab-1-structural-verilog-isabellaPhung/provided/dff.sv /workspaces/lab-1-structural-verilog-isabellaPhung/provided/hex2ssd.sv
INFO     cocotb:simulator.py:334 Running command: make -C /workspaces/lab-1-structural-verilog-isabellaPhung/part3/counter/build/width_p=7 -f Vtop.mk
INFO     cocotb:simulator.py:305 make[1]: Entering directory '/workspaces/lab-1-structural-verilog-isabellaPhung/part3/counter/build/width_p=7'
INFO     cocotb:simulator.py:305 make[1]: Nothing to be done for 'default'.
INFO     cocotb:simulator.py:305 make[1]: Leaving directory '/workspaces/lab-1-structural-verilog-isabellaPhung/part3/counter/build/width_p=7'
INFO     cocotb:simulator.py:334 Running command: /workspaces/lab-1-structural-verilog-isabellaPhung/part3/counter/build/width_p=7/counter
INFO     cocotb:simulator.py:305      -.--ns INFO     gpi                                ..mbed/gpi_embed.cpp:79   in set_program_name_in_venv        Did not detect Python virtual environment. Using system-wide Python interpreter
INFO     cocotb:simulator.py:305      -.--ns INFO     gpi                                ../gpi/GpiCommon.cpp:101  in gpi_print_registered_impl       VPI registered
INFO     cocotb:simulator.py:305      0.00ns INFO     cocotb                             Running on Verilator version 5.020 2024-01-01
INFO     cocotb:simulator.py:305      0.00ns INFO     cocotb                             Running tests with cocotb v1.9.1 from /usr/local/lib/python3.10/dist-packages/cocotb
INFO     cocotb:simulator.py:305      0.00ns INFO     cocotb                             Seeding Python random module with 1727901261
INFO     cocotb:simulator.py:305      0.00ns INFO     cocotb.regression                  Found test test_counter.overflow_test
INFO     cocotb:simulator.py:305      0.00ns INFO     cocotb.regression                  running overflow_test (1/1)
INFO     cocotb:simulator.py:305                                                           Test for Overflow
INFO     cocotb:simulator.py:305    151.00ns INFO     cocotb.regression                  overflow_test passed
INFO     cocotb:simulator.py:305    151.00ns INFO     cocotb.regression                  **************************************************************************************
INFO     cocotb:simulator.py:305                                                         ** TEST                          STATUS  SIM TIME (ns)  REAL TIME (s)  RATIO (ns/s) **
INFO     cocotb:simulator.py:305                                                         **************************************************************************************
INFO     cocotb:simulator.py:305                                                         ** test_counter.overflow_test     PASS         151.00           0.02       8260.33  **
INFO     cocotb:simulator.py:305                                                         **************************************************************************************
INFO     cocotb:simulator.py:305                                                         ** TESTS=1 PASS=1 FAIL=0 SKIP=0                151.00           0.13       1121.04  **
INFO     cocotb:simulator.py:305                                                         **************************************************************************************
INFO     cocotb:simulator.py:305 
INFO     cocotb:simulator.py:305 - :0: Verilog $finish
INFO     cocotb:simulator.py:262 Results file: /workspaces/lab-1-structural-verilog-isabellaPhung/part3/counter/build/width_p=7/bdjxislj_results.xml
_____________ test_each_runner[test_name=overflow_test-width_p=5] ______________
------------------------------ Captured log call -------------------------------
INFO     cocotb:simulator.py:334 Running command: perl /usr/local/bin/verilator -cc --exe -Mdir /workspaces/lab-1-structural-verilog-isabellaPhung/part3/counter/build/width_p=5 -DCOCOTB_SIM=1 --top-module counter --vpi --public-flat-rw --prefix Vtop -o counter -LDFLAGS -Wl,-rpath,/usr/local/lib/python3.10/dist-packages/cocotb/libs -L/usr/local/lib/python3.10/dist-packages/cocotb/libs -lcocotbvpi_verilator -Wno-fatal --trace-fst --trace-structs --timescale 1ps/1ps -Gwidth_p=5 /usr/local/lib/python3.10/dist-packages/cocotb/share/lib/verilator/verilator.cpp /workspaces/lab-1-structural-verilog-isabellaPhung/part3/counter/counter.sv /workspaces/lab-1-structural-verilog-isabellaPhung/part2/mux2/mux2.sv /workspaces/lab-1-structural-verilog-isabellaPhung/part3/counter/mux.sv /workspaces/lab-1-structural-verilog-isabellaPhung/part2/adder/adder.sv /workspaces/lab-1-structural-verilog-isabellaPhung/part2/full_add/full_add.sv /workspaces/lab-1-structural-verilog-isabellaPhung/part2/half_add/half_add.sv /workspaces/lab-1-structural-verilog-isabellaPhung/part2/xor2/xor2.sv /workspaces/lab-1-structural-verilog-isabellaPhung/provided/and2.sv /workspaces/lab-1-structural-verilog-isabellaPhung/provided/or2.sv /workspaces/lab-1-structural-verilog-isabellaPhung/provided/inv.sv /workspaces/lab-1-structural-verilog-isabellaPhung/provided/dff.sv /workspaces/lab-1-structural-verilog-isabellaPhung/provided/hex2ssd.sv
INFO     cocotb:simulator.py:334 Running command: make -C /workspaces/lab-1-structural-verilog-isabellaPhung/part3/counter/build/width_p=5 -f Vtop.mk
INFO     cocotb:simulator.py:305 make[1]: Entering directory '/workspaces/lab-1-structural-verilog-isabellaPhung/part3/counter/build/width_p=5'
INFO     cocotb:simulator.py:305 make[1]: Nothing to be done for 'default'.
INFO     cocotb:simulator.py:305 make[1]: Leaving directory '/workspaces/lab-1-structural-verilog-isabellaPhung/part3/counter/build/width_p=5'
INFO     cocotb:simulator.py:334 Running command: /workspaces/lab-1-structural-verilog-isabellaPhung/part3/counter/build/width_p=5/counter
INFO     cocotb:simulator.py:305      -.--ns INFO     gpi                                ..mbed/gpi_embed.cpp:79   in set_program_name_in_venv        Did not detect Python virtual environment. Using system-wide Python interpreter
INFO     cocotb:simulator.py:305      -.--ns INFO     gpi                                ../gpi/GpiCommon.cpp:101  in gpi_print_registered_impl       VPI registered
INFO     cocotb:simulator.py:305      0.00ns INFO     cocotb                             Running on Verilator version 5.020 2024-01-01
INFO     cocotb:simulator.py:305      0.00ns INFO     cocotb                             Running tests with cocotb v1.9.1 from /usr/local/lib/python3.10/dist-packages/cocotb
INFO     cocotb:simulator.py:305      0.00ns INFO     cocotb                             Seeding Python random module with 1727901261
INFO     cocotb:simulator.py:305      0.00ns INFO     cocotb.regression                  Found test test_counter.overflow_test
INFO     cocotb:simulator.py:305      0.00ns INFO     cocotb.regression                  running overflow_test (1/1)
INFO     cocotb:simulator.py:305                                                           Test for Overflow
INFO     cocotb:simulator.py:305     55.00ns INFO     cocotb.regression                  overflow_test passed
INFO     cocotb:simulator.py:305     55.00ns INFO     cocotb.regression                  **************************************************************************************
INFO     cocotb:simulator.py:305                                                         ** TEST                          STATUS  SIM TIME (ns)  REAL TIME (s)  RATIO (ns/s) **
INFO     cocotb:simulator.py:305                                                         **************************************************************************************
INFO     cocotb:simulator.py:305                                                         ** test_counter.overflow_test     PASS          55.00           0.01       8367.16  **
INFO     cocotb:simulator.py:305                                                         **************************************************************************************
INFO     cocotb:simulator.py:305                                                         ** TESTS=1 PASS=1 FAIL=0 SKIP=0                 55.00           0.12        456.87  **
INFO     cocotb:simulator.py:305                                                         **************************************************************************************
INFO     cocotb:simulator.py:305 
INFO     cocotb:simulator.py:305 - :0: Verilog $finish
INFO     cocotb:simulator.py:262 Results file: /workspaces/lab-1-structural-verilog-isabellaPhung/part3/counter/build/width_p=5/_b9zh0rc_results.xml
_____________ test_each_runner[test_name=overflow_test-width_p=4] ______________
------------------------------ Captured log call -------------------------------
INFO     cocotb:simulator.py:334 Running command: perl /usr/local/bin/verilator -cc --exe -Mdir /workspaces/lab-1-structural-verilog-isabellaPhung/part3/counter/build/width_p=4 -DCOCOTB_SIM=1 --top-module counter --vpi --public-flat-rw --prefix Vtop -o counter -LDFLAGS -Wl,-rpath,/usr/local/lib/python3.10/dist-packages/cocotb/libs -L/usr/local/lib/python3.10/dist-packages/cocotb/libs -lcocotbvpi_verilator -Wno-fatal --trace-fst --trace-structs --timescale 1ps/1ps -Gwidth_p=4 /usr/local/lib/python3.10/dist-packages/cocotb/share/lib/verilator/verilator.cpp /workspaces/lab-1-structural-verilog-isabellaPhung/part3/counter/counter.sv /workspaces/lab-1-structural-verilog-isabellaPhung/part2/mux2/mux2.sv /workspaces/lab-1-structural-verilog-isabellaPhung/part3/counter/mux.sv /workspaces/lab-1-structural-verilog-isabellaPhung/part2/adder/adder.sv /workspaces/lab-1-structural-verilog-isabellaPhung/part2/full_add/full_add.sv /workspaces/lab-1-structural-verilog-isabellaPhung/part2/half_add/half_add.sv /workspaces/lab-1-structural-verilog-isabellaPhung/part2/xor2/xor2.sv /workspaces/lab-1-structural-verilog-isabellaPhung/provided/and2.sv /workspaces/lab-1-structural-verilog-isabellaPhung/provided/or2.sv /workspaces/lab-1-structural-verilog-isabellaPhung/provided/inv.sv /workspaces/lab-1-structural-verilog-isabellaPhung/provided/dff.sv /workspaces/lab-1-structural-verilog-isabellaPhung/provided/hex2ssd.sv
INFO     cocotb:simulator.py:334 Running command: make -C /workspaces/lab-1-structural-verilog-isabellaPhung/part3/counter/build/width_p=4 -f Vtop.mk
INFO     cocotb:simulator.py:305 make[1]: Entering directory '/workspaces/lab-1-structural-verilog-isabellaPhung/part3/counter/build/width_p=4'
INFO     cocotb:simulator.py:305 make[1]: Nothing to be done for 'default'.
INFO     cocotb:simulator.py:305 make[1]: Leaving directory '/workspaces/lab-1-structural-verilog-isabellaPhung/part3/counter/build/width_p=4'
INFO     cocotb:simulator.py:334 Running command: /workspaces/lab-1-structural-verilog-isabellaPhung/part3/counter/build/width_p=4/counter
INFO     cocotb:simulator.py:305      -.--ns INFO     gpi                                ..mbed/gpi_embed.cpp:79   in set_program_name_in_venv        Did not detect Python virtual environment. Using system-wide Python interpreter
INFO     cocotb:simulator.py:305      -.--ns INFO     gpi                                ../gpi/GpiCommon.cpp:101  in gpi_print_registered_impl       VPI registered
INFO     cocotb:simulator.py:305      0.00ns INFO     cocotb                             Running on Verilator version 5.020 2024-01-01
INFO     cocotb:simulator.py:305      0.00ns INFO     cocotb                             Running tests with cocotb v1.9.1 from /usr/local/lib/python3.10/dist-packages/cocotb
INFO     cocotb:simulator.py:305      0.00ns INFO     cocotb                             Seeding Python random module with 1727901262
INFO     cocotb:simulator.py:305      0.00ns INFO     cocotb.regression                  Found test test_counter.overflow_test
INFO     cocotb:simulator.py:305      0.00ns INFO     cocotb.regression                  running overflow_test (1/1)
INFO     cocotb:simulator.py:305                                                           Test for Overflow
INFO     cocotb:simulator.py:305     39.00ns INFO     cocotb.regression                  overflow_test passed
INFO     cocotb:simulator.py:305     39.00ns INFO     cocotb.regression                  **************************************************************************************
INFO     cocotb:simulator.py:305                                                         ** TEST                          STATUS  SIM TIME (ns)  REAL TIME (s)  RATIO (ns/s) **
INFO     cocotb:simulator.py:305                                                         **************************************************************************************
INFO     cocotb:simulator.py:305                                                         ** test_counter.overflow_test     PASS          39.00           0.00       8291.03  **
INFO     cocotb:simulator.py:305                                                         **************************************************************************************
INFO     cocotb:simulator.py:305                                                         ** TESTS=1 PASS=1 FAIL=0 SKIP=0                 39.00           0.12        326.23  **
INFO     cocotb:simulator.py:305                                                         **************************************************************************************
INFO     cocotb:simulator.py:305 
INFO     cocotb:simulator.py:305 - :0: Verilog $finish
INFO     cocotb:simulator.py:262 Results file: /workspaces/lab-1-structural-verilog-isabellaPhung/part3/counter/build/width_p=4/euqg98as_results.xml
_____________ test_each_runner[test_name=underflow_test-width_p=2] _____________
------------------------------ Captured log call -------------------------------
INFO     cocotb:simulator.py:334 Running command: perl /usr/local/bin/verilator -cc --exe -Mdir /workspaces/lab-1-structural-verilog-isabellaPhung/part3/counter/build/width_p=2 -DCOCOTB_SIM=1 --top-module counter --vpi --public-flat-rw --prefix Vtop -o counter -LDFLAGS -Wl,-rpath,/usr/local/lib/python3.10/dist-packages/cocotb/libs -L/usr/local/lib/python3.10/dist-packages/cocotb/libs -lcocotbvpi_verilator -Wno-fatal --trace-fst --trace-structs --timescale 1ps/1ps -Gwidth_p=2 /usr/local/lib/python3.10/dist-packages/cocotb/share/lib/verilator/verilator.cpp /workspaces/lab-1-structural-verilog-isabellaPhung/part3/counter/counter.sv /workspaces/lab-1-structural-verilog-isabellaPhung/part2/mux2/mux2.sv /workspaces/lab-1-structural-verilog-isabellaPhung/part3/counter/mux.sv /workspaces/lab-1-structural-verilog-isabellaPhung/part2/adder/adder.sv /workspaces/lab-1-structural-verilog-isabellaPhung/part2/full_add/full_add.sv /workspaces/lab-1-structural-verilog-isabellaPhung/part2/half_add/half_add.sv /workspaces/lab-1-structural-verilog-isabellaPhung/part2/xor2/xor2.sv /workspaces/lab-1-structural-verilog-isabellaPhung/provided/and2.sv /workspaces/lab-1-structural-verilog-isabellaPhung/provided/or2.sv /workspaces/lab-1-structural-verilog-isabellaPhung/provided/inv.sv /workspaces/lab-1-structural-verilog-isabellaPhung/provided/dff.sv /workspaces/lab-1-structural-verilog-isabellaPhung/provided/hex2ssd.sv
INFO     cocotb:simulator.py:334 Running command: make -C /workspaces/lab-1-structural-verilog-isabellaPhung/part3/counter/build/width_p=2 -f Vtop.mk
INFO     cocotb:simulator.py:305 make[1]: Entering directory '/workspaces/lab-1-structural-verilog-isabellaPhung/part3/counter/build/width_p=2'
INFO     cocotb:simulator.py:305 make[1]: Nothing to be done for 'default'.
INFO     cocotb:simulator.py:305 make[1]: Leaving directory '/workspaces/lab-1-structural-verilog-isabellaPhung/part3/counter/build/width_p=2'
INFO     cocotb:simulator.py:334 Running command: /workspaces/lab-1-structural-verilog-isabellaPhung/part3/counter/build/width_p=2/counter
INFO     cocotb:simulator.py:305      -.--ns INFO     gpi                                ..mbed/gpi_embed.cpp:79   in set_program_name_in_venv        Did not detect Python virtual environment. Using system-wide Python interpreter
INFO     cocotb:simulator.py:305      -.--ns INFO     gpi                                ../gpi/GpiCommon.cpp:101  in gpi_print_registered_impl       VPI registered
INFO     cocotb:simulator.py:305      0.00ns INFO     cocotb                             Running on Verilator version 5.020 2024-01-01
INFO     cocotb:simulator.py:305      0.00ns INFO     cocotb                             Running tests with cocotb v1.9.1 from /usr/local/lib/python3.10/dist-packages/cocotb
INFO     cocotb:simulator.py:305      0.00ns INFO     cocotb                             Seeding Python random module with 1727901262
INFO     cocotb:simulator.py:305      0.00ns INFO     cocotb.regression                  Found test test_counter.underflow_test
INFO     cocotb:simulator.py:305      0.00ns INFO     cocotb.regression                  running underflow_test (1/1)
INFO     cocotb:simulator.py:305                                                           Test for Underflow
INFO     cocotb:simulator.py:305     24.00ns INFO     cocotb.regression                  underflow_test passed
INFO     cocotb:simulator.py:305     24.00ns INFO     cocotb.regression                  **************************************************************************************
INFO     cocotb:simulator.py:305                                                         ** TEST                          STATUS  SIM TIME (ns)  REAL TIME (s)  RATIO (ns/s) **
INFO     cocotb:simulator.py:305                                                         **************************************************************************************
INFO     cocotb:simulator.py:305                                                         ** test_counter.underflow_test    PASS          24.00           0.00       8612.89  **
INFO     cocotb:simulator.py:305                                                         **************************************************************************************
INFO     cocotb:simulator.py:305                                                         ** TESTS=1 PASS=1 FAIL=0 SKIP=0                 24.00           0.12        202.77  **
INFO     cocotb:simulator.py:305                                                         **************************************************************************************
INFO     cocotb:simulator.py:305 
INFO     cocotb:simulator.py:305 - :0: Verilog $finish
INFO     cocotb:simulator.py:262 Results file: /workspaces/lab-1-structural-verilog-isabellaPhung/part3/counter/build/width_p=2/3zizoe8q_results.xml
_____________ test_each_runner[test_name=underflow_test-width_p=7] _____________
------------------------------ Captured log call -------------------------------
INFO     cocotb:simulator.py:334 Running command: perl /usr/local/bin/verilator -cc --exe -Mdir /workspaces/lab-1-structural-verilog-isabellaPhung/part3/counter/build/width_p=7 -DCOCOTB_SIM=1 --top-module counter --vpi --public-flat-rw --prefix Vtop -o counter -LDFLAGS -Wl,-rpath,/usr/local/lib/python3.10/dist-packages/cocotb/libs -L/usr/local/lib/python3.10/dist-packages/cocotb/libs -lcocotbvpi_verilator -Wno-fatal --trace-fst --trace-structs --timescale 1ps/1ps -Gwidth_p=7 /usr/local/lib/python3.10/dist-packages/cocotb/share/lib/verilator/verilator.cpp /workspaces/lab-1-structural-verilog-isabellaPhung/part3/counter/counter.sv /workspaces/lab-1-structural-verilog-isabellaPhung/part2/mux2/mux2.sv /workspaces/lab-1-structural-verilog-isabellaPhung/part3/counter/mux.sv /workspaces/lab-1-structural-verilog-isabellaPhung/part2/adder/adder.sv /workspaces/lab-1-structural-verilog-isabellaPhung/part2/full_add/full_add.sv /workspaces/lab-1-structural-verilog-isabellaPhung/part2/half_add/half_add.sv /workspaces/lab-1-structural-verilog-isabellaPhung/part2/xor2/xor2.sv /workspaces/lab-1-structural-verilog-isabellaPhung/provided/and2.sv /workspaces/lab-1-structural-verilog-isabellaPhung/provided/or2.sv /workspaces/lab-1-structural-verilog-isabellaPhung/provided/inv.sv /workspaces/lab-1-structural-verilog-isabellaPhung/provided/dff.sv /workspaces/lab-1-structural-verilog-isabellaPhung/provided/hex2ssd.sv
INFO     cocotb:simulator.py:334 Running command: make -C /workspaces/lab-1-structural-verilog-isabellaPhung/part3/counter/build/width_p=7 -f Vtop.mk
INFO     cocotb:simulator.py:305 make[1]: Entering directory '/workspaces/lab-1-structural-verilog-isabellaPhung/part3/counter/build/width_p=7'
INFO     cocotb:simulator.py:305 make[1]: Nothing to be done for 'default'.
INFO     cocotb:simulator.py:305 make[1]: Leaving directory '/workspaces/lab-1-structural-verilog-isabellaPhung/part3/counter/build/width_p=7'
INFO     cocotb:simulator.py:334 Running command: /workspaces/lab-1-structural-verilog-isabellaPhung/part3/counter/build/width_p=7/counter
INFO     cocotb:simulator.py:305      -.--ns INFO     gpi                                ..mbed/gpi_embed.cpp:79   in set_program_name_in_venv        Did not detect Python virtual environment. Using system-wide Python interpreter
INFO     cocotb:simulator.py:305      -.--ns INFO     gpi                                ../gpi/GpiCommon.cpp:101  in gpi_print_registered_impl       VPI registered
INFO     cocotb:simulator.py:305      0.00ns INFO     cocotb                             Running on Verilator version 5.020 2024-01-01
INFO     cocotb:simulator.py:305      0.00ns INFO     cocotb                             Running tests with cocotb v1.9.1 from /usr/local/lib/python3.10/dist-packages/cocotb
INFO     cocotb:simulator.py:305      0.00ns INFO     cocotb                             Seeding Python random module with 1727901262
INFO     cocotb:simulator.py:305      0.00ns INFO     cocotb.regression                  Found test test_counter.underflow_test
INFO     cocotb:simulator.py:305      0.00ns INFO     cocotb.regression                  running underflow_test (1/1)
INFO     cocotb:simulator.py:305                                                           Test for Underflow
INFO     cocotb:simulator.py:305     24.00ns INFO     cocotb.regression                  underflow_test passed
INFO     cocotb:simulator.py:305     24.00ns INFO     cocotb.regression                  **************************************************************************************
INFO     cocotb:simulator.py:305                                                         ** TEST                          STATUS  SIM TIME (ns)  REAL TIME (s)  RATIO (ns/s) **
INFO     cocotb:simulator.py:305                                                         **************************************************************************************
INFO     cocotb:simulator.py:305                                                         ** test_counter.underflow_test    PASS          24.00           0.00       8853.00  **
INFO     cocotb:simulator.py:305                                                         **************************************************************************************
INFO     cocotb:simulator.py:305                                                         ** TESTS=1 PASS=1 FAIL=0 SKIP=0                 24.00           0.12        205.38  **
INFO     cocotb:simulator.py:305                                                         **************************************************************************************
INFO     cocotb:simulator.py:305 
INFO     cocotb:simulator.py:305 - :0: Verilog $finish
INFO     cocotb:simulator.py:262 Results file: /workspaces/lab-1-structural-verilog-isabellaPhung/part3/counter/build/width_p=7/gcx7g05w_results.xml
_____________ test_each_runner[test_name=underflow_test-width_p=5] _____________
------------------------------ Captured log call -------------------------------
INFO     cocotb:simulator.py:334 Running command: perl /usr/local/bin/verilator -cc --exe -Mdir /workspaces/lab-1-structural-verilog-isabellaPhung/part3/counter/build/width_p=5 -DCOCOTB_SIM=1 --top-module counter --vpi --public-flat-rw --prefix Vtop -o counter -LDFLAGS -Wl,-rpath,/usr/local/lib/python3.10/dist-packages/cocotb/libs -L/usr/local/lib/python3.10/dist-packages/cocotb/libs -lcocotbvpi_verilator -Wno-fatal --trace-fst --trace-structs --timescale 1ps/1ps -Gwidth_p=5 /usr/local/lib/python3.10/dist-packages/cocotb/share/lib/verilator/verilator.cpp /workspaces/lab-1-structural-verilog-isabellaPhung/part3/counter/counter.sv /workspaces/lab-1-structural-verilog-isabellaPhung/part2/mux2/mux2.sv /workspaces/lab-1-structural-verilog-isabellaPhung/part3/counter/mux.sv /workspaces/lab-1-structural-verilog-isabellaPhung/part2/adder/adder.sv /workspaces/lab-1-structural-verilog-isabellaPhung/part2/full_add/full_add.sv /workspaces/lab-1-structural-verilog-isabellaPhung/part2/half_add/half_add.sv /workspaces/lab-1-structural-verilog-isabellaPhung/part2/xor2/xor2.sv /workspaces/lab-1-structural-verilog-isabellaPhung/provided/and2.sv /workspaces/lab-1-structural-verilog-isabellaPhung/provided/or2.sv /workspaces/lab-1-structural-verilog-isabellaPhung/provided/inv.sv /workspaces/lab-1-structural-verilog-isabellaPhung/provided/dff.sv /workspaces/lab-1-structural-verilog-isabellaPhung/provided/hex2ssd.sv
INFO     cocotb:simulator.py:334 Running command: make -C /workspaces/lab-1-structural-verilog-isabellaPhung/part3/counter/build/width_p=5 -f Vtop.mk
INFO     cocotb:simulator.py:305 make[1]: Entering directory '/workspaces/lab-1-structural-verilog-isabellaPhung/part3/counter/build/width_p=5'
INFO     cocotb:simulator.py:305 make[1]: Nothing to be done for 'default'.
INFO     cocotb:simulator.py:305 make[1]: Leaving directory '/workspaces/lab-1-structural-verilog-isabellaPhung/part3/counter/build/width_p=5'
INFO     cocotb:simulator.py:334 Running command: /workspaces/lab-1-structural-verilog-isabellaPhung/part3/counter/build/width_p=5/counter
INFO     cocotb:simulator.py:305      -.--ns INFO     gpi                                ..mbed/gpi_embed.cpp:79   in set_program_name_in_venv        Did not detect Python virtual environment. Using system-wide Python interpreter
INFO     cocotb:simulator.py:305      -.--ns INFO     gpi                                ../gpi/GpiCommon.cpp:101  in gpi_print_registered_impl       VPI registered
INFO     cocotb:simulator.py:305      0.00ns INFO     cocotb                             Running on Verilator version 5.020 2024-01-01
INFO     cocotb:simulator.py:305      0.00ns INFO     cocotb                             Running tests with cocotb v1.9.1 from /usr/local/lib/python3.10/dist-packages/cocotb
INFO     cocotb:simulator.py:305      0.00ns INFO     cocotb                             Seeding Python random module with 1727901263
INFO     cocotb:simulator.py:305      0.00ns INFO     cocotb.regression                  Found test test_counter.underflow_test
INFO     cocotb:simulator.py:305      0.00ns INFO     cocotb.regression                  running underflow_test (1/1)
INFO     cocotb:simulator.py:305                                                           Test for Underflow
INFO     cocotb:simulator.py:305     24.00ns INFO     cocotb.regression                  underflow_test passed
INFO     cocotb:simulator.py:305     24.00ns INFO     cocotb.regression                  **************************************************************************************
INFO     cocotb:simulator.py:305                                                         ** TEST                          STATUS  SIM TIME (ns)  REAL TIME (s)  RATIO (ns/s) **
INFO     cocotb:simulator.py:305                                                         **************************************************************************************
INFO     cocotb:simulator.py:305                                                         ** test_counter.underflow_test    PASS          24.00           0.00       8728.65  **
INFO     cocotb:simulator.py:305                                                         **************************************************************************************
INFO     cocotb:simulator.py:305                                                         ** TESTS=1 PASS=1 FAIL=0 SKIP=0                 24.00           0.12        204.90  **
INFO     cocotb:simulator.py:305                                                         **************************************************************************************
INFO     cocotb:simulator.py:305 
INFO     cocotb:simulator.py:305 - :0: Verilog $finish
INFO     cocotb:simulator.py:262 Results file: /workspaces/lab-1-structural-verilog-isabellaPhung/part3/counter/build/width_p=5/a6nnn4jg_results.xml
_____________ test_each_runner[test_name=underflow_test-width_p=4] _____________
------------------------------ Captured log call -------------------------------
INFO     cocotb:simulator.py:334 Running command: perl /usr/local/bin/verilator -cc --exe -Mdir /workspaces/lab-1-structural-verilog-isabellaPhung/part3/counter/build/width_p=4 -DCOCOTB_SIM=1 --top-module counter --vpi --public-flat-rw --prefix Vtop -o counter -LDFLAGS -Wl,-rpath,/usr/local/lib/python3.10/dist-packages/cocotb/libs -L/usr/local/lib/python3.10/dist-packages/cocotb/libs -lcocotbvpi_verilator -Wno-fatal --trace-fst --trace-structs --timescale 1ps/1ps -Gwidth_p=4 /usr/local/lib/python3.10/dist-packages/cocotb/share/lib/verilator/verilator.cpp /workspaces/lab-1-structural-verilog-isabellaPhung/part3/counter/counter.sv /workspaces/lab-1-structural-verilog-isabellaPhung/part2/mux2/mux2.sv /workspaces/lab-1-structural-verilog-isabellaPhung/part3/counter/mux.sv /workspaces/lab-1-structural-verilog-isabellaPhung/part2/adder/adder.sv /workspaces/lab-1-structural-verilog-isabellaPhung/part2/full_add/full_add.sv /workspaces/lab-1-structural-verilog-isabellaPhung/part2/half_add/half_add.sv /workspaces/lab-1-structural-verilog-isabellaPhung/part2/xor2/xor2.sv /workspaces/lab-1-structural-verilog-isabellaPhung/provided/and2.sv /workspaces/lab-1-structural-verilog-isabellaPhung/provided/or2.sv /workspaces/lab-1-structural-verilog-isabellaPhung/provided/inv.sv /workspaces/lab-1-structural-verilog-isabellaPhung/provided/dff.sv /workspaces/lab-1-structural-verilog-isabellaPhung/provided/hex2ssd.sv
INFO     cocotb:simulator.py:334 Running command: make -C /workspaces/lab-1-structural-verilog-isabellaPhung/part3/counter/build/width_p=4 -f Vtop.mk
INFO     cocotb:simulator.py:305 make[1]: Entering directory '/workspaces/lab-1-structural-verilog-isabellaPhung/part3/counter/build/width_p=4'
INFO     cocotb:simulator.py:305 make[1]: Nothing to be done for 'default'.
INFO     cocotb:simulator.py:305 make[1]: Leaving directory '/workspaces/lab-1-structural-verilog-isabellaPhung/part3/counter/build/width_p=4'
INFO     cocotb:simulator.py:334 Running command: /workspaces/lab-1-structural-verilog-isabellaPhung/part3/counter/build/width_p=4/counter
INFO     cocotb:simulator.py:305      -.--ns INFO     gpi                                ..mbed/gpi_embed.cpp:79   in set_program_name_in_venv        Did not detect Python virtual environment. Using system-wide Python interpreter
INFO     cocotb:simulator.py:305      -.--ns INFO     gpi                                ../gpi/GpiCommon.cpp:101  in gpi_print_registered_impl       VPI registered
INFO     cocotb:simulator.py:305      0.00ns INFO     cocotb                             Running on Verilator version 5.020 2024-01-01
INFO     cocotb:simulator.py:305      0.00ns INFO     cocotb                             Running tests with cocotb v1.9.1 from /usr/local/lib/python3.10/dist-packages/cocotb
INFO     cocotb:simulator.py:305      0.00ns INFO     cocotb                             Seeding Python random module with 1727901263
INFO     cocotb:simulator.py:305      0.00ns INFO     cocotb.regression                  Found test test_counter.underflow_test
INFO     cocotb:simulator.py:305      0.00ns INFO     cocotb.regression                  running underflow_test (1/1)
INFO     cocotb:simulator.py:305                                                           Test for Underflow
INFO     cocotb:simulator.py:305     24.00ns INFO     cocotb.regression                  underflow_test passed
INFO     cocotb:simulator.py:305     24.00ns INFO     cocotb.regression                  **************************************************************************************
INFO     cocotb:simulator.py:305                                                         ** TEST                          STATUS  SIM TIME (ns)  REAL TIME (s)  RATIO (ns/s) **
INFO     cocotb:simulator.py:305                                                         **************************************************************************************
INFO     cocotb:simulator.py:305                                                         ** test_counter.underflow_test    PASS          24.00           0.00       8967.35  **
INFO     cocotb:simulator.py:305                                                         **************************************************************************************
INFO     cocotb:simulator.py:305                                                         ** TESTS=1 PASS=1 FAIL=0 SKIP=0                 24.00           0.12        206.08  **
INFO     cocotb:simulator.py:305                                                         **************************************************************************************
INFO     cocotb:simulator.py:305 
INFO     cocotb:simulator.py:305 - :0: Verilog $finish
INFO     cocotb:simulator.py:262 Results file: /workspaces/lab-1-structural-verilog-isabellaPhung/part3/counter/build/width_p=4/fbbbti9h_results.xml
_____________ test_each_runner[test_name=fuzz_test_001-width_p=2] ______________
------------------------------ Captured log call -------------------------------
INFO     cocotb:simulator.py:334 Running command: perl /usr/local/bin/verilator -cc --exe -Mdir /workspaces/lab-1-structural-verilog-isabellaPhung/part3/counter/build/width_p=2 -DCOCOTB_SIM=1 --top-module counter --vpi --public-flat-rw --prefix Vtop -o counter -LDFLAGS -Wl,-rpath,/usr/local/lib/python3.10/dist-packages/cocotb/libs -L/usr/local/lib/python3.10/dist-packages/cocotb/libs -lcocotbvpi_verilator -Wno-fatal --trace-fst --trace-structs --timescale 1ps/1ps -Gwidth_p=2 /usr/local/lib/python3.10/dist-packages/cocotb/share/lib/verilator/verilator.cpp /workspaces/lab-1-structural-verilog-isabellaPhung/part3/counter/counter.sv /workspaces/lab-1-structural-verilog-isabellaPhung/part2/mux2/mux2.sv /workspaces/lab-1-structural-verilog-isabellaPhung/part3/counter/mux.sv /workspaces/lab-1-structural-verilog-isabellaPhung/part2/adder/adder.sv /workspaces/lab-1-structural-verilog-isabellaPhung/part2/full_add/full_add.sv /workspaces/lab-1-structural-verilog-isabellaPhung/part2/half_add/half_add.sv /workspaces/lab-1-structural-verilog-isabellaPhung/part2/xor2/xor2.sv /workspaces/lab-1-structural-verilog-isabellaPhung/provided/and2.sv /workspaces/lab-1-structural-verilog-isabellaPhung/provided/or2.sv /workspaces/lab-1-structural-verilog-isabellaPhung/provided/inv.sv /workspaces/lab-1-structural-verilog-isabellaPhung/provided/dff.sv /workspaces/lab-1-structural-verilog-isabellaPhung/provided/hex2ssd.sv
INFO     cocotb:simulator.py:334 Running command: make -C /workspaces/lab-1-structural-verilog-isabellaPhung/part3/counter/build/width_p=2 -f Vtop.mk
INFO     cocotb:simulator.py:305 make[1]: Entering directory '/workspaces/lab-1-structural-verilog-isabellaPhung/part3/counter/build/width_p=2'
INFO     cocotb:simulator.py:305 make[1]: Nothing to be done for 'default'.
INFO     cocotb:simulator.py:305 make[1]: Leaving directory '/workspaces/lab-1-structural-verilog-isabellaPhung/part3/counter/build/width_p=2'
INFO     cocotb:simulator.py:334 Running command: /workspaces/lab-1-structural-verilog-isabellaPhung/part3/counter/build/width_p=2/counter
INFO     cocotb:simulator.py:305      -.--ns INFO     gpi                                ..mbed/gpi_embed.cpp:79   in set_program_name_in_venv        Did not detect Python virtual environment. Using system-wide Python interpreter
INFO     cocotb:simulator.py:305      -.--ns INFO     gpi                                ../gpi/GpiCommon.cpp:101  in gpi_print_registered_impl       VPI registered
INFO     cocotb:simulator.py:305      0.00ns INFO     cocotb                             Running on Verilator version 5.020 2024-01-01
INFO     cocotb:simulator.py:305      0.00ns INFO     cocotb                             Running tests with cocotb v1.9.1 from /usr/local/lib/python3.10/dist-packages/cocotb
INFO     cocotb:simulator.py:305      0.00ns INFO     cocotb                             Seeding Python random module with 1727901263
INFO     cocotb:simulator.py:305      0.00ns INFO     cocotb.regression                  Found test test_counter.fuzz_test_001
INFO     cocotb:simulator.py:305      0.00ns INFO     cocotb.regression                  running fuzz_test_001 (1/1)
INFO     cocotb:simulator.py:305                                                           Automatically generated test
INFO     cocotb:simulator.py:305 
INFO     cocotb:simulator.py:305                                                           l: 10
INFO     cocotb:simulator.py:305     34.00ns INFO     cocotb.regression                  fuzz_test_001 passed
INFO     cocotb:simulator.py:305     34.00ns INFO     cocotb.regression                  **************************************************************************************
INFO     cocotb:simulator.py:305                                                         ** TEST                          STATUS  SIM TIME (ns)  REAL TIME (s)  RATIO (ns/s) **
INFO     cocotb:simulator.py:305                                                         **************************************************************************************
INFO     cocotb:simulator.py:305                                                         ** test_counter.fuzz_test_001     PASS          34.00           0.00       9112.49  **
INFO     cocotb:simulator.py:305                                                         **************************************************************************************
INFO     cocotb:simulator.py:305                                                         ** TESTS=1 PASS=1 FAIL=0 SKIP=0                 34.00           0.12        292.55  **
INFO     cocotb:simulator.py:305                                                         **************************************************************************************
INFO     cocotb:simulator.py:305 
INFO     cocotb:simulator.py:305 - :0: Verilog $finish
INFO     cocotb:simulator.py:262 Results file: /workspaces/lab-1-structural-verilog-isabellaPhung/part3/counter/build/width_p=2/zki0eexq_results.xml
_____________ test_each_runner[test_name=fuzz_test_001-width_p=7] ______________
------------------------------ Captured log call -------------------------------
INFO     cocotb:simulator.py:334 Running command: perl /usr/local/bin/verilator -cc --exe -Mdir /workspaces/lab-1-structural-verilog-isabellaPhung/part3/counter/build/width_p=7 -DCOCOTB_SIM=1 --top-module counter --vpi --public-flat-rw --prefix Vtop -o counter -LDFLAGS -Wl,-rpath,/usr/local/lib/python3.10/dist-packages/cocotb/libs -L/usr/local/lib/python3.10/dist-packages/cocotb/libs -lcocotbvpi_verilator -Wno-fatal --trace-fst --trace-structs --timescale 1ps/1ps -Gwidth_p=7 /usr/local/lib/python3.10/dist-packages/cocotb/share/lib/verilator/verilator.cpp /workspaces/lab-1-structural-verilog-isabellaPhung/part3/counter/counter.sv /workspaces/lab-1-structural-verilog-isabellaPhung/part2/mux2/mux2.sv /workspaces/lab-1-structural-verilog-isabellaPhung/part3/counter/mux.sv /workspaces/lab-1-structural-verilog-isabellaPhung/part2/adder/adder.sv /workspaces/lab-1-structural-verilog-isabellaPhung/part2/full_add/full_add.sv /workspaces/lab-1-structural-verilog-isabellaPhung/part2/half_add/half_add.sv /workspaces/lab-1-structural-verilog-isabellaPhung/part2/xor2/xor2.sv /workspaces/lab-1-structural-verilog-isabellaPhung/provided/and2.sv /workspaces/lab-1-structural-verilog-isabellaPhung/provided/or2.sv /workspaces/lab-1-structural-verilog-isabellaPhung/provided/inv.sv /workspaces/lab-1-structural-verilog-isabellaPhung/provided/dff.sv /workspaces/lab-1-structural-verilog-isabellaPhung/provided/hex2ssd.sv
INFO     cocotb:simulator.py:334 Running command: make -C /workspaces/lab-1-structural-verilog-isabellaPhung/part3/counter/build/width_p=7 -f Vtop.mk
INFO     cocotb:simulator.py:305 make[1]: Entering directory '/workspaces/lab-1-structural-verilog-isabellaPhung/part3/counter/build/width_p=7'
INFO     cocotb:simulator.py:305 make[1]: Nothing to be done for 'default'.
INFO     cocotb:simulator.py:305 make[1]: Leaving directory '/workspaces/lab-1-structural-verilog-isabellaPhung/part3/counter/build/width_p=7'
INFO     cocotb:simulator.py:334 Running command: /workspaces/lab-1-structural-verilog-isabellaPhung/part3/counter/build/width_p=7/counter
INFO     cocotb:simulator.py:305      -.--ns INFO     gpi                                ..mbed/gpi_embed.cpp:79   in set_program_name_in_venv        Did not detect Python virtual environment. Using system-wide Python interpreter
INFO     cocotb:simulator.py:305      -.--ns INFO     gpi                                ../gpi/GpiCommon.cpp:101  in gpi_print_registered_impl       VPI registered
INFO     cocotb:simulator.py:305      0.00ns INFO     cocotb                             Running on Verilator version 5.020 2024-01-01
INFO     cocotb:simulator.py:305      0.00ns INFO     cocotb                             Running tests with cocotb v1.9.1 from /usr/local/lib/python3.10/dist-packages/cocotb
INFO     cocotb:simulator.py:305      0.00ns INFO     cocotb                             Seeding Python random module with 1727901264
INFO     cocotb:simulator.py:305      0.00ns INFO     cocotb.regression                  Found test test_counter.fuzz_test_001
INFO     cocotb:simulator.py:305      0.00ns INFO     cocotb.regression                  running fuzz_test_001 (1/1)
INFO     cocotb:simulator.py:305                                                           Automatically generated test
INFO     cocotb:simulator.py:305 
INFO     cocotb:simulator.py:305                                                           l: 10
INFO     cocotb:simulator.py:305     34.00ns INFO     cocotb.regression                  fuzz_test_001 passed
INFO     cocotb:simulator.py:305     34.00ns INFO     cocotb.regression                  **************************************************************************************
INFO     cocotb:simulator.py:305                                                         ** TEST                          STATUS  SIM TIME (ns)  REAL TIME (s)  RATIO (ns/s) **
INFO     cocotb:simulator.py:305                                                         **************************************************************************************
INFO     cocotb:simulator.py:305                                                         ** test_counter.fuzz_test_001     PASS          34.00           0.00       9242.42  **
INFO     cocotb:simulator.py:305                                                         **************************************************************************************
INFO     cocotb:simulator.py:305                                                         ** TESTS=1 PASS=1 FAIL=0 SKIP=0                 34.00           0.12        292.70  **
INFO     cocotb:simulator.py:305                                                         **************************************************************************************
INFO     cocotb:simulator.py:305 
INFO     cocotb:simulator.py:305 - :0: Verilog $finish
INFO     cocotb:simulator.py:262 Results file: /workspaces/lab-1-structural-verilog-isabellaPhung/part3/counter/build/width_p=7/co4v48ss_results.xml
_____________ test_each_runner[test_name=fuzz_test_001-width_p=5] ______________
------------------------------ Captured log call -------------------------------
INFO     cocotb:simulator.py:334 Running command: perl /usr/local/bin/verilator -cc --exe -Mdir /workspaces/lab-1-structural-verilog-isabellaPhung/part3/counter/build/width_p=5 -DCOCOTB_SIM=1 --top-module counter --vpi --public-flat-rw --prefix Vtop -o counter -LDFLAGS -Wl,-rpath,/usr/local/lib/python3.10/dist-packages/cocotb/libs -L/usr/local/lib/python3.10/dist-packages/cocotb/libs -lcocotbvpi_verilator -Wno-fatal --trace-fst --trace-structs --timescale 1ps/1ps -Gwidth_p=5 /usr/local/lib/python3.10/dist-packages/cocotb/share/lib/verilator/verilator.cpp /workspaces/lab-1-structural-verilog-isabellaPhung/part3/counter/counter.sv /workspaces/lab-1-structural-verilog-isabellaPhung/part2/mux2/mux2.sv /workspaces/lab-1-structural-verilog-isabellaPhung/part3/counter/mux.sv /workspaces/lab-1-structural-verilog-isabellaPhung/part2/adder/adder.sv /workspaces/lab-1-structural-verilog-isabellaPhung/part2/full_add/full_add.sv /workspaces/lab-1-structural-verilog-isabellaPhung/part2/half_add/half_add.sv /workspaces/lab-1-structural-verilog-isabellaPhung/part2/xor2/xor2.sv /workspaces/lab-1-structural-verilog-isabellaPhung/provided/and2.sv /workspaces/lab-1-structural-verilog-isabellaPhung/provided/or2.sv /workspaces/lab-1-structural-verilog-isabellaPhung/provided/inv.sv /workspaces/lab-1-structural-verilog-isabellaPhung/provided/dff.sv /workspaces/lab-1-structural-verilog-isabellaPhung/provided/hex2ssd.sv
INFO     cocotb:simulator.py:334 Running command: make -C /workspaces/lab-1-structural-verilog-isabellaPhung/part3/counter/build/width_p=5 -f Vtop.mk
INFO     cocotb:simulator.py:305 make[1]: Entering directory '/workspaces/lab-1-structural-verilog-isabellaPhung/part3/counter/build/width_p=5'
INFO     cocotb:simulator.py:305 make[1]: Nothing to be done for 'default'.
INFO     cocotb:simulator.py:305 make[1]: Leaving directory '/workspaces/lab-1-structural-verilog-isabellaPhung/part3/counter/build/width_p=5'
INFO     cocotb:simulator.py:334 Running command: /workspaces/lab-1-structural-verilog-isabellaPhung/part3/counter/build/width_p=5/counter
INFO     cocotb:simulator.py:305      -.--ns INFO     gpi                                ..mbed/gpi_embed.cpp:79   in set_program_name_in_venv        Did not detect Python virtual environment. Using system-wide Python interpreter
INFO     cocotb:simulator.py:305      -.--ns INFO     gpi                                ../gpi/GpiCommon.cpp:101  in gpi_print_registered_impl       VPI registered
INFO     cocotb:simulator.py:305      0.00ns INFO     cocotb                             Running on Verilator version 5.020 2024-01-01
INFO     cocotb:simulator.py:305      0.00ns INFO     cocotb                             Running tests with cocotb v1.9.1 from /usr/local/lib/python3.10/dist-packages/cocotb
INFO     cocotb:simulator.py:305      0.00ns INFO     cocotb                             Seeding Python random module with 1727901264
INFO     cocotb:simulator.py:305      0.00ns INFO     cocotb.regression                  Found test test_counter.fuzz_test_001
INFO     cocotb:simulator.py:305      0.00ns INFO     cocotb.regression                  running fuzz_test_001 (1/1)
INFO     cocotb:simulator.py:305                                                           Automatically generated test
INFO     cocotb:simulator.py:305 
INFO     cocotb:simulator.py:305                                                           l: 10
INFO     cocotb:simulator.py:305     34.00ns INFO     cocotb.regression                  fuzz_test_001 passed
INFO     cocotb:simulator.py:305     34.00ns INFO     cocotb.regression                  **************************************************************************************
INFO     cocotb:simulator.py:305                                                         ** TEST                          STATUS  SIM TIME (ns)  REAL TIME (s)  RATIO (ns/s) **
INFO     cocotb:simulator.py:305                                                         **************************************************************************************
INFO     cocotb:simulator.py:305                                                         ** test_counter.fuzz_test_001     PASS          34.00           0.00       8863.85  **
INFO     cocotb:simulator.py:305                                                         **************************************************************************************
INFO     cocotb:simulator.py:305                                                         ** TESTS=1 PASS=1 FAIL=0 SKIP=0                 34.00           0.12        287.55  **
INFO     cocotb:simulator.py:305                                                         **************************************************************************************
INFO     cocotb:simulator.py:305 
INFO     cocotb:simulator.py:305 - :0: Verilog $finish
INFO     cocotb:simulator.py:262 Results file: /workspaces/lab-1-structural-verilog-isabellaPhung/part3/counter/build/width_p=5/uexcunzl_results.xml
_____________ test_each_runner[test_name=fuzz_test_001-width_p=4] ______________
------------------------------ Captured log call -------------------------------
INFO     cocotb:simulator.py:334 Running command: perl /usr/local/bin/verilator -cc --exe -Mdir /workspaces/lab-1-structural-verilog-isabellaPhung/part3/counter/build/width_p=4 -DCOCOTB_SIM=1 --top-module counter --vpi --public-flat-rw --prefix Vtop -o counter -LDFLAGS -Wl,-rpath,/usr/local/lib/python3.10/dist-packages/cocotb/libs -L/usr/local/lib/python3.10/dist-packages/cocotb/libs -lcocotbvpi_verilator -Wno-fatal --trace-fst --trace-structs --timescale 1ps/1ps -Gwidth_p=4 /usr/local/lib/python3.10/dist-packages/cocotb/share/lib/verilator/verilator.cpp /workspaces/lab-1-structural-verilog-isabellaPhung/part3/counter/counter.sv /workspaces/lab-1-structural-verilog-isabellaPhung/part2/mux2/mux2.sv /workspaces/lab-1-structural-verilog-isabellaPhung/part3/counter/mux.sv /workspaces/lab-1-structural-verilog-isabellaPhung/part2/adder/adder.sv /workspaces/lab-1-structural-verilog-isabellaPhung/part2/full_add/full_add.sv /workspaces/lab-1-structural-verilog-isabellaPhung/part2/half_add/half_add.sv /workspaces/lab-1-structural-verilog-isabellaPhung/part2/xor2/xor2.sv /workspaces/lab-1-structural-verilog-isabellaPhung/provided/and2.sv /workspaces/lab-1-structural-verilog-isabellaPhung/provided/or2.sv /workspaces/lab-1-structural-verilog-isabellaPhung/provided/inv.sv /workspaces/lab-1-structural-verilog-isabellaPhung/provided/dff.sv /workspaces/lab-1-structural-verilog-isabellaPhung/provided/hex2ssd.sv
INFO     cocotb:simulator.py:334 Running command: make -C /workspaces/lab-1-structural-verilog-isabellaPhung/part3/counter/build/width_p=4 -f Vtop.mk
INFO     cocotb:simulator.py:305 make[1]: Entering directory '/workspaces/lab-1-structural-verilog-isabellaPhung/part3/counter/build/width_p=4'
INFO     cocotb:simulator.py:305 make[1]: Nothing to be done for 'default'.
INFO     cocotb:simulator.py:305 make[1]: Leaving directory '/workspaces/lab-1-structural-verilog-isabellaPhung/part3/counter/build/width_p=4'
INFO     cocotb:simulator.py:334 Running command: /workspaces/lab-1-structural-verilog-isabellaPhung/part3/counter/build/width_p=4/counter
INFO     cocotb:simulator.py:305      -.--ns INFO     gpi                                ..mbed/gpi_embed.cpp:79   in set_program_name_in_venv        Did not detect Python virtual environment. Using system-wide Python interpreter
INFO     cocotb:simulator.py:305      -.--ns INFO     gpi                                ../gpi/GpiCommon.cpp:101  in gpi_print_registered_impl       VPI registered
INFO     cocotb:simulator.py:305      0.00ns INFO     cocotb                             Running on Verilator version 5.020 2024-01-01
INFO     cocotb:simulator.py:305      0.00ns INFO     cocotb                             Running tests with cocotb v1.9.1 from /usr/local/lib/python3.10/dist-packages/cocotb
INFO     cocotb:simulator.py:305      0.00ns INFO     cocotb                             Seeding Python random module with 1727901265
INFO     cocotb:simulator.py:305      0.00ns INFO     cocotb.regression                  Found test test_counter.fuzz_test_001
INFO     cocotb:simulator.py:305      0.00ns INFO     cocotb.regression                  running fuzz_test_001 (1/1)
INFO     cocotb:simulator.py:305                                                           Automatically generated test
INFO     cocotb:simulator.py:305 
INFO     cocotb:simulator.py:305                                                           l: 10
INFO     cocotb:simulator.py:305     34.00ns INFO     cocotb.regression                  fuzz_test_001 passed
INFO     cocotb:simulator.py:305     34.00ns INFO     cocotb.regression                  **************************************************************************************
INFO     cocotb:simulator.py:305                                                         ** TEST                          STATUS  SIM TIME (ns)  REAL TIME (s)  RATIO (ns/s) **
INFO     cocotb:simulator.py:305                                                         **************************************************************************************
INFO     cocotb:simulator.py:305                                                         ** test_counter.fuzz_test_001     PASS          34.00           0.00       8913.16  **
INFO     cocotb:simulator.py:305                                                         **************************************************************************************
INFO     cocotb:simulator.py:305                                                         ** TESTS=1 PASS=1 FAIL=0 SKIP=0                 34.00           0.12        288.79  **
INFO     cocotb:simulator.py:305                                                         **************************************************************************************
INFO     cocotb:simulator.py:305 
INFO     cocotb:simulator.py:305 - :0: Verilog $finish
INFO     cocotb:simulator.py:262 Results file: /workspaces/lab-1-structural-verilog-isabellaPhung/part3/counter/build/width_p=4/m248czkl_results.xml
_____________ test_each_runner[test_name=fuzz_test_002-width_p=2] ______________
------------------------------ Captured log call -------------------------------
INFO     cocotb:simulator.py:334 Running command: perl /usr/local/bin/verilator -cc --exe -Mdir /workspaces/lab-1-structural-verilog-isabellaPhung/part3/counter/build/width_p=2 -DCOCOTB_SIM=1 --top-module counter --vpi --public-flat-rw --prefix Vtop -o counter -LDFLAGS -Wl,-rpath,/usr/local/lib/python3.10/dist-packages/cocotb/libs -L/usr/local/lib/python3.10/dist-packages/cocotb/libs -lcocotbvpi_verilator -Wno-fatal --trace-fst --trace-structs --timescale 1ps/1ps -Gwidth_p=2 /usr/local/lib/python3.10/dist-packages/cocotb/share/lib/verilator/verilator.cpp /workspaces/lab-1-structural-verilog-isabellaPhung/part3/counter/counter.sv /workspaces/lab-1-structural-verilog-isabellaPhung/part2/mux2/mux2.sv /workspaces/lab-1-structural-verilog-isabellaPhung/part3/counter/mux.sv /workspaces/lab-1-structural-verilog-isabellaPhung/part2/adder/adder.sv /workspaces/lab-1-structural-verilog-isabellaPhung/part2/full_add/full_add.sv /workspaces/lab-1-structural-verilog-isabellaPhung/part2/half_add/half_add.sv /workspaces/lab-1-structural-verilog-isabellaPhung/part2/xor2/xor2.sv /workspaces/lab-1-structural-verilog-isabellaPhung/provided/and2.sv /workspaces/lab-1-structural-verilog-isabellaPhung/provided/or2.sv /workspaces/lab-1-structural-verilog-isabellaPhung/provided/inv.sv /workspaces/lab-1-structural-verilog-isabellaPhung/provided/dff.sv /workspaces/lab-1-structural-verilog-isabellaPhung/provided/hex2ssd.sv
INFO     cocotb:simulator.py:334 Running command: make -C /workspaces/lab-1-structural-verilog-isabellaPhung/part3/counter/build/width_p=2 -f Vtop.mk
INFO     cocotb:simulator.py:305 make[1]: Entering directory '/workspaces/lab-1-structural-verilog-isabellaPhung/part3/counter/build/width_p=2'
INFO     cocotb:simulator.py:305 make[1]: Nothing to be done for 'default'.
INFO     cocotb:simulator.py:305 make[1]: Leaving directory '/workspaces/lab-1-structural-verilog-isabellaPhung/part3/counter/build/width_p=2'
INFO     cocotb:simulator.py:334 Running command: /workspaces/lab-1-structural-verilog-isabellaPhung/part3/counter/build/width_p=2/counter
INFO     cocotb:simulator.py:305      -.--ns INFO     gpi                                ..mbed/gpi_embed.cpp:79   in set_program_name_in_venv        Did not detect Python virtual environment. Using system-wide Python interpreter
INFO     cocotb:simulator.py:305      -.--ns INFO     gpi                                ../gpi/GpiCommon.cpp:101  in gpi_print_registered_impl       VPI registered
INFO     cocotb:simulator.py:305      0.00ns INFO     cocotb                             Running on Verilator version 5.020 2024-01-01
INFO     cocotb:simulator.py:305      0.00ns INFO     cocotb                             Running tests with cocotb v1.9.1 from /usr/local/lib/python3.10/dist-packages/cocotb
INFO     cocotb:simulator.py:305      0.00ns INFO     cocotb                             Seeding Python random module with 1727901265
INFO     cocotb:simulator.py:305      0.00ns INFO     cocotb.regression                  Found test test_counter.fuzz_test_002
INFO     cocotb:simulator.py:305      0.00ns INFO     cocotb.regression                  running fuzz_test_002 (1/1)
INFO     cocotb:simulator.py:305                                                           Automatically generated test
INFO     cocotb:simulator.py:305 
INFO     cocotb:simulator.py:305                                                           l: 100
INFO     cocotb:simulator.py:305    124.00ns INFO     cocotb.regression                  fuzz_test_002 passed
INFO     cocotb:simulator.py:305    124.00ns INFO     cocotb.regression                  **************************************************************************************
INFO     cocotb:simulator.py:305                                                         ** TEST                          STATUS  SIM TIME (ns)  REAL TIME (s)  RATIO (ns/s) **
INFO     cocotb:simulator.py:305                                                         **************************************************************************************
INFO     cocotb:simulator.py:305                                                         ** test_counter.fuzz_test_002     PASS         124.00           0.02       7387.75  **
INFO     cocotb:simulator.py:305                                                         **************************************************************************************
INFO     cocotb:simulator.py:305                                                         ** TESTS=1 PASS=1 FAIL=0 SKIP=0                124.00           0.13        952.46  **
INFO     cocotb:simulator.py:305                                                         **************************************************************************************
INFO     cocotb:simulator.py:305 
INFO     cocotb:simulator.py:305 - :0: Verilog $finish
INFO     cocotb:simulator.py:262 Results file: /workspaces/lab-1-structural-verilog-isabellaPhung/part3/counter/build/width_p=2/0apovg2l_results.xml
_____________ test_each_runner[test_name=fuzz_test_002-width_p=7] ______________
------------------------------ Captured log call -------------------------------
INFO     cocotb:simulator.py:334 Running command: perl /usr/local/bin/verilator -cc --exe -Mdir /workspaces/lab-1-structural-verilog-isabellaPhung/part3/counter/build/width_p=7 -DCOCOTB_SIM=1 --top-module counter --vpi --public-flat-rw --prefix Vtop -o counter -LDFLAGS -Wl,-rpath,/usr/local/lib/python3.10/dist-packages/cocotb/libs -L/usr/local/lib/python3.10/dist-packages/cocotb/libs -lcocotbvpi_verilator -Wno-fatal --trace-fst --trace-structs --timescale 1ps/1ps -Gwidth_p=7 /usr/local/lib/python3.10/dist-packages/cocotb/share/lib/verilator/verilator.cpp /workspaces/lab-1-structural-verilog-isabellaPhung/part3/counter/counter.sv /workspaces/lab-1-structural-verilog-isabellaPhung/part2/mux2/mux2.sv /workspaces/lab-1-structural-verilog-isabellaPhung/part3/counter/mux.sv /workspaces/lab-1-structural-verilog-isabellaPhung/part2/adder/adder.sv /workspaces/lab-1-structural-verilog-isabellaPhung/part2/full_add/full_add.sv /workspaces/lab-1-structural-verilog-isabellaPhung/part2/half_add/half_add.sv /workspaces/lab-1-structural-verilog-isabellaPhung/part2/xor2/xor2.sv /workspaces/lab-1-structural-verilog-isabellaPhung/provided/and2.sv /workspaces/lab-1-structural-verilog-isabellaPhung/provided/or2.sv /workspaces/lab-1-structural-verilog-isabellaPhung/provided/inv.sv /workspaces/lab-1-structural-verilog-isabellaPhung/provided/dff.sv /workspaces/lab-1-structural-verilog-isabellaPhung/provided/hex2ssd.sv
INFO     cocotb:simulator.py:334 Running command: make -C /workspaces/lab-1-structural-verilog-isabellaPhung/part3/counter/build/width_p=7 -f Vtop.mk
INFO     cocotb:simulator.py:305 make[1]: Entering directory '/workspaces/lab-1-structural-verilog-isabellaPhung/part3/counter/build/width_p=7'
INFO     cocotb:simulator.py:305 make[1]: Nothing to be done for 'default'.
INFO     cocotb:simulator.py:305 make[1]: Leaving directory '/workspaces/lab-1-structural-verilog-isabellaPhung/part3/counter/build/width_p=7'
INFO     cocotb:simulator.py:334 Running command: /workspaces/lab-1-structural-verilog-isabellaPhung/part3/counter/build/width_p=7/counter
INFO     cocotb:simulator.py:305      -.--ns INFO     gpi                                ..mbed/gpi_embed.cpp:79   in set_program_name_in_venv        Did not detect Python virtual environment. Using system-wide Python interpreter
INFO     cocotb:simulator.py:305      -.--ns INFO     gpi                                ../gpi/GpiCommon.cpp:101  in gpi_print_registered_impl       VPI registered
INFO     cocotb:simulator.py:305      0.00ns INFO     cocotb                             Running on Verilator version 5.020 2024-01-01
INFO     cocotb:simulator.py:305      0.00ns INFO     cocotb                             Running tests with cocotb v1.9.1 from /usr/local/lib/python3.10/dist-packages/cocotb
INFO     cocotb:simulator.py:305      0.00ns INFO     cocotb                             Seeding Python random module with 1727901265
INFO     cocotb:simulator.py:305      0.00ns INFO     cocotb.regression                  Found test test_counter.fuzz_test_002
INFO     cocotb:simulator.py:305      0.00ns INFO     cocotb.regression                  running fuzz_test_002 (1/1)
INFO     cocotb:simulator.py:305                                                           Automatically generated test
INFO     cocotb:simulator.py:305 
INFO     cocotb:simulator.py:305                                                           l: 100
INFO     cocotb:simulator.py:305    124.00ns INFO     cocotb.regression                  fuzz_test_002 passed
INFO     cocotb:simulator.py:305    124.00ns INFO     cocotb.regression                  **************************************************************************************
INFO     cocotb:simulator.py:305                                                         ** TEST                          STATUS  SIM TIME (ns)  REAL TIME (s)  RATIO (ns/s) **
INFO     cocotb:simulator.py:305                                                         **************************************************************************************
INFO     cocotb:simulator.py:305                                                         ** test_counter.fuzz_test_002     PASS         124.00           0.02       7517.17  **
INFO     cocotb:simulator.py:305                                                         **************************************************************************************
INFO     cocotb:simulator.py:305                                                         ** TESTS=1 PASS=1 FAIL=0 SKIP=0                124.00           0.13        919.28  **
INFO     cocotb:simulator.py:305                                                         **************************************************************************************
INFO     cocotb:simulator.py:305 
INFO     cocotb:simulator.py:305 - :0: Verilog $finish
INFO     cocotb:simulator.py:262 Results file: /workspaces/lab-1-structural-verilog-isabellaPhung/part3/counter/build/width_p=7/q4e1s93h_results.xml
_____________ test_each_runner[test_name=fuzz_test_002-width_p=5] ______________
------------------------------ Captured log call -------------------------------
INFO     cocotb:simulator.py:334 Running command: perl /usr/local/bin/verilator -cc --exe -Mdir /workspaces/lab-1-structural-verilog-isabellaPhung/part3/counter/build/width_p=5 -DCOCOTB_SIM=1 --top-module counter --vpi --public-flat-rw --prefix Vtop -o counter -LDFLAGS -Wl,-rpath,/usr/local/lib/python3.10/dist-packages/cocotb/libs -L/usr/local/lib/python3.10/dist-packages/cocotb/libs -lcocotbvpi_verilator -Wno-fatal --trace-fst --trace-structs --timescale 1ps/1ps -Gwidth_p=5 /usr/local/lib/python3.10/dist-packages/cocotb/share/lib/verilator/verilator.cpp /workspaces/lab-1-structural-verilog-isabellaPhung/part3/counter/counter.sv /workspaces/lab-1-structural-verilog-isabellaPhung/part2/mux2/mux2.sv /workspaces/lab-1-structural-verilog-isabellaPhung/part3/counter/mux.sv /workspaces/lab-1-structural-verilog-isabellaPhung/part2/adder/adder.sv /workspaces/lab-1-structural-verilog-isabellaPhung/part2/full_add/full_add.sv /workspaces/lab-1-structural-verilog-isabellaPhung/part2/half_add/half_add.sv /workspaces/lab-1-structural-verilog-isabellaPhung/part2/xor2/xor2.sv /workspaces/lab-1-structural-verilog-isabellaPhung/provided/and2.sv /workspaces/lab-1-structural-verilog-isabellaPhung/provided/or2.sv /workspaces/lab-1-structural-verilog-isabellaPhung/provided/inv.sv /workspaces/lab-1-structural-verilog-isabellaPhung/provided/dff.sv /workspaces/lab-1-structural-verilog-isabellaPhung/provided/hex2ssd.sv
INFO     cocotb:simulator.py:334 Running command: make -C /workspaces/lab-1-structural-verilog-isabellaPhung/part3/counter/build/width_p=5 -f Vtop.mk
INFO     cocotb:simulator.py:305 make[1]: Entering directory '/workspaces/lab-1-structural-verilog-isabellaPhung/part3/counter/build/width_p=5'
INFO     cocotb:simulator.py:305 make[1]: Nothing to be done for 'default'.
INFO     cocotb:simulator.py:305 make[1]: Leaving directory '/workspaces/lab-1-structural-verilog-isabellaPhung/part3/counter/build/width_p=5'
INFO     cocotb:simulator.py:334 Running command: /workspaces/lab-1-structural-verilog-isabellaPhung/part3/counter/build/width_p=5/counter
INFO     cocotb:simulator.py:305      -.--ns INFO     gpi                                ..mbed/gpi_embed.cpp:79   in set_program_name_in_venv        Did not detect Python virtual environment. Using system-wide Python interpreter
INFO     cocotb:simulator.py:305      -.--ns INFO     gpi                                ../gpi/GpiCommon.cpp:101  in gpi_print_registered_impl       VPI registered
INFO     cocotb:simulator.py:305      0.00ns INFO     cocotb                             Running on Verilator version 5.020 2024-01-01
INFO     cocotb:simulator.py:305      0.00ns INFO     cocotb                             Running tests with cocotb v1.9.1 from /usr/local/lib/python3.10/dist-packages/cocotb
INFO     cocotb:simulator.py:305      0.00ns INFO     cocotb                             Seeding Python random module with 1727901266
INFO     cocotb:simulator.py:305      0.00ns INFO     cocotb.regression                  Found test test_counter.fuzz_test_002
INFO     cocotb:simulator.py:305      0.00ns INFO     cocotb.regression                  running fuzz_test_002 (1/1)
INFO     cocotb:simulator.py:305                                                           Automatically generated test
INFO     cocotb:simulator.py:305 
INFO     cocotb:simulator.py:305                                                           l: 100
INFO     cocotb:simulator.py:305    124.00ns INFO     cocotb.regression                  fuzz_test_002 passed
INFO     cocotb:simulator.py:305    124.00ns INFO     cocotb.regression                  **************************************************************************************
INFO     cocotb:simulator.py:305                                                         ** TEST                          STATUS  SIM TIME (ns)  REAL TIME (s)  RATIO (ns/s) **
INFO     cocotb:simulator.py:305                                                         **************************************************************************************
INFO     cocotb:simulator.py:305                                                         ** test_counter.fuzz_test_002     PASS         124.00           0.02       7637.49  **
INFO     cocotb:simulator.py:305                                                         **************************************************************************************
INFO     cocotb:simulator.py:305                                                         ** TESTS=1 PASS=1 FAIL=0 SKIP=0                124.00           0.13        957.35  **
INFO     cocotb:simulator.py:305                                                         **************************************************************************************
INFO     cocotb:simulator.py:305 
INFO     cocotb:simulator.py:305 - :0: Verilog $finish
INFO     cocotb:simulator.py:262 Results file: /workspaces/lab-1-structural-verilog-isabellaPhung/part3/counter/build/width_p=5/y2840i2r_results.xml
_____________ test_each_runner[test_name=fuzz_test_002-width_p=4] ______________
------------------------------ Captured log call -------------------------------
INFO     cocotb:simulator.py:334 Running command: perl /usr/local/bin/verilator -cc --exe -Mdir /workspaces/lab-1-structural-verilog-isabellaPhung/part3/counter/build/width_p=4 -DCOCOTB_SIM=1 --top-module counter --vpi --public-flat-rw --prefix Vtop -o counter -LDFLAGS -Wl,-rpath,/usr/local/lib/python3.10/dist-packages/cocotb/libs -L/usr/local/lib/python3.10/dist-packages/cocotb/libs -lcocotbvpi_verilator -Wno-fatal --trace-fst --trace-structs --timescale 1ps/1ps -Gwidth_p=4 /usr/local/lib/python3.10/dist-packages/cocotb/share/lib/verilator/verilator.cpp /workspaces/lab-1-structural-verilog-isabellaPhung/part3/counter/counter.sv /workspaces/lab-1-structural-verilog-isabellaPhung/part2/mux2/mux2.sv /workspaces/lab-1-structural-verilog-isabellaPhung/part3/counter/mux.sv /workspaces/lab-1-structural-verilog-isabellaPhung/part2/adder/adder.sv /workspaces/lab-1-structural-verilog-isabellaPhung/part2/full_add/full_add.sv /workspaces/lab-1-structural-verilog-isabellaPhung/part2/half_add/half_add.sv /workspaces/lab-1-structural-verilog-isabellaPhung/part2/xor2/xor2.sv /workspaces/lab-1-structural-verilog-isabellaPhung/provided/and2.sv /workspaces/lab-1-structural-verilog-isabellaPhung/provided/or2.sv /workspaces/lab-1-structural-verilog-isabellaPhung/provided/inv.sv /workspaces/lab-1-structural-verilog-isabellaPhung/provided/dff.sv /workspaces/lab-1-structural-verilog-isabellaPhung/provided/hex2ssd.sv
INFO     cocotb:simulator.py:334 Running command: make -C /workspaces/lab-1-structural-verilog-isabellaPhung/part3/counter/build/width_p=4 -f Vtop.mk
INFO     cocotb:simulator.py:305 make[1]: Entering directory '/workspaces/lab-1-structural-verilog-isabellaPhung/part3/counter/build/width_p=4'
INFO     cocotb:simulator.py:305 make[1]: Nothing to be done for 'default'.
INFO     cocotb:simulator.py:305 make[1]: Leaving directory '/workspaces/lab-1-structural-verilog-isabellaPhung/part3/counter/build/width_p=4'
INFO     cocotb:simulator.py:334 Running command: /workspaces/lab-1-structural-verilog-isabellaPhung/part3/counter/build/width_p=4/counter
INFO     cocotb:simulator.py:305      -.--ns INFO     gpi                                ..mbed/gpi_embed.cpp:79   in set_program_name_in_venv        Did not detect Python virtual environment. Using system-wide Python interpreter
INFO     cocotb:simulator.py:305      -.--ns INFO     gpi                                ../gpi/GpiCommon.cpp:101  in gpi_print_registered_impl       VPI registered
INFO     cocotb:simulator.py:305      0.00ns INFO     cocotb                             Running on Verilator version 5.020 2024-01-01
INFO     cocotb:simulator.py:305      0.00ns INFO     cocotb                             Running tests with cocotb v1.9.1 from /usr/local/lib/python3.10/dist-packages/cocotb
INFO     cocotb:simulator.py:305      0.00ns INFO     cocotb                             Seeding Python random module with 1727901266
INFO     cocotb:simulator.py:305      0.00ns INFO     cocotb.regression                  Found test test_counter.fuzz_test_002
INFO     cocotb:simulator.py:305      0.00ns INFO     cocotb.regression                  running fuzz_test_002 (1/1)
INFO     cocotb:simulator.py:305                                                           Automatically generated test
INFO     cocotb:simulator.py:305 
INFO     cocotb:simulator.py:305                                                           l: 100
INFO     cocotb:simulator.py:305    124.00ns INFO     cocotb.regression                  fuzz_test_002 passed
INFO     cocotb:simulator.py:305    124.00ns INFO     cocotb.regression                  **************************************************************************************
INFO     cocotb:simulator.py:305                                                         ** TEST                          STATUS  SIM TIME (ns)  REAL TIME (s)  RATIO (ns/s) **
INFO     cocotb:simulator.py:305                                                         **************************************************************************************
INFO     cocotb:simulator.py:305                                                         ** test_counter.fuzz_test_002     PASS         124.00           0.02       7482.13  **
INFO     cocotb:simulator.py:305                                                         **************************************************************************************
INFO     cocotb:simulator.py:305                                                         ** TESTS=1 PASS=1 FAIL=0 SKIP=0                124.00           0.13        949.84  **
INFO     cocotb:simulator.py:305                                                         **************************************************************************************
INFO     cocotb:simulator.py:305 
INFO     cocotb:simulator.py:305 - :0: Verilog $finish
INFO     cocotb:simulator.py:262 Results file: /workspaces/lab-1-structural-verilog-isabellaPhung/part3/counter/build/width_p=4/uvyoq09t_results.xml
_____________ test_each_runner[test_name=fuzz_test_003-width_p=2] ______________
------------------------------ Captured log call -------------------------------
INFO     cocotb:simulator.py:334 Running command: perl /usr/local/bin/verilator -cc --exe -Mdir /workspaces/lab-1-structural-verilog-isabellaPhung/part3/counter/build/width_p=2 -DCOCOTB_SIM=1 --top-module counter --vpi --public-flat-rw --prefix Vtop -o counter -LDFLAGS -Wl,-rpath,/usr/local/lib/python3.10/dist-packages/cocotb/libs -L/usr/local/lib/python3.10/dist-packages/cocotb/libs -lcocotbvpi_verilator -Wno-fatal --trace-fst --trace-structs --timescale 1ps/1ps -Gwidth_p=2 /usr/local/lib/python3.10/dist-packages/cocotb/share/lib/verilator/verilator.cpp /workspaces/lab-1-structural-verilog-isabellaPhung/part3/counter/counter.sv /workspaces/lab-1-structural-verilog-isabellaPhung/part2/mux2/mux2.sv /workspaces/lab-1-structural-verilog-isabellaPhung/part3/counter/mux.sv /workspaces/lab-1-structural-verilog-isabellaPhung/part2/adder/adder.sv /workspaces/lab-1-structural-verilog-isabellaPhung/part2/full_add/full_add.sv /workspaces/lab-1-structural-verilog-isabellaPhung/part2/half_add/half_add.sv /workspaces/lab-1-structural-verilog-isabellaPhung/part2/xor2/xor2.sv /workspaces/lab-1-structural-verilog-isabellaPhung/provided/and2.sv /workspaces/lab-1-structural-verilog-isabellaPhung/provided/or2.sv /workspaces/lab-1-structural-verilog-isabellaPhung/provided/inv.sv /workspaces/lab-1-structural-verilog-isabellaPhung/provided/dff.sv /workspaces/lab-1-structural-verilog-isabellaPhung/provided/hex2ssd.sv
INFO     cocotb:simulator.py:334 Running command: make -C /workspaces/lab-1-structural-verilog-isabellaPhung/part3/counter/build/width_p=2 -f Vtop.mk
INFO     cocotb:simulator.py:305 make[1]: Entering directory '/workspaces/lab-1-structural-verilog-isabellaPhung/part3/counter/build/width_p=2'
INFO     cocotb:simulator.py:305 make[1]: Nothing to be done for 'default'.
INFO     cocotb:simulator.py:305 make[1]: Leaving directory '/workspaces/lab-1-structural-verilog-isabellaPhung/part3/counter/build/width_p=2'
INFO     cocotb:simulator.py:334 Running command: /workspaces/lab-1-structural-verilog-isabellaPhung/part3/counter/build/width_p=2/counter
INFO     cocotb:simulator.py:305      -.--ns INFO     gpi                                ..mbed/gpi_embed.cpp:79   in set_program_name_in_venv        Did not detect Python virtual environment. Using system-wide Python interpreter
INFO     cocotb:simulator.py:305      -.--ns INFO     gpi                                ../gpi/GpiCommon.cpp:101  in gpi_print_registered_impl       VPI registered
INFO     cocotb:simulator.py:305      0.00ns INFO     cocotb                             Running on Verilator version 5.020 2024-01-01
INFO     cocotb:simulator.py:305      0.00ns INFO     cocotb                             Running tests with cocotb v1.9.1 from /usr/local/lib/python3.10/dist-packages/cocotb
INFO     cocotb:simulator.py:305      0.00ns INFO     cocotb                             Seeding Python random module with 1727901266
INFO     cocotb:simulator.py:305      0.00ns INFO     cocotb.regression                  Found test test_counter.fuzz_test_003
INFO     cocotb:simulator.py:305      0.00ns INFO     cocotb.regression                  running fuzz_test_003 (1/1)
INFO     cocotb:simulator.py:305                                                           Automatically generated test
INFO     cocotb:simulator.py:305 
INFO     cocotb:simulator.py:305                                                           l: 1000
INFO     cocotb:simulator.py:305   1024.00ns INFO     cocotb.regression                  fuzz_test_003 passed
INFO     cocotb:simulator.py:305   1024.00ns INFO     cocotb.regression                  **************************************************************************************
INFO     cocotb:simulator.py:305                                                         ** TEST                          STATUS  SIM TIME (ns)  REAL TIME (s)  RATIO (ns/s) **
INFO     cocotb:simulator.py:305                                                         **************************************************************************************
INFO     cocotb:simulator.py:305                                                         ** test_counter.fuzz_test_003     PASS        1024.00           0.14       7546.99  **
INFO     cocotb:simulator.py:305                                                         **************************************************************************************
INFO     cocotb:simulator.py:305                                                         ** TESTS=1 PASS=1 FAIL=0 SKIP=0               1024.00           0.25       4021.49  **
INFO     cocotb:simulator.py:305                                                         **************************************************************************************
INFO     cocotb:simulator.py:305 
INFO     cocotb:simulator.py:305 - :0: Verilog $finish
INFO     cocotb:simulator.py:262 Results file: /workspaces/lab-1-structural-verilog-isabellaPhung/part3/counter/build/width_p=2/cilctxdv_results.xml
_____________ test_each_runner[test_name=fuzz_test_003-width_p=7] ______________
------------------------------ Captured log call -------------------------------
INFO     cocotb:simulator.py:334 Running command: perl /usr/local/bin/verilator -cc --exe -Mdir /workspaces/lab-1-structural-verilog-isabellaPhung/part3/counter/build/width_p=7 -DCOCOTB_SIM=1 --top-module counter --vpi --public-flat-rw --prefix Vtop -o counter -LDFLAGS -Wl,-rpath,/usr/local/lib/python3.10/dist-packages/cocotb/libs -L/usr/local/lib/python3.10/dist-packages/cocotb/libs -lcocotbvpi_verilator -Wno-fatal --trace-fst --trace-structs --timescale 1ps/1ps -Gwidth_p=7 /usr/local/lib/python3.10/dist-packages/cocotb/share/lib/verilator/verilator.cpp /workspaces/lab-1-structural-verilog-isabellaPhung/part3/counter/counter.sv /workspaces/lab-1-structural-verilog-isabellaPhung/part2/mux2/mux2.sv /workspaces/lab-1-structural-verilog-isabellaPhung/part3/counter/mux.sv /workspaces/lab-1-structural-verilog-isabellaPhung/part2/adder/adder.sv /workspaces/lab-1-structural-verilog-isabellaPhung/part2/full_add/full_add.sv /workspaces/lab-1-structural-verilog-isabellaPhung/part2/half_add/half_add.sv /workspaces/lab-1-structural-verilog-isabellaPhung/part2/xor2/xor2.sv /workspaces/lab-1-structural-verilog-isabellaPhung/provided/and2.sv /workspaces/lab-1-structural-verilog-isabellaPhung/provided/or2.sv /workspaces/lab-1-structural-verilog-isabellaPhung/provided/inv.sv /workspaces/lab-1-structural-verilog-isabellaPhung/provided/dff.sv /workspaces/lab-1-structural-verilog-isabellaPhung/provided/hex2ssd.sv
INFO     cocotb:simulator.py:334 Running command: make -C /workspaces/lab-1-structural-verilog-isabellaPhung/part3/counter/build/width_p=7 -f Vtop.mk
INFO     cocotb:simulator.py:305 make[1]: Entering directory '/workspaces/lab-1-structural-verilog-isabellaPhung/part3/counter/build/width_p=7'
INFO     cocotb:simulator.py:305 make[1]: Nothing to be done for 'default'.
INFO     cocotb:simulator.py:305 make[1]: Leaving directory '/workspaces/lab-1-structural-verilog-isabellaPhung/part3/counter/build/width_p=7'
INFO     cocotb:simulator.py:334 Running command: /workspaces/lab-1-structural-verilog-isabellaPhung/part3/counter/build/width_p=7/counter
INFO     cocotb:simulator.py:305      -.--ns INFO     gpi                                ..mbed/gpi_embed.cpp:79   in set_program_name_in_venv        Did not detect Python virtual environment. Using system-wide Python interpreter
INFO     cocotb:simulator.py:305      -.--ns INFO     gpi                                ../gpi/GpiCommon.cpp:101  in gpi_print_registered_impl       VPI registered
INFO     cocotb:simulator.py:305      0.00ns INFO     cocotb                             Running on Verilator version 5.020 2024-01-01
INFO     cocotb:simulator.py:305      0.00ns INFO     cocotb                             Running tests with cocotb v1.9.1 from /usr/local/lib/python3.10/dist-packages/cocotb
INFO     cocotb:simulator.py:305      0.00ns INFO     cocotb                             Seeding Python random module with 1727901267
INFO     cocotb:simulator.py:305      0.00ns INFO     cocotb.regression                  Found test test_counter.fuzz_test_003
INFO     cocotb:simulator.py:305      0.00ns INFO     cocotb.regression                  running fuzz_test_003 (1/1)
INFO     cocotb:simulator.py:305                                                           Automatically generated test
INFO     cocotb:simulator.py:305 
INFO     cocotb:simulator.py:305                                                           l: 1000
INFO     cocotb:simulator.py:305   1024.00ns INFO     cocotb.regression                  fuzz_test_003 passed
INFO     cocotb:simulator.py:305   1024.00ns INFO     cocotb.regression                  **************************************************************************************
INFO     cocotb:simulator.py:305                                                         ** TEST                          STATUS  SIM TIME (ns)  REAL TIME (s)  RATIO (ns/s) **
INFO     cocotb:simulator.py:305                                                         **************************************************************************************
INFO     cocotb:simulator.py:305                                                         ** test_counter.fuzz_test_003     PASS        1024.00           0.13       7606.11  **
INFO     cocotb:simulator.py:305                                                         **************************************************************************************
INFO     cocotb:simulator.py:305                                                         ** TESTS=1 PASS=1 FAIL=0 SKIP=0               1024.00           0.25       4138.01  **
INFO     cocotb:simulator.py:305                                                         **************************************************************************************
INFO     cocotb:simulator.py:305 
INFO     cocotb:simulator.py:305 - :0: Verilog $finish
INFO     cocotb:simulator.py:262 Results file: /workspaces/lab-1-structural-verilog-isabellaPhung/part3/counter/build/width_p=7/9m_nnudz_results.xml
_____________ test_each_runner[test_name=fuzz_test_003-width_p=5] ______________
------------------------------ Captured log call -------------------------------
INFO     cocotb:simulator.py:334 Running command: perl /usr/local/bin/verilator -cc --exe -Mdir /workspaces/lab-1-structural-verilog-isabellaPhung/part3/counter/build/width_p=5 -DCOCOTB_SIM=1 --top-module counter --vpi --public-flat-rw --prefix Vtop -o counter -LDFLAGS -Wl,-rpath,/usr/local/lib/python3.10/dist-packages/cocotb/libs -L/usr/local/lib/python3.10/dist-packages/cocotb/libs -lcocotbvpi_verilator -Wno-fatal --trace-fst --trace-structs --timescale 1ps/1ps -Gwidth_p=5 /usr/local/lib/python3.10/dist-packages/cocotb/share/lib/verilator/verilator.cpp /workspaces/lab-1-structural-verilog-isabellaPhung/part3/counter/counter.sv /workspaces/lab-1-structural-verilog-isabellaPhung/part2/mux2/mux2.sv /workspaces/lab-1-structural-verilog-isabellaPhung/part3/counter/mux.sv /workspaces/lab-1-structural-verilog-isabellaPhung/part2/adder/adder.sv /workspaces/lab-1-structural-verilog-isabellaPhung/part2/full_add/full_add.sv /workspaces/lab-1-structural-verilog-isabellaPhung/part2/half_add/half_add.sv /workspaces/lab-1-structural-verilog-isabellaPhung/part2/xor2/xor2.sv /workspaces/lab-1-structural-verilog-isabellaPhung/provided/and2.sv /workspaces/lab-1-structural-verilog-isabellaPhung/provided/or2.sv /workspaces/lab-1-structural-verilog-isabellaPhung/provided/inv.sv /workspaces/lab-1-structural-verilog-isabellaPhung/provided/dff.sv /workspaces/lab-1-structural-verilog-isabellaPhung/provided/hex2ssd.sv
INFO     cocotb:simulator.py:334 Running command: make -C /workspaces/lab-1-structural-verilog-isabellaPhung/part3/counter/build/width_p=5 -f Vtop.mk
INFO     cocotb:simulator.py:305 make[1]: Entering directory '/workspaces/lab-1-structural-verilog-isabellaPhung/part3/counter/build/width_p=5'
INFO     cocotb:simulator.py:305 make[1]: Nothing to be done for 'default'.
INFO     cocotb:simulator.py:305 make[1]: Leaving directory '/workspaces/lab-1-structural-verilog-isabellaPhung/part3/counter/build/width_p=5'
INFO     cocotb:simulator.py:334 Running command: /workspaces/lab-1-structural-verilog-isabellaPhung/part3/counter/build/width_p=5/counter
INFO     cocotb:simulator.py:305      -.--ns INFO     gpi                                ..mbed/gpi_embed.cpp:79   in set_program_name_in_venv        Did not detect Python virtual environment. Using system-wide Python interpreter
INFO     cocotb:simulator.py:305      -.--ns INFO     gpi                                ../gpi/GpiCommon.cpp:101  in gpi_print_registered_impl       VPI registered
INFO     cocotb:simulator.py:305      0.00ns INFO     cocotb                             Running on Verilator version 5.020 2024-01-01
INFO     cocotb:simulator.py:305      0.00ns INFO     cocotb                             Running tests with cocotb v1.9.1 from /usr/local/lib/python3.10/dist-packages/cocotb
INFO     cocotb:simulator.py:305      0.00ns INFO     cocotb                             Seeding Python random module with 1727901267
INFO     cocotb:simulator.py:305      0.00ns INFO     cocotb.regression                  Found test test_counter.fuzz_test_003
INFO     cocotb:simulator.py:305      0.00ns INFO     cocotb.regression                  running fuzz_test_003 (1/1)
INFO     cocotb:simulator.py:305                                                           Automatically generated test
INFO     cocotb:simulator.py:305 
INFO     cocotb:simulator.py:305                                                           l: 1000
INFO     cocotb:simulator.py:305   1024.00ns INFO     cocotb.regression                  fuzz_test_003 passed
INFO     cocotb:simulator.py:305   1024.00ns INFO     cocotb.regression                  **************************************************************************************
INFO     cocotb:simulator.py:305                                                         ** TEST                          STATUS  SIM TIME (ns)  REAL TIME (s)  RATIO (ns/s) **
INFO     cocotb:simulator.py:305                                                         **************************************************************************************
INFO     cocotb:simulator.py:305                                                         ** test_counter.fuzz_test_003     PASS        1024.00           0.13       7609.33  **
INFO     cocotb:simulator.py:305                                                         **************************************************************************************
INFO     cocotb:simulator.py:305                                                         ** TESTS=1 PASS=1 FAIL=0 SKIP=0               1024.00           0.25       4115.75  **
INFO     cocotb:simulator.py:305                                                         **************************************************************************************
INFO     cocotb:simulator.py:305 
INFO     cocotb:simulator.py:305 - :0: Verilog $finish
INFO     cocotb:simulator.py:262 Results file: /workspaces/lab-1-structural-verilog-isabellaPhung/part3/counter/build/width_p=5/44ii4vir_results.xml
_____________ test_each_runner[test_name=fuzz_test_003-width_p=4] ______________
------------------------------ Captured log call -------------------------------
INFO     cocotb:simulator.py:334 Running command: perl /usr/local/bin/verilator -cc --exe -Mdir /workspaces/lab-1-structural-verilog-isabellaPhung/part3/counter/build/width_p=4 -DCOCOTB_SIM=1 --top-module counter --vpi --public-flat-rw --prefix Vtop -o counter -LDFLAGS -Wl,-rpath,/usr/local/lib/python3.10/dist-packages/cocotb/libs -L/usr/local/lib/python3.10/dist-packages/cocotb/libs -lcocotbvpi_verilator -Wno-fatal --trace-fst --trace-structs --timescale 1ps/1ps -Gwidth_p=4 /usr/local/lib/python3.10/dist-packages/cocotb/share/lib/verilator/verilator.cpp /workspaces/lab-1-structural-verilog-isabellaPhung/part3/counter/counter.sv /workspaces/lab-1-structural-verilog-isabellaPhung/part2/mux2/mux2.sv /workspaces/lab-1-structural-verilog-isabellaPhung/part3/counter/mux.sv /workspaces/lab-1-structural-verilog-isabellaPhung/part2/adder/adder.sv /workspaces/lab-1-structural-verilog-isabellaPhung/part2/full_add/full_add.sv /workspaces/lab-1-structural-verilog-isabellaPhung/part2/half_add/half_add.sv /workspaces/lab-1-structural-verilog-isabellaPhung/part2/xor2/xor2.sv /workspaces/lab-1-structural-verilog-isabellaPhung/provided/and2.sv /workspaces/lab-1-structural-verilog-isabellaPhung/provided/or2.sv /workspaces/lab-1-structural-verilog-isabellaPhung/provided/inv.sv /workspaces/lab-1-structural-verilog-isabellaPhung/provided/dff.sv /workspaces/lab-1-structural-verilog-isabellaPhung/provided/hex2ssd.sv
INFO     cocotb:simulator.py:334 Running command: make -C /workspaces/lab-1-structural-verilog-isabellaPhung/part3/counter/build/width_p=4 -f Vtop.mk
INFO     cocotb:simulator.py:305 make[1]: Entering directory '/workspaces/lab-1-structural-verilog-isabellaPhung/part3/counter/build/width_p=4'
INFO     cocotb:simulator.py:305 make[1]: Nothing to be done for 'default'.
INFO     cocotb:simulator.py:305 make[1]: Leaving directory '/workspaces/lab-1-structural-verilog-isabellaPhung/part3/counter/build/width_p=4'
INFO     cocotb:simulator.py:334 Running command: /workspaces/lab-1-structural-verilog-isabellaPhung/part3/counter/build/width_p=4/counter
INFO     cocotb:simulator.py:305      -.--ns INFO     gpi                                ..mbed/gpi_embed.cpp:79   in set_program_name_in_venv        Did not detect Python virtual environment. Using system-wide Python interpreter
INFO     cocotb:simulator.py:305      -.--ns INFO     gpi                                ../gpi/GpiCommon.cpp:101  in gpi_print_registered_impl       VPI registered
INFO     cocotb:simulator.py:305      0.00ns INFO     cocotb                             Running on Verilator version 5.020 2024-01-01
INFO     cocotb:simulator.py:305      0.00ns INFO     cocotb                             Running tests with cocotb v1.9.1 from /usr/local/lib/python3.10/dist-packages/cocotb
INFO     cocotb:simulator.py:305      0.00ns INFO     cocotb                             Seeding Python random module with 1727901268
INFO     cocotb:simulator.py:305      0.00ns INFO     cocotb.regression                  Found test test_counter.fuzz_test_003
INFO     cocotb:simulator.py:305      0.00ns INFO     cocotb.regression                  running fuzz_test_003 (1/1)
INFO     cocotb:simulator.py:305                                                           Automatically generated test
INFO     cocotb:simulator.py:305 
INFO     cocotb:simulator.py:305                                                           l: 1000
INFO     cocotb:simulator.py:305   1024.00ns INFO     cocotb.regression                  fuzz_test_003 passed
INFO     cocotb:simulator.py:305   1024.00ns INFO     cocotb.regression                  **************************************************************************************
INFO     cocotb:simulator.py:305                                                         ** TEST                          STATUS  SIM TIME (ns)  REAL TIME (s)  RATIO (ns/s) **
INFO     cocotb:simulator.py:305                                                         **************************************************************************************
INFO     cocotb:simulator.py:305                                                         ** test_counter.fuzz_test_003     PASS        1024.00           0.14       7327.54  **
INFO     cocotb:simulator.py:305                                                         **************************************************************************************
INFO     cocotb:simulator.py:305                                                         ** TESTS=1 PASS=1 FAIL=0 SKIP=0               1024.00           0.25       4038.86  **
INFO     cocotb:simulator.py:305                                                         **************************************************************************************
INFO     cocotb:simulator.py:305 
INFO     cocotb:simulator.py:305 - :0: Verilog $finish
INFO     cocotb:simulator.py:262 Results file: /workspaces/lab-1-structural-verilog-isabellaPhung/part3/counter/build/width_p=4/eg2gnq8b_results.xml
__________________________ test_all_runner[width_p=2] __________________________
------------------------------ Captured log call -------------------------------
INFO     cocotb:simulator.py:334 Running command: perl /usr/local/bin/verilator -cc --exe -Mdir /workspaces/lab-1-structural-verilog-isabellaPhung/part3/counter/build/width_p=2 -DCOCOTB_SIM=1 --top-module counter --vpi --public-flat-rw --prefix Vtop -o counter -LDFLAGS -Wl,-rpath,/usr/local/lib/python3.10/dist-packages/cocotb/libs -L/usr/local/lib/python3.10/dist-packages/cocotb/libs -lcocotbvpi_verilator -Wno-fatal --trace-fst --trace-structs --timescale 1ps/1ps -Gwidth_p=2 /usr/local/lib/python3.10/dist-packages/cocotb/share/lib/verilator/verilator.cpp /workspaces/lab-1-structural-verilog-isabellaPhung/part3/counter/counter.sv /workspaces/lab-1-structural-verilog-isabellaPhung/part2/mux2/mux2.sv /workspaces/lab-1-structural-verilog-isabellaPhung/part3/counter/mux.sv /workspaces/lab-1-structural-verilog-isabellaPhung/part2/adder/adder.sv /workspaces/lab-1-structural-verilog-isabellaPhung/part2/full_add/full_add.sv /workspaces/lab-1-structural-verilog-isabellaPhung/part2/half_add/half_add.sv /workspaces/lab-1-structural-verilog-isabellaPhung/part2/xor2/xor2.sv /workspaces/lab-1-structural-verilog-isabellaPhung/provided/and2.sv /workspaces/lab-1-structural-verilog-isabellaPhung/provided/or2.sv /workspaces/lab-1-structural-verilog-isabellaPhung/provided/inv.sv /workspaces/lab-1-structural-verilog-isabellaPhung/provided/dff.sv /workspaces/lab-1-structural-verilog-isabellaPhung/provided/hex2ssd.sv
INFO     cocotb:simulator.py:334 Running command: make -C /workspaces/lab-1-structural-verilog-isabellaPhung/part3/counter/build/width_p=2 -f Vtop.mk
INFO     cocotb:simulator.py:305 make[1]: Entering directory '/workspaces/lab-1-structural-verilog-isabellaPhung/part3/counter/build/width_p=2'
INFO     cocotb:simulator.py:305 make[1]: Nothing to be done for 'default'.
INFO     cocotb:simulator.py:305 make[1]: Leaving directory '/workspaces/lab-1-structural-verilog-isabellaPhung/part3/counter/build/width_p=2'
INFO     cocotb:simulator.py:334 Running command: /workspaces/lab-1-structural-verilog-isabellaPhung/part3/counter/build/width_p=2/counter
INFO     cocotb:simulator.py:305      -.--ns INFO     gpi                                ..mbed/gpi_embed.cpp:79   in set_program_name_in_venv        Did not detect Python virtual environment. Using system-wide Python interpreter
INFO     cocotb:simulator.py:305      -.--ns INFO     gpi                                ../gpi/GpiCommon.cpp:101  in gpi_print_registered_impl       VPI registered
INFO     cocotb:simulator.py:305      0.00ns INFO     cocotb                             Running on Verilator version 5.020 2024-01-01
INFO     cocotb:simulator.py:305      0.00ns INFO     cocotb                             Running tests with cocotb v1.9.1 from /usr/local/lib/python3.10/dist-packages/cocotb
INFO     cocotb:simulator.py:305      0.00ns INFO     cocotb                             Seeding Python random module with 1727901268
INFO     cocotb:simulator.py:305      0.00ns INFO     cocotb.regression                  Found test test_counter.reset_test
INFO     cocotb:simulator.py:305      0.00ns INFO     cocotb.regression                  Found test test_counter.up_test
INFO     cocotb:simulator.py:305      0.00ns INFO     cocotb.regression                  Found test test_counter.down_test
INFO     cocotb:simulator.py:305      0.00ns INFO     cocotb.regression                  Found test test_counter.updown_test
INFO     cocotb:simulator.py:305      0.00ns INFO     cocotb.regression                  Found test test_counter.overflow_test
INFO     cocotb:simulator.py:305      0.00ns INFO     cocotb.regression                  Found test test_counter.underflow_test
INFO     cocotb:simulator.py:305      0.00ns INFO     cocotb.regression                  Found test test_counter.fuzz_test_001
INFO     cocotb:simulator.py:305      0.00ns INFO     cocotb.regression                  Found test test_counter.fuzz_test_002
INFO     cocotb:simulator.py:305      0.00ns INFO     cocotb.regression                  Found test test_counter.fuzz_test_003
INFO     cocotb:simulator.py:305      0.00ns INFO     cocotb.regression                  running reset_test (1/9)
INFO     cocotb:simulator.py:305                                                           Test for Initialization
INFO     cocotb:simulator.py:305     22.50ns INFO     cocotb.regression                  reset_test passed
INFO     cocotb:simulator.py:305     22.50ns INFO     cocotb.regression                  running up_test (2/9)
INFO     cocotb:simulator.py:305                                                           Test up_i
INFO     cocotb:simulator.py:305     47.00ns INFO     cocotb.regression                  up_test passed
INFO     cocotb:simulator.py:305     47.00ns INFO     cocotb.regression                  running down_test (3/9)
INFO     cocotb:simulator.py:305                                                           Test down_i
INFO     cocotb:simulator.py:305     71.50ns INFO     cocotb.regression                  down_test passed
INFO     cocotb:simulator.py:305     71.50ns INFO     cocotb.regression                  running updown_test (4/9)
INFO     cocotb:simulator.py:305                                                           Test for up_i and down_i (Simultaneously)
INFO     cocotb:simulator.py:305     96.00ns INFO     cocotb.regression                  updown_test passed
INFO     cocotb:simulator.py:305     96.00ns INFO     cocotb.regression                  running overflow_test (5/9)
INFO     cocotb:simulator.py:305                                                           Test for Overflow
INFO     cocotb:simulator.py:305    123.00ns INFO     cocotb.regression                  overflow_test passed
INFO     cocotb:simulator.py:305    123.00ns INFO     cocotb.regression                  running underflow_test (6/9)
INFO     cocotb:simulator.py:305                                                           Test for Underflow
INFO     cocotb:simulator.py:305    147.01ns INFO     cocotb.regression                  underflow_test passed
INFO     cocotb:simulator.py:305    147.01ns INFO     cocotb.regression                  running fuzz_test_001 (7/9)
INFO     cocotb:simulator.py:305                                                           Automatically generated test
INFO     cocotb:simulator.py:305 
INFO     cocotb:simulator.py:305                                                           l: 10
INFO     cocotb:simulator.py:305    181.01ns INFO     cocotb.regression                  fuzz_test_001 passed
INFO     cocotb:simulator.py:305    181.01ns INFO     cocotb.regression                  running fuzz_test_002 (8/9)
INFO     cocotb:simulator.py:305                                                           Automatically generated test
INFO     cocotb:simulator.py:305 
INFO     cocotb:simulator.py:305                                                           l: 100
INFO     cocotb:simulator.py:305    305.01ns INFO     cocotb.regression                  fuzz_test_002 passed
INFO     cocotb:simulator.py:305    305.01ns INFO     cocotb.regression                  running fuzz_test_003 (9/9)
INFO     cocotb:simulator.py:305                                                           Automatically generated test
INFO     cocotb:simulator.py:305 
INFO     cocotb:simulator.py:305                                                           l: 1000
INFO     cocotb:simulator.py:305   1329.01ns INFO     cocotb.regression                  fuzz_test_003 passed
INFO     cocotb:simulator.py:305   1329.01ns INFO     cocotb.regression                  **************************************************************************************
INFO     cocotb:simulator.py:305                                                         ** TEST                          STATUS  SIM TIME (ns)  REAL TIME (s)  RATIO (ns/s) **
INFO     cocotb:simulator.py:305                                                         **************************************************************************************
INFO     cocotb:simulator.py:305                                                         ** test_counter.reset_test        PASS          22.50           0.00      10241.57  **
INFO     cocotb:simulator.py:305                                                         ** test_counter.up_test           PASS          24.50           0.00      11370.29  **
INFO     cocotb:simulator.py:305                                                         ** test_counter.down_test         PASS          24.50           0.00      11413.22  **
INFO     cocotb:simulator.py:305                                                         ** test_counter.updown_test       PASS          24.50           0.00      11394.24  **
INFO     cocotb:simulator.py:305                                                         ** test_counter.overflow_test     PASS          27.00           0.00      10334.01  **
INFO     cocotb:simulator.py:305                                                         ** test_counter.underflow_test    PASS          24.00           0.00      11191.49  **
INFO     cocotb:simulator.py:305                                                         ** test_counter.fuzz_test_001     PASS          34.00           0.00      10089.18  **
INFO     cocotb:simulator.py:305                                                         ** test_counter.fuzz_test_002     PASS         124.00           0.02       7864.42  **
INFO     cocotb:simulator.py:305                                                         ** test_counter.fuzz_test_003     PASS        1024.00           0.13       7681.99  **
INFO     cocotb:simulator.py:305                                                         **************************************************************************************
INFO     cocotb:simulator.py:305                                                         ** TESTS=9 PASS=9 FAIL=0 SKIP=0               1329.01           0.29       4600.57  **
INFO     cocotb:simulator.py:305                                                         **************************************************************************************
INFO     cocotb:simulator.py:305 
INFO     cocotb:simulator.py:305 - :0: Verilog $finish
INFO     cocotb:simulator.py:262 Results file: /workspaces/lab-1-structural-verilog-isabellaPhung/part3/counter/build/width_p=2/4cz70zxu_results.xml
__________________________ test_all_runner[width_p=7] __________________________
------------------------------ Captured log call -------------------------------
INFO     cocotb:simulator.py:334 Running command: perl /usr/local/bin/verilator -cc --exe -Mdir /workspaces/lab-1-structural-verilog-isabellaPhung/part3/counter/build/width_p=7 -DCOCOTB_SIM=1 --top-module counter --vpi --public-flat-rw --prefix Vtop -o counter -LDFLAGS -Wl,-rpath,/usr/local/lib/python3.10/dist-packages/cocotb/libs -L/usr/local/lib/python3.10/dist-packages/cocotb/libs -lcocotbvpi_verilator -Wno-fatal --trace-fst --trace-structs --timescale 1ps/1ps -Gwidth_p=7 /usr/local/lib/python3.10/dist-packages/cocotb/share/lib/verilator/verilator.cpp /workspaces/lab-1-structural-verilog-isabellaPhung/part3/counter/counter.sv /workspaces/lab-1-structural-verilog-isabellaPhung/part2/mux2/mux2.sv /workspaces/lab-1-structural-verilog-isabellaPhung/part3/counter/mux.sv /workspaces/lab-1-structural-verilog-isabellaPhung/part2/adder/adder.sv /workspaces/lab-1-structural-verilog-isabellaPhung/part2/full_add/full_add.sv /workspaces/lab-1-structural-verilog-isabellaPhung/part2/half_add/half_add.sv /workspaces/lab-1-structural-verilog-isabellaPhung/part2/xor2/xor2.sv /workspaces/lab-1-structural-verilog-isabellaPhung/provided/and2.sv /workspaces/lab-1-structural-verilog-isabellaPhung/provided/or2.sv /workspaces/lab-1-structural-verilog-isabellaPhung/provided/inv.sv /workspaces/lab-1-structural-verilog-isabellaPhung/provided/dff.sv /workspaces/lab-1-structural-verilog-isabellaPhung/provided/hex2ssd.sv
INFO     cocotb:simulator.py:334 Running command: make -C /workspaces/lab-1-structural-verilog-isabellaPhung/part3/counter/build/width_p=7 -f Vtop.mk
INFO     cocotb:simulator.py:305 make[1]: Entering directory '/workspaces/lab-1-structural-verilog-isabellaPhung/part3/counter/build/width_p=7'
INFO     cocotb:simulator.py:305 make[1]: Nothing to be done for 'default'.
INFO     cocotb:simulator.py:305 make[1]: Leaving directory '/workspaces/lab-1-structural-verilog-isabellaPhung/part3/counter/build/width_p=7'
INFO     cocotb:simulator.py:334 Running command: /workspaces/lab-1-structural-verilog-isabellaPhung/part3/counter/build/width_p=7/counter
INFO     cocotb:simulator.py:305      -.--ns INFO     gpi                                ..mbed/gpi_embed.cpp:79   in set_program_name_in_venv        Did not detect Python virtual environment. Using system-wide Python interpreter
INFO     cocotb:simulator.py:305      -.--ns INFO     gpi                                ../gpi/GpiCommon.cpp:101  in gpi_print_registered_impl       VPI registered
INFO     cocotb:simulator.py:305      0.00ns INFO     cocotb                             Running on Verilator version 5.020 2024-01-01
INFO     cocotb:simulator.py:305      0.00ns INFO     cocotb                             Running tests with cocotb v1.9.1 from /usr/local/lib/python3.10/dist-packages/cocotb
INFO     cocotb:simulator.py:305      0.00ns INFO     cocotb                             Seeding Python random module with 1727901269
INFO     cocotb:simulator.py:305      0.00ns INFO     cocotb.regression                  Found test test_counter.reset_test
INFO     cocotb:simulator.py:305      0.00ns INFO     cocotb.regression                  Found test test_counter.up_test
INFO     cocotb:simulator.py:305      0.00ns INFO     cocotb.regression                  Found test test_counter.down_test
INFO     cocotb:simulator.py:305      0.00ns INFO     cocotb.regression                  Found test test_counter.updown_test
INFO     cocotb:simulator.py:305      0.00ns INFO     cocotb.regression                  Found test test_counter.overflow_test
INFO     cocotb:simulator.py:305      0.00ns INFO     cocotb.regression                  Found test test_counter.underflow_test
INFO     cocotb:simulator.py:305      0.00ns INFO     cocotb.regression                  Found test test_counter.fuzz_test_001
INFO     cocotb:simulator.py:305      0.00ns INFO     cocotb.regression                  Found test test_counter.fuzz_test_002
INFO     cocotb:simulator.py:305      0.00ns INFO     cocotb.regression                  Found test test_counter.fuzz_test_003
INFO     cocotb:simulator.py:305      0.00ns INFO     cocotb.regression                  running reset_test (1/9)
INFO     cocotb:simulator.py:305                                                           Test for Initialization
INFO     cocotb:simulator.py:305     22.50ns INFO     cocotb.regression                  reset_test passed
INFO     cocotb:simulator.py:305     22.50ns INFO     cocotb.regression                  running up_test (2/9)
INFO     cocotb:simulator.py:305                                                           Test up_i
INFO     cocotb:simulator.py:305     47.00ns INFO     cocotb.regression                  up_test passed
INFO     cocotb:simulator.py:305     47.00ns INFO     cocotb.regression                  running down_test (3/9)
INFO     cocotb:simulator.py:305                                                           Test down_i
INFO     cocotb:simulator.py:305     71.50ns INFO     cocotb.regression                  down_test passed
INFO     cocotb:simulator.py:305     71.50ns INFO     cocotb.regression                  running updown_test (4/9)
INFO     cocotb:simulator.py:305                                                           Test for up_i and down_i (Simultaneously)
INFO     cocotb:simulator.py:305     96.00ns INFO     cocotb.regression                  updown_test passed
INFO     cocotb:simulator.py:305     96.00ns INFO     cocotb.regression                  running overflow_test (5/9)
INFO     cocotb:simulator.py:305                                                           Test for Overflow
INFO     cocotb:simulator.py:305    247.00ns INFO     cocotb.regression                  overflow_test passed
INFO     cocotb:simulator.py:305    247.00ns INFO     cocotb.regression                  running underflow_test (6/9)
INFO     cocotb:simulator.py:305                                                           Test for Underflow
INFO     cocotb:simulator.py:305    271.01ns INFO     cocotb.regression                  underflow_test passed
INFO     cocotb:simulator.py:305    271.01ns INFO     cocotb.regression                  running fuzz_test_001 (7/9)
INFO     cocotb:simulator.py:305                                                           Automatically generated test
INFO     cocotb:simulator.py:305 
INFO     cocotb:simulator.py:305                                                           l: 10
INFO     cocotb:simulator.py:305    305.01ns INFO     cocotb.regression                  fuzz_test_001 passed
INFO     cocotb:simulator.py:305    305.01ns INFO     cocotb.regression                  running fuzz_test_002 (8/9)
INFO     cocotb:simulator.py:305                                                           Automatically generated test
INFO     cocotb:simulator.py:305 
INFO     cocotb:simulator.py:305                                                           l: 100
INFO     cocotb:simulator.py:305    429.01ns INFO     cocotb.regression                  fuzz_test_002 passed
INFO     cocotb:simulator.py:305    429.01ns INFO     cocotb.regression                  running fuzz_test_003 (9/9)
INFO     cocotb:simulator.py:305                                                           Automatically generated test
INFO     cocotb:simulator.py:305 
INFO     cocotb:simulator.py:305                                                           l: 1000
INFO     cocotb:simulator.py:305   1453.01ns INFO     cocotb.regression                  fuzz_test_003 passed
INFO     cocotb:simulator.py:305   1453.01ns INFO     cocotb.regression                  **************************************************************************************
INFO     cocotb:simulator.py:305                                                         ** TEST                          STATUS  SIM TIME (ns)  REAL TIME (s)  RATIO (ns/s) **
INFO     cocotb:simulator.py:305                                                         **************************************************************************************
INFO     cocotb:simulator.py:305                                                         ** test_counter.reset_test        PASS          22.50           0.00      10401.86  **
INFO     cocotb:simulator.py:305                                                         ** test_counter.up_test           PASS          24.50           0.00      11369.03  **
INFO     cocotb:simulator.py:305                                                         ** test_counter.down_test         PASS          24.50           0.00      11736.48  **
INFO     cocotb:simulator.py:305                                                         ** test_counter.updown_test       PASS          24.50           0.00      11485.93  **
INFO     cocotb:simulator.py:305                                                         ** test_counter.overflow_test     PASS         151.00           0.02       8662.89  **
INFO     cocotb:simulator.py:305                                                         ** test_counter.underflow_test    PASS          24.00           0.00      11664.83  **
INFO     cocotb:simulator.py:305                                                         ** test_counter.fuzz_test_001     PASS          34.00           0.00      10538.76  **
INFO     cocotb:simulator.py:305                                                         ** test_counter.fuzz_test_002     PASS         124.00           0.02       8094.15  **
INFO     cocotb:simulator.py:305                                                         ** test_counter.fuzz_test_003     PASS        1024.00           0.13       7646.77  **
INFO     cocotb:simulator.py:305                                                         **************************************************************************************
INFO     cocotb:simulator.py:305                                                         ** TESTS=9 PASS=9 FAIL=0 SKIP=0               1453.01           0.30       4835.11  **
INFO     cocotb:simulator.py:305                                                         **************************************************************************************
INFO     cocotb:simulator.py:305 
INFO     cocotb:simulator.py:305 - :0: Verilog $finish
INFO     cocotb:simulator.py:262 Results file: /workspaces/lab-1-structural-verilog-isabellaPhung/part3/counter/build/width_p=7/mbbduomh_results.xml
__________________________ test_all_runner[width_p=5] __________________________
------------------------------ Captured log call -------------------------------
INFO     cocotb:simulator.py:334 Running command: perl /usr/local/bin/verilator -cc --exe -Mdir /workspaces/lab-1-structural-verilog-isabellaPhung/part3/counter/build/width_p=5 -DCOCOTB_SIM=1 --top-module counter --vpi --public-flat-rw --prefix Vtop -o counter -LDFLAGS -Wl,-rpath,/usr/local/lib/python3.10/dist-packages/cocotb/libs -L/usr/local/lib/python3.10/dist-packages/cocotb/libs -lcocotbvpi_verilator -Wno-fatal --trace-fst --trace-structs --timescale 1ps/1ps -Gwidth_p=5 /usr/local/lib/python3.10/dist-packages/cocotb/share/lib/verilator/verilator.cpp /workspaces/lab-1-structural-verilog-isabellaPhung/part3/counter/counter.sv /workspaces/lab-1-structural-verilog-isabellaPhung/part2/mux2/mux2.sv /workspaces/lab-1-structural-verilog-isabellaPhung/part3/counter/mux.sv /workspaces/lab-1-structural-verilog-isabellaPhung/part2/adder/adder.sv /workspaces/lab-1-structural-verilog-isabellaPhung/part2/full_add/full_add.sv /workspaces/lab-1-structural-verilog-isabellaPhung/part2/half_add/half_add.sv /workspaces/lab-1-structural-verilog-isabellaPhung/part2/xor2/xor2.sv /workspaces/lab-1-structural-verilog-isabellaPhung/provided/and2.sv /workspaces/lab-1-structural-verilog-isabellaPhung/provided/or2.sv /workspaces/lab-1-structural-verilog-isabellaPhung/provided/inv.sv /workspaces/lab-1-structural-verilog-isabellaPhung/provided/dff.sv /workspaces/lab-1-structural-verilog-isabellaPhung/provided/hex2ssd.sv
INFO     cocotb:simulator.py:334 Running command: make -C /workspaces/lab-1-structural-verilog-isabellaPhung/part3/counter/build/width_p=5 -f Vtop.mk
INFO     cocotb:simulator.py:305 make[1]: Entering directory '/workspaces/lab-1-structural-verilog-isabellaPhung/part3/counter/build/width_p=5'
INFO     cocotb:simulator.py:305 make[1]: Nothing to be done for 'default'.
INFO     cocotb:simulator.py:305 make[1]: Leaving directory '/workspaces/lab-1-structural-verilog-isabellaPhung/part3/counter/build/width_p=5'
INFO     cocotb:simulator.py:334 Running command: /workspaces/lab-1-structural-verilog-isabellaPhung/part3/counter/build/width_p=5/counter
INFO     cocotb:simulator.py:305      -.--ns INFO     gpi                                ..mbed/gpi_embed.cpp:79   in set_program_name_in_venv        Did not detect Python virtual environment. Using system-wide Python interpreter
INFO     cocotb:simulator.py:305      -.--ns INFO     gpi                                ../gpi/GpiCommon.cpp:101  in gpi_print_registered_impl       VPI registered
INFO     cocotb:simulator.py:305      0.00ns INFO     cocotb                             Running on Verilator version 5.020 2024-01-01
INFO     cocotb:simulator.py:305      0.00ns INFO     cocotb                             Running tests with cocotb v1.9.1 from /usr/local/lib/python3.10/dist-packages/cocotb
INFO     cocotb:simulator.py:305      0.00ns INFO     cocotb                             Seeding Python random module with 1727901269
INFO     cocotb:simulator.py:305      0.00ns INFO     cocotb.regression                  Found test test_counter.reset_test
INFO     cocotb:simulator.py:305      0.00ns INFO     cocotb.regression                  Found test test_counter.up_test
INFO     cocotb:simulator.py:305      0.00ns INFO     cocotb.regression                  Found test test_counter.down_test
INFO     cocotb:simulator.py:305      0.00ns INFO     cocotb.regression                  Found test test_counter.updown_test
INFO     cocotb:simulator.py:305      0.00ns INFO     cocotb.regression                  Found test test_counter.overflow_test
INFO     cocotb:simulator.py:305      0.00ns INFO     cocotb.regression                  Found test test_counter.underflow_test
INFO     cocotb:simulator.py:305      0.00ns INFO     cocotb.regression                  Found test test_counter.fuzz_test_001
INFO     cocotb:simulator.py:305      0.00ns INFO     cocotb.regression                  Found test test_counter.fuzz_test_002
INFO     cocotb:simulator.py:305      0.00ns INFO     cocotb.regression                  Found test test_counter.fuzz_test_003
INFO     cocotb:simulator.py:305      0.00ns INFO     cocotb.regression                  running reset_test (1/9)
INFO     cocotb:simulator.py:305                                                           Test for Initialization
INFO     cocotb:simulator.py:305     22.50ns INFO     cocotb.regression                  reset_test passed
INFO     cocotb:simulator.py:305     22.50ns INFO     cocotb.regression                  running up_test (2/9)
INFO     cocotb:simulator.py:305                                                           Test up_i
INFO     cocotb:simulator.py:305     47.00ns INFO     cocotb.regression                  up_test passed
INFO     cocotb:simulator.py:305     47.00ns INFO     cocotb.regression                  running down_test (3/9)
INFO     cocotb:simulator.py:305                                                           Test down_i
INFO     cocotb:simulator.py:305     71.50ns INFO     cocotb.regression                  down_test passed
INFO     cocotb:simulator.py:305     71.50ns INFO     cocotb.regression                  running updown_test (4/9)
INFO     cocotb:simulator.py:305                                                           Test for up_i and down_i (Simultaneously)
INFO     cocotb:simulator.py:305     96.00ns INFO     cocotb.regression                  updown_test passed
INFO     cocotb:simulator.py:305     96.00ns INFO     cocotb.regression                  running overflow_test (5/9)
INFO     cocotb:simulator.py:305                                                           Test for Overflow
INFO     cocotb:simulator.py:305    151.00ns INFO     cocotb.regression                  overflow_test passed
INFO     cocotb:simulator.py:305    151.00ns INFO     cocotb.regression                  running underflow_test (6/9)
INFO     cocotb:simulator.py:305                                                           Test for Underflow
INFO     cocotb:simulator.py:305    175.01ns INFO     cocotb.regression                  underflow_test passed
INFO     cocotb:simulator.py:305    175.01ns INFO     cocotb.regression                  running fuzz_test_001 (7/9)
INFO     cocotb:simulator.py:305                                                           Automatically generated test
INFO     cocotb:simulator.py:305 
INFO     cocotb:simulator.py:305                                                           l: 10
INFO     cocotb:simulator.py:305    209.01ns INFO     cocotb.regression                  fuzz_test_001 passed
INFO     cocotb:simulator.py:305    209.01ns INFO     cocotb.regression                  running fuzz_test_002 (8/9)
INFO     cocotb:simulator.py:305                                                           Automatically generated test
INFO     cocotb:simulator.py:305 
INFO     cocotb:simulator.py:305                                                           l: 100
INFO     cocotb:simulator.py:305    333.01ns INFO     cocotb.regression                  fuzz_test_002 passed
INFO     cocotb:simulator.py:305    333.01ns INFO     cocotb.regression                  running fuzz_test_003 (9/9)
INFO     cocotb:simulator.py:305                                                           Automatically generated test
INFO     cocotb:simulator.py:305 
INFO     cocotb:simulator.py:305                                                           l: 1000
INFO     cocotb:simulator.py:305   1357.01ns INFO     cocotb.regression                  fuzz_test_003 passed
INFO     cocotb:simulator.py:305   1357.01ns INFO     cocotb.regression                  **************************************************************************************
INFO     cocotb:simulator.py:305                                                         ** TEST                          STATUS  SIM TIME (ns)  REAL TIME (s)  RATIO (ns/s) **
INFO     cocotb:simulator.py:305                                                         **************************************************************************************
INFO     cocotb:simulator.py:305                                                         ** test_counter.reset_test        PASS          22.50           0.00       9934.32  **
INFO     cocotb:simulator.py:305                                                         ** test_counter.up_test           PASS          24.50           0.00      11299.03  **
INFO     cocotb:simulator.py:305                                                         ** test_counter.down_test         PASS          24.50           0.00      11297.78  **
INFO     cocotb:simulator.py:305                                                         ** test_counter.updown_test       PASS          24.50           0.00      11236.02  **
INFO     cocotb:simulator.py:305                                                         ** test_counter.overflow_test     PASS          55.00           0.01       8965.49  **
INFO     cocotb:simulator.py:305                                                         ** test_counter.underflow_test    PASS          24.00           0.00      11269.17  **
INFO     cocotb:simulator.py:305                                                         ** test_counter.fuzz_test_001     PASS          34.00           0.00      10226.64  **
INFO     cocotb:simulator.py:305                                                         ** test_counter.fuzz_test_002     PASS         124.00           0.02       8034.01  **
INFO     cocotb:simulator.py:305                                                         ** test_counter.fuzz_test_003     PASS        1024.00           0.13       7793.14  **
INFO     cocotb:simulator.py:305                                                         **************************************************************************************
INFO     cocotb:simulator.py:305                                                         ** TESTS=9 PASS=9 FAIL=0 SKIP=0               1357.01           0.29       4692.13  **
INFO     cocotb:simulator.py:305                                                         **************************************************************************************
INFO     cocotb:simulator.py:305 
INFO     cocotb:simulator.py:305 - :0: Verilog $finish
INFO     cocotb:simulator.py:262 Results file: /workspaces/lab-1-structural-verilog-isabellaPhung/part3/counter/build/width_p=5/8pbph0d2_results.xml
__________________________ test_all_runner[width_p=4] __________________________
------------------------------ Captured log call -------------------------------
INFO     cocotb:simulator.py:334 Running command: perl /usr/local/bin/verilator -cc --exe -Mdir /workspaces/lab-1-structural-verilog-isabellaPhung/part3/counter/build/width_p=4 -DCOCOTB_SIM=1 --top-module counter --vpi --public-flat-rw --prefix Vtop -o counter -LDFLAGS -Wl,-rpath,/usr/local/lib/python3.10/dist-packages/cocotb/libs -L/usr/local/lib/python3.10/dist-packages/cocotb/libs -lcocotbvpi_verilator -Wno-fatal --trace-fst --trace-structs --timescale 1ps/1ps -Gwidth_p=4 /usr/local/lib/python3.10/dist-packages/cocotb/share/lib/verilator/verilator.cpp /workspaces/lab-1-structural-verilog-isabellaPhung/part3/counter/counter.sv /workspaces/lab-1-structural-verilog-isabellaPhung/part2/mux2/mux2.sv /workspaces/lab-1-structural-verilog-isabellaPhung/part3/counter/mux.sv /workspaces/lab-1-structural-verilog-isabellaPhung/part2/adder/adder.sv /workspaces/lab-1-structural-verilog-isabellaPhung/part2/full_add/full_add.sv /workspaces/lab-1-structural-verilog-isabellaPhung/part2/half_add/half_add.sv /workspaces/lab-1-structural-verilog-isabellaPhung/part2/xor2/xor2.sv /workspaces/lab-1-structural-verilog-isabellaPhung/provided/and2.sv /workspaces/lab-1-structural-verilog-isabellaPhung/provided/or2.sv /workspaces/lab-1-structural-verilog-isabellaPhung/provided/inv.sv /workspaces/lab-1-structural-verilog-isabellaPhung/provided/dff.sv /workspaces/lab-1-structural-verilog-isabellaPhung/provided/hex2ssd.sv
INFO     cocotb:simulator.py:334 Running command: make -C /workspaces/lab-1-structural-verilog-isabellaPhung/part3/counter/build/width_p=4 -f Vtop.mk
INFO     cocotb:simulator.py:305 make[1]: Entering directory '/workspaces/lab-1-structural-verilog-isabellaPhung/part3/counter/build/width_p=4'
INFO     cocotb:simulator.py:305 make[1]: Nothing to be done for 'default'.
INFO     cocotb:simulator.py:305 make[1]: Leaving directory '/workspaces/lab-1-structural-verilog-isabellaPhung/part3/counter/build/width_p=4'
INFO     cocotb:simulator.py:334 Running command: /workspaces/lab-1-structural-verilog-isabellaPhung/part3/counter/build/width_p=4/counter
INFO     cocotb:simulator.py:305      -.--ns INFO     gpi                                ..mbed/gpi_embed.cpp:79   in set_program_name_in_venv        Did not detect Python virtual environment. Using system-wide Python interpreter
INFO     cocotb:simulator.py:305      -.--ns INFO     gpi                                ../gpi/GpiCommon.cpp:101  in gpi_print_registered_impl       VPI registered
INFO     cocotb:simulator.py:305      0.00ns INFO     cocotb                             Running on Verilator version 5.020 2024-01-01
INFO     cocotb:simulator.py:305      0.00ns INFO     cocotb                             Running tests with cocotb v1.9.1 from /usr/local/lib/python3.10/dist-packages/cocotb
INFO     cocotb:simulator.py:305      0.00ns INFO     cocotb                             Seeding Python random module with 1727901270
INFO     cocotb:simulator.py:305      0.00ns INFO     cocotb.regression                  Found test test_counter.reset_test
INFO     cocotb:simulator.py:305      0.00ns INFO     cocotb.regression                  Found test test_counter.up_test
INFO     cocotb:simulator.py:305      0.00ns INFO     cocotb.regression                  Found test test_counter.down_test
INFO     cocotb:simulator.py:305      0.00ns INFO     cocotb.regression                  Found test test_counter.updown_test
INFO     cocotb:simulator.py:305      0.00ns INFO     cocotb.regression                  Found test test_counter.overflow_test
INFO     cocotb:simulator.py:305      0.00ns INFO     cocotb.regression                  Found test test_counter.underflow_test
INFO     cocotb:simulator.py:305      0.00ns INFO     cocotb.regression                  Found test test_counter.fuzz_test_001
INFO     cocotb:simulator.py:305      0.00ns INFO     cocotb.regression                  Found test test_counter.fuzz_test_002
INFO     cocotb:simulator.py:305      0.00ns INFO     cocotb.regression                  Found test test_counter.fuzz_test_003
INFO     cocotb:simulator.py:305      0.00ns INFO     cocotb.regression                  running reset_test (1/9)
INFO     cocotb:simulator.py:305                                                           Test for Initialization
INFO     cocotb:simulator.py:305     22.50ns INFO     cocotb.regression                  reset_test passed
INFO     cocotb:simulator.py:305     22.50ns INFO     cocotb.regression                  running up_test (2/9)
INFO     cocotb:simulator.py:305                                                           Test up_i
INFO     cocotb:simulator.py:305     47.00ns INFO     cocotb.regression                  up_test passed
INFO     cocotb:simulator.py:305     47.00ns INFO     cocotb.regression                  running down_test (3/9)
INFO     cocotb:simulator.py:305                                                           Test down_i
INFO     cocotb:simulator.py:305     71.50ns INFO     cocotb.regression                  down_test passed
INFO     cocotb:simulator.py:305     71.50ns INFO     cocotb.regression                  running updown_test (4/9)
INFO     cocotb:simulator.py:305                                                           Test for up_i and down_i (Simultaneously)
INFO     cocotb:simulator.py:305     96.00ns INFO     cocotb.regression                  updown_test passed
INFO     cocotb:simulator.py:305     96.00ns INFO     cocotb.regression                  running overflow_test (5/9)
INFO     cocotb:simulator.py:305                                                           Test for Overflow
INFO     cocotb:simulator.py:305    135.00ns INFO     cocotb.regression                  overflow_test passed
INFO     cocotb:simulator.py:305    135.00ns INFO     cocotb.regression                  running underflow_test (6/9)
INFO     cocotb:simulator.py:305                                                           Test for Underflow
INFO     cocotb:simulator.py:305    159.01ns INFO     cocotb.regression                  underflow_test passed
INFO     cocotb:simulator.py:305    159.01ns INFO     cocotb.regression                  running fuzz_test_001 (7/9)
INFO     cocotb:simulator.py:305                                                           Automatically generated test
INFO     cocotb:simulator.py:305 
INFO     cocotb:simulator.py:305                                                           l: 10
INFO     cocotb:simulator.py:305    193.01ns INFO     cocotb.regression                  fuzz_test_001 passed
INFO     cocotb:simulator.py:305    193.01ns INFO     cocotb.regression                  running fuzz_test_002 (8/9)
INFO     cocotb:simulator.py:305                                                           Automatically generated test
INFO     cocotb:simulator.py:305 
INFO     cocotb:simulator.py:305                                                           l: 100
INFO     cocotb:simulator.py:305    317.01ns INFO     cocotb.regression                  fuzz_test_002 passed
INFO     cocotb:simulator.py:305    317.01ns INFO     cocotb.regression                  running fuzz_test_003 (9/9)
INFO     cocotb:simulator.py:305                                                           Automatically generated test
INFO     cocotb:simulator.py:305 
INFO     cocotb:simulator.py:305                                                           l: 1000
INFO     cocotb:simulator.py:305   1341.01ns INFO     cocotb.regression                  fuzz_test_003 passed
INFO     cocotb:simulator.py:305   1341.01ns INFO     cocotb.regression                  **************************************************************************************
INFO     cocotb:simulator.py:305                                                         ** TEST                          STATUS  SIM TIME (ns)  REAL TIME (s)  RATIO (ns/s) **
INFO     cocotb:simulator.py:305                                                         **************************************************************************************
INFO     cocotb:simulator.py:305                                                         ** test_counter.reset_test        PASS          22.50           0.00      10217.17  **
INFO     cocotb:simulator.py:305                                                         ** test_counter.up_test           PASS          24.50           0.00      11320.19  **
INFO     cocotb:simulator.py:305                                                         ** test_counter.down_test         PASS          24.50           0.00      11369.03  **
INFO     cocotb:simulator.py:305                                                         ** test_counter.updown_test       PASS          24.50           0.00      11680.45  **
INFO     cocotb:simulator.py:305                                                         ** test_counter.overflow_test     PASS          39.00           0.00       9133.56  **
INFO     cocotb:simulator.py:305                                                         ** test_counter.underflow_test    PASS          24.00           0.00      11216.43  **
INFO     cocotb:simulator.py:305                                                         ** test_counter.fuzz_test_001     PASS          34.00           0.00       9996.53  **
INFO     cocotb:simulator.py:305                                                         ** test_counter.fuzz_test_002     PASS         124.00           0.02       7861.69  **
INFO     cocotb:simulator.py:305                                                         ** test_counter.fuzz_test_003     PASS        1024.00           0.13       7621.04  **
INFO     cocotb:simulator.py:305                                                         **************************************************************************************
INFO     cocotb:simulator.py:305                                                         ** TESTS=9 PASS=9 FAIL=0 SKIP=0               1341.01           0.29       4643.97  **
INFO     cocotb:simulator.py:305                                                         **************************************************************************************
INFO     cocotb:simulator.py:305 
INFO     cocotb:simulator.py:305 - :0: Verilog $finish
INFO     cocotb:simulator.py:262 Results file: /workspaces/lab-1-structural-verilog-isabellaPhung/part3/counter/build/width_p=4/1f04azws_results.xml
____________________________ test_style[width_p=5] _____________________________
------------------------------ Captured log call -------------------------------
INFO     cocotb:simulator.py:334 Running command: perl /usr/local/bin/verilator -cc --exe -Mdir /workspaces/lab-1-structural-verilog-isabellaPhung/part3/counter/lint -DCOCOTB_SIM=1 --top-module counter --vpi --public-flat-rw --prefix Vtop -o counter -LDFLAGS -Wl,-rpath,/usr/local/lib/python3.10/dist-packages/cocotb/libs -L/usr/local/lib/python3.10/dist-packages/cocotb/libs -lcocotbvpi_verilator --lint-only -Wwarn-style -Wno-lint --timescale 1ps/1ps -Gwidth_p=5 /usr/local/lib/python3.10/dist-packages/cocotb/share/lib/verilator/verilator.cpp /workspaces/lab-1-structural-verilog-isabellaPhung/part3/counter/counter.sv /workspaces/lab-1-structural-verilog-isabellaPhung/part2/mux2/mux2.sv /workspaces/lab-1-structural-verilog-isabellaPhung/part3/counter/mux.sv /workspaces/lab-1-structural-verilog-isabellaPhung/part2/adder/adder.sv /workspaces/lab-1-structural-verilog-isabellaPhung/part2/full_add/full_add.sv /workspaces/lab-1-structural-verilog-isabellaPhung/part2/half_add/half_add.sv /workspaces/lab-1-structural-verilog-isabellaPhung/part2/xor2/xor2.sv /workspaces/lab-1-structural-verilog-isabellaPhung/provided/and2.sv /workspaces/lab-1-structural-verilog-isabellaPhung/provided/or2.sv /workspaces/lab-1-structural-verilog-isabellaPhung/provided/inv.sv /workspaces/lab-1-structural-verilog-isabellaPhung/provided/dff.sv /workspaces/lab-1-structural-verilog-isabellaPhung/provided/hex2ssd.sv
INFO     cocotb:simulator.py:334 Running command: make -C /workspaces/lab-1-structural-verilog-isabellaPhung/part3/counter/lint -f Vtop.mk -n
INFO     cocotb:simulator.py:305 make[1]: Entering directory '/workspaces/lab-1-structural-verilog-isabellaPhung/part3/counter/lint'
INFO     cocotb:simulator.py:305 make[1]: Nothing to be done for 'all'.
INFO     cocotb:simulator.py:305 make[1]: Leaving directory '/workspaces/lab-1-structural-verilog-isabellaPhung/part3/counter/lint'
INFO     cocotb:simulator.py:262 Results file: /workspaces/lab-1-structural-verilog-isabellaPhung/part3/counter/lint/pac7z7eb_results.xml
=========================== short test summary info ============================
PASSED test_counter.py::test_each_runner[test_name=reset_test-width_p=2]
PASSED test_counter.py::test_each_runner[test_name=reset_test-width_p=7]
PASSED test_counter.py::test_each_runner[test_name=reset_test-width_p=5]
PASSED test_counter.py::test_each_runner[test_name=reset_test-width_p=4]
PASSED test_counter.py::test_each_runner[test_name=up_test-width_p=2]
PASSED test_counter.py::test_each_runner[test_name=up_test-width_p=7]
PASSED test_counter.py::test_each_runner[test_name=up_test-width_p=5]
PASSED test_counter.py::test_each_runner[test_name=up_test-width_p=4]
PASSED test_counter.py::test_each_runner[test_name=down_test-width_p=2]
PASSED test_counter.py::test_each_runner[test_name=down_test-width_p=7]
PASSED test_counter.py::test_each_runner[test_name=down_test-width_p=5]
PASSED test_counter.py::test_each_runner[test_name=down_test-width_p=4]
PASSED test_counter.py::test_each_runner[test_name=updown_test-width_p=2]
PASSED test_counter.py::test_each_runner[test_name=updown_test-width_p=7]
PASSED test_counter.py::test_each_runner[test_name=updown_test-width_p=5]
PASSED test_counter.py::test_each_runner[test_name=updown_test-width_p=4]
PASSED test_counter.py::test_each_runner[test_name=overflow_test-width_p=2]
PASSED test_counter.py::test_each_runner[test_name=overflow_test-width_p=7]
PASSED test_counter.py::test_each_runner[test_name=overflow_test-width_p=5]
PASSED test_counter.py::test_each_runner[test_name=overflow_test-width_p=4]
PASSED test_counter.py::test_each_runner[test_name=underflow_test-width_p=2]
PASSED test_counter.py::test_each_runner[test_name=underflow_test-width_p=7]
PASSED test_counter.py::test_each_runner[test_name=underflow_test-width_p=5]
PASSED test_counter.py::test_each_runner[test_name=underflow_test-width_p=4]
PASSED test_counter.py::test_each_runner[test_name=fuzz_test_001-width_p=2]
PASSED test_counter.py::test_each_runner[test_name=fuzz_test_001-width_p=7]
PASSED test_counter.py::test_each_runner[test_name=fuzz_test_001-width_p=5]
PASSED test_counter.py::test_each_runner[test_name=fuzz_test_001-width_p=4]
PASSED test_counter.py::test_each_runner[test_name=fuzz_test_002-width_p=2]
PASSED test_counter.py::test_each_runner[test_name=fuzz_test_002-width_p=7]
PASSED test_counter.py::test_each_runner[test_name=fuzz_test_002-width_p=5]
PASSED test_counter.py::test_each_runner[test_name=fuzz_test_002-width_p=4]
PASSED test_counter.py::test_each_runner[test_name=fuzz_test_003-width_p=2]
PASSED test_counter.py::test_each_runner[test_name=fuzz_test_003-width_p=7]
PASSED test_counter.py::test_each_runner[test_name=fuzz_test_003-width_p=5]
PASSED test_counter.py::test_each_runner[test_name=fuzz_test_003-width_p=4]
PASSED test_counter.py::test_all_runner[width_p=2]
PASSED test_counter.py::test_all_runner[width_p=7]
PASSED test_counter.py::test_all_runner[width_p=5]
PASSED test_counter.py::test_all_runner[width_p=4]
PASSED test_counter.py::test_style[width_p=5]
FAILED test_counter.py::test_lint[width_p=5] - SystemExit: Process perl termi...
======================== 1 failed, 41 passed in 15.76s =========================
